2019-02-15 10:41:12.203 INFO [main][StartupInfoLogger.java:50] - Starting SpringbootdemoApplication on LAPTOP-H48RG5JN with PID 10680 (E:\user\docs\workspace\IdeaProjects\springbootdemo\target\classes started by yxb in E:\user\docs\workspace\IdeaProjects\springbootdemo)
2019-02-15 10:41:12.227 INFO [main][SpringApplication.java:679] - The following profiles are active: dev
2019-02-15 10:41:15.086 INFO [main][RepositoryConfigurationDelegate.java:126] - Bootstrapping Spring Data repositories in DEFAULT mode.
2019-02-15 10:41:15.117 INFO [main][RepositoryConfigurationDelegate.java:182] - Finished Spring Data repository scanning in 23ms. Found 0 repository interfaces.
2019-02-15 10:41:15.446 INFO [main][PostProcessorRegistrationDelegate.java:330] - Bean 'org.springframework.transaction.annotation.ProxyTransactionManagementConfiguration' of type [org.springframework.transaction.annotation.ProxyTransactionManagementConfiguration$$EnhancerBySpringCGLIB$$20dd94d] is not eligible for getting processed by all BeanPostProcessors (for example: not eligible for auto-proxying)
2019-02-15 10:41:15.479 INFO [main][PostProcessorRegistrationDelegate.java:330] - Bean 'org.springframework.security.config.annotation.configuration.ObjectPostProcessorConfiguration' of type [org.springframework.security.config.annotation.configuration.ObjectPostProcessorConfiguration$$EnhancerBySpringCGLIB$$9abba187] is not eligible for getting processed by all BeanPostProcessors (for example: not eligible for auto-proxying)
2019-02-15 10:41:15.483 INFO [main][PostProcessorRegistrationDelegate.java:330] - Bean 'objectPostProcessor' of type [org.springframework.security.config.annotation.configuration.AutowireBeanFactoryObjectPostProcessor] is not eligible for getting processed by all BeanPostProcessors (for example: not eligible for auto-proxying)
2019-02-15 10:41:15.485 INFO [main][PostProcessorRegistrationDelegate.java:330] - Bean 'org.springframework.security.access.expression.method.DefaultMethodSecurityExpressionHandler@4068102e' of type [org.springframework.security.access.expression.method.DefaultMethodSecurityExpressionHandler] is not eligible for getting processed by all BeanPostProcessors (for example: not eligible for auto-proxying)
2019-02-15 10:41:15.486 INFO [main][PostProcessorRegistrationDelegate.java:330] - Bean 'org.springframework.security.config.annotation.method.configuration.GlobalMethodSecurityConfiguration' of type [org.springframework.security.config.annotation.method.configuration.GlobalMethodSecurityConfiguration$$EnhancerBySpringCGLIB$$bf904439] is not eligible for getting processed by all BeanPostProcessors (for example: not eligible for auto-proxying)
2019-02-15 10:41:15.492 INFO [main][PostProcessorRegistrationDelegate.java:330] - Bean 'org.springframework.security.config.annotation.method.configuration.Jsr250MetadataSourceConfiguration' of type [org.springframework.security.config.annotation.method.configuration.Jsr250MetadataSourceConfiguration$$EnhancerBySpringCGLIB$$e4e55c4f] is not eligible for getting processed by all BeanPostProcessors (for example: not eligible for auto-proxying)
2019-02-15 10:41:15.494 INFO [main][PostProcessorRegistrationDelegate.java:330] - Bean 'jsr250MethodSecurityMetadataSource' of type [org.springframework.security.access.annotation.Jsr250MethodSecurityMetadataSource] is not eligible for getting processed by all BeanPostProcessors (for example: not eligible for auto-proxying)
2019-02-15 10:41:15.495 INFO [main][PostProcessorRegistrationDelegate.java:330] - Bean 'methodSecurityMetadataSource' of type [org.springframework.security.access.method.DelegatingMethodSecurityMetadataSource] is not eligible for getting processed by all BeanPostProcessors (for example: not eligible for auto-proxying)
2019-02-15 10:41:15.907 INFO [main][TomcatWebServer.java:90] - Tomcat initialized with port(s): 53010 (http)
2019-02-15 10:41:15.968 INFO [main][DirectJDKLog.java:173] - Initializing ProtocolHandler ["http-nio-53010"]
2019-02-15 10:41:15.977 INFO [main][DirectJDKLog.java:173] - Starting service [Tomcat]
2019-02-15 10:41:15.977 INFO [main][DirectJDKLog.java:173] - Starting Servlet Engine: Apache Tomcat/9.0.13
2019-02-15 10:41:15.983 INFO [main][DirectJDKLog.java:173] - The APR based Apache Tomcat Native library which allows optimal performance in production environments was not found on the java.library.path: [C:\Program Files\Java\jdk1.8.0_131\bin;C:\Windows\Sun\Java\bin;C:\Windows\system32;C:\Windows;D:\Program Files (x86)\java64\jdk1.7.0_80\bin;D:\Program Files (x86)\java64\jre7\bin;C:\Program Files (x86)\Intel\Intel(R) Management Engine Components\iCLS\;C:\Program Files\Intel\Intel(R) Management Engine Components\iCLS\;C:\Windows\system32;C:\Windows;C:\Windows\System32\Wbem;C:\Windows\System32\WindowsPowerShell\v1.0\;C:\Windows\System32\OpenSSH\;C:\Program Files (x86)\Intel\Intel(R) Management Engine Components\DAL;C:\Program Files\Intel\Intel(R) Management Engine Components\DAL;C:\Program Files (x86)\Intel\Intel(R) Management Engine Components\IPT;C:\Program Files\Intel\Intel(R) Management Engine Components\IPT;C:\Program Files (x86)\NVIDIA Corporation\PhysX\Common;C:\Program Files\Intel\WiFi\bin\;C:\Program Files\Common Files\Intel\WirelessCommon\;C:\Program Files\Git\cmd;D:\apache-maven-3.0.4\M3_HOME\bin;C:\Program Files\PuTTY\;D:\apps\oracle\product\11.2.0\dbhome_1\bin;C:\Users\yxb\AppData\Local\Microsoft\WindowsApps;;.]
2019-02-15 10:41:16.186 INFO [main][DirectJDKLog.java:173] - Initializing Spring embedded WebApplicationContext
2019-02-15 10:41:16.186 INFO [main][ServletWebServerApplicationContext.java:296] - Root WebApplicationContext: initialization completed in 3893 ms
2019-02-15 10:41:16.300 INFO [main][DruidDataSourceAutoConfigure.java:56] - Init DruidDataSource
2019-02-15 10:41:18.529 INFO [main][DruidDataSource.java:930] - {dataSource-1} inited
2019-02-15 10:41:18.798 INFO [main][LogHelper.java:31] - HHH000204: Processing PersistenceUnitInfo [
	name: default
	...]
2019-02-15 10:41:18.879 INFO [main][Version.java:46] - HHH000412: Hibernate Core {5.3.7.Final}
2019-02-15 10:41:18.880 INFO [main][Environment.java:213] - HHH000206: hibernate.properties not found
2019-02-15 10:41:19.099 INFO [main][JavaReflectionManager.java:49] - HCANN000001: Hibernate Commons Annotations {5.0.4.Final}
2019-02-15 10:41:19.583 INFO [main][Dialect.java:157] - HHH000400: Using dialect: org.hibernate.dialect.MySQL5Dialect
2019-02-15 10:41:20.007 INFO [main][AbstractEntityManagerFactoryBean.java:415] - Initialized JPA EntityManagerFactory for persistence unit 'default'
2019-02-15 10:41:20.503 WARN [main][JpaBaseConfiguration.java:234] - spring.jpa.open-in-view is enabled by default. Therefore, database queries may be performed during view rendering. Explicitly configure spring.jpa.open-in-view to disable this warning
2019-02-15 10:41:20.824 INFO [main][DefaultSecurityFilterChain.java:43] - Creating filter chain: any request, [org.springframework.security.web.context.request.async.WebAsyncManagerIntegrationFilter@12fccff0, org.springframework.security.web.context.SecurityContextPersistenceFilter@2fca3eb5, org.springframework.security.web.header.HeaderWriterFilter@2296127, org.springframework.security.web.csrf.CsrfFilter@18907af2, org.springframework.security.web.authentication.logout.LogoutFilter@70f4f89e, org.springframework.security.web.authentication.UsernamePasswordAuthenticationFilter@5280688, org.springframework.security.web.savedrequest.RequestCacheAwareFilter@7cb29ea8, org.springframework.security.web.servletapi.SecurityContextHolderAwareRequestFilter@5c5a91b4, org.springframework.security.web.authentication.AnonymousAuthenticationFilter@5d767218, org.springframework.security.web.session.SessionManagementFilter@1d283d1, org.springframework.security.web.access.ExceptionTranslationFilter@4cb24e2, org.springframework.security.web.access.intercept.FilterSecurityInterceptor@6f8667bb]
2019-02-15 10:41:21.028 INFO [main][PropertySourcedRequestMappingHandlerMapping.java:69] - Mapped URL path [/v2/api-docs] onto method [public org.springframework.http.ResponseEntity<springfox.documentation.spring.web.json.Json> springfox.documentation.swagger2.web.Swagger2Controller.getDocumentation(java.lang.String,javax.servlet.http.HttpServletRequest)]
2019-02-15 10:41:21.241 INFO [main][ExecutorConfigurationSupport.java:171] - Initializing ExecutorService 'applicationTaskExecutor'
2019-02-15 10:41:21.668 INFO [main][WelcomePageHandlerMapping.java:61] - Adding welcome page template: index
2019-02-15 10:41:21.804 INFO [main][DocumentationPluginsBootstrapper.java:160] - Context refreshed
2019-02-15 10:41:22.100 INFO [main][DocumentationPluginsBootstrapper.java:163] - Found 1 custom documentation plugin(s)
2019-02-15 10:41:22.138 INFO [main][ApiListingReferenceScanner.java:41] - Scanning for api listing references
2019-02-15 10:41:22.379 INFO [main][CachingOperationNameGenerator.java:40] - Generating unique operation named: sayUsingGET_1
2019-02-15 10:41:22.399 INFO [main][DirectJDKLog.java:173] - Starting ProtocolHandler ["http-nio-53010"]
2019-02-15 10:41:22.411 INFO [main][DirectJDKLog.java:173] - Using a shared selector for servlet write/read
2019-02-15 10:41:22.448 INFO [main][TomcatWebServer.java:204] - Tomcat started on port(s): 53010 (http) with context path ''
2019-02-15 10:41:22.451 INFO [main][StartupInfoLogger.java:59] - Started SpringbootdemoApplication in 12.426 seconds (JVM running for 14.139)
2019-02-15 10:48:29.156 INFO [http-nio-53010-exec-2][DirectJDKLog.java:173] - Initializing Spring DispatcherServlet 'dispatcherServlet'
2019-02-15 10:48:29.157 INFO [http-nio-53010-exec-2][FrameworkServlet.java:524] - Initializing Servlet 'dispatcherServlet'
2019-02-15 10:48:29.168 INFO [http-nio-53010-exec-2][FrameworkServlet.java:546] - Completed initialization in 11 ms
2019-02-15 10:51:40.869 INFO [main][StartupInfoLogger.java:50] - Starting SpringbootdemoApplication on LAPTOP-H48RG5JN with PID 20796 (E:\user\docs\workspace\IdeaProjects\springbootdemo\target\classes started by yxb in E:\user\docs\workspace\IdeaProjects\springbootdemo)
2019-02-15 10:51:40.878 INFO [main][SpringApplication.java:679] - The following profiles are active: dev
2019-02-15 10:51:41.759 INFO [main][RepositoryConfigurationDelegate.java:126] - Bootstrapping Spring Data repositories in DEFAULT mode.
2019-02-15 10:51:41.788 INFO [main][RepositoryConfigurationDelegate.java:182] - Finished Spring Data repository scanning in 23ms. Found 0 repository interfaces.
2019-02-15 10:51:42.042 INFO [main][PostProcessorRegistrationDelegate.java:330] - Bean 'org.springframework.transaction.annotation.ProxyTransactionManagementConfiguration' of type [org.springframework.transaction.annotation.ProxyTransactionManagementConfiguration$$EnhancerBySpringCGLIB$$cae82fe1] is not eligible for getting processed by all BeanPostProcessors (for example: not eligible for auto-proxying)
2019-02-15 10:51:42.073 INFO [main][PostProcessorRegistrationDelegate.java:330] - Bean 'org.springframework.security.config.annotation.configuration.ObjectPostProcessorConfiguration' of type [org.springframework.security.config.annotation.configuration.ObjectPostProcessorConfiguration$$EnhancerBySpringCGLIB$$6395f81b] is not eligible for getting processed by all BeanPostProcessors (for example: not eligible for auto-proxying)
2019-02-15 10:51:42.077 INFO [main][PostProcessorRegistrationDelegate.java:330] - Bean 'objectPostProcessor' of type [org.springframework.security.config.annotation.configuration.AutowireBeanFactoryObjectPostProcessor] is not eligible for getting processed by all BeanPostProcessors (for example: not eligible for auto-proxying)
2019-02-15 10:51:42.079 INFO [main][PostProcessorRegistrationDelegate.java:330] - Bean 'org.springframework.security.access.expression.method.DefaultMethodSecurityExpressionHandler@1e43e323' of type [org.springframework.security.access.expression.method.DefaultMethodSecurityExpressionHandler] is not eligible for getting processed by all BeanPostProcessors (for example: not eligible for auto-proxying)
2019-02-15 10:51:42.082 INFO [main][PostProcessorRegistrationDelegate.java:330] - Bean 'org.springframework.security.config.annotation.method.configuration.GlobalMethodSecurityConfiguration' of type [org.springframework.security.config.annotation.method.configuration.GlobalMethodSecurityConfiguration$$EnhancerBySpringCGLIB$$886a9acd] is not eligible for getting processed by all BeanPostProcessors (for example: not eligible for auto-proxying)
2019-02-15 10:51:42.088 INFO [main][PostProcessorRegistrationDelegate.java:330] - Bean 'org.springframework.security.config.annotation.method.configuration.Jsr250MetadataSourceConfiguration' of type [org.springframework.security.config.annotation.method.configuration.Jsr250MetadataSourceConfiguration$$EnhancerBySpringCGLIB$$adbfb2e3] is not eligible for getting processed by all BeanPostProcessors (for example: not eligible for auto-proxying)
2019-02-15 10:51:42.089 INFO [main][PostProcessorRegistrationDelegate.java:330] - Bean 'jsr250MethodSecurityMetadataSource' of type [org.springframework.security.access.annotation.Jsr250MethodSecurityMetadataSource] is not eligible for getting processed by all BeanPostProcessors (for example: not eligible for auto-proxying)
2019-02-15 10:51:42.090 INFO [main][PostProcessorRegistrationDelegate.java:330] - Bean 'methodSecurityMetadataSource' of type [org.springframework.security.access.method.DelegatingMethodSecurityMetadataSource] is not eligible for getting processed by all BeanPostProcessors (for example: not eligible for auto-proxying)
2019-02-15 10:51:42.366 INFO [main][TomcatWebServer.java:90] - Tomcat initialized with port(s): 53010 (http)
2019-02-15 10:51:42.376 INFO [main][DirectJDKLog.java:173] - Initializing ProtocolHandler ["http-nio-53010"]
2019-02-15 10:51:42.385 INFO [main][DirectJDKLog.java:173] - Starting service [Tomcat]
2019-02-15 10:51:42.386 INFO [main][DirectJDKLog.java:173] - Starting Servlet Engine: Apache Tomcat/9.0.13
2019-02-15 10:51:42.445 INFO [main][DirectJDKLog.java:173] - The APR based Apache Tomcat Native library which allows optimal performance in production environments was not found on the java.library.path: [C:\Program Files\Java\jdk1.8.0_131\bin;C:\Windows\Sun\Java\bin;C:\Windows\system32;C:\Windows;D:\Program Files (x86)\java64\jdk1.7.0_80\bin;D:\Program Files (x86)\java64\jre7\bin;C:\Program Files (x86)\Intel\Intel(R) Management Engine Components\iCLS\;C:\Program Files\Intel\Intel(R) Management Engine Components\iCLS\;C:\Windows\system32;C:\Windows;C:\Windows\System32\Wbem;C:\Windows\System32\WindowsPowerShell\v1.0\;C:\Windows\System32\OpenSSH\;C:\Program Files (x86)\Intel\Intel(R) Management Engine Components\DAL;C:\Program Files\Intel\Intel(R) Management Engine Components\DAL;C:\Program Files (x86)\Intel\Intel(R) Management Engine Components\IPT;C:\Program Files\Intel\Intel(R) Management Engine Components\IPT;C:\Program Files (x86)\NVIDIA Corporation\PhysX\Common;C:\Program Files\Intel\WiFi\bin\;C:\Program Files\Common Files\Intel\WirelessCommon\;C:\Program Files\Git\cmd;D:\apache-maven-3.0.4\M3_HOME\bin;C:\Program Files\PuTTY\;D:\apps\oracle\product\11.2.0\dbhome_1\bin;C:\Users\yxb\AppData\Local\Microsoft\WindowsApps;;.]
2019-02-15 10:51:42.578 INFO [main][DirectJDKLog.java:173] - Initializing Spring embedded WebApplicationContext
2019-02-15 10:51:42.579 INFO [main][ServletWebServerApplicationContext.java:296] - Root WebApplicationContext: initialization completed in 1658 ms
2019-02-15 10:51:42.670 INFO [main][DruidDataSourceAutoConfigure.java:56] - Init DruidDataSource
2019-02-15 10:51:44.732 INFO [main][DruidDataSource.java:930] - {dataSource-1} inited
2019-02-15 10:51:44.865 INFO [main][LogHelper.java:31] - HHH000204: Processing PersistenceUnitInfo [
	name: default
	...]
2019-02-15 10:51:44.918 INFO [main][Version.java:46] - HHH000412: Hibernate Core {5.3.7.Final}
2019-02-15 10:51:44.919 INFO [main][Environment.java:213] - HHH000206: hibernate.properties not found
2019-02-15 10:51:45.034 INFO [main][JavaReflectionManager.java:49] - HCANN000001: Hibernate Commons Annotations {5.0.4.Final}
2019-02-15 10:51:45.310 INFO [main][Dialect.java:157] - HHH000400: Using dialect: org.hibernate.dialect.MySQL5Dialect
2019-02-15 10:51:45.461 INFO [main][AbstractEntityManagerFactoryBean.java:415] - Initialized JPA EntityManagerFactory for persistence unit 'default'
2019-02-15 10:51:45.863 WARN [main][JpaBaseConfiguration.java:234] - spring.jpa.open-in-view is enabled by default. Therefore, database queries may be performed during view rendering. Explicitly configure spring.jpa.open-in-view to disable this warning
2019-02-15 10:51:46.102 INFO [main][DefaultSecurityFilterChain.java:43] - Creating filter chain: any request, [org.springframework.security.web.context.request.async.WebAsyncManagerIntegrationFilter@2b2a4332, org.springframework.security.web.context.SecurityContextPersistenceFilter@63485d7, org.springframework.security.web.header.HeaderWriterFilter@766b6d02, org.springframework.security.web.csrf.CsrfFilter@ad0bb4e, org.springframework.security.web.authentication.logout.LogoutFilter@4e4f4092, org.springframework.security.web.authentication.UsernamePasswordAuthenticationFilter@34fcd292, org.springframework.security.web.savedrequest.RequestCacheAwareFilter@59a09be, org.springframework.security.web.servletapi.SecurityContextHolderAwareRequestFilter@3d512652, org.springframework.security.web.authentication.AnonymousAuthenticationFilter@2cbe455c, org.springframework.security.web.session.SessionManagementFilter@5c4f4330, org.springframework.security.web.access.ExceptionTranslationFilter@653a5967, org.springframework.security.web.access.intercept.FilterSecurityInterceptor@658e7ead]
2019-02-15 10:51:46.127 INFO [main][PropertySourcedRequestMappingHandlerMapping.java:69] - Mapped URL path [/v2/api-docs] onto method [public org.springframework.http.ResponseEntity<springfox.documentation.spring.web.json.Json> springfox.documentation.swagger2.web.Swagger2Controller.getDocumentation(java.lang.String,javax.servlet.http.HttpServletRequest)]
2019-02-15 10:51:46.260 INFO [main][ExecutorConfigurationSupport.java:171] - Initializing ExecutorService 'applicationTaskExecutor'
2019-02-15 10:51:46.459 INFO [main][DocumentationPluginsBootstrapper.java:160] - Context refreshed
2019-02-15 10:51:46.475 INFO [main][DocumentationPluginsBootstrapper.java:163] - Found 1 custom documentation plugin(s)
2019-02-15 10:51:46.501 INFO [main][ApiListingReferenceScanner.java:41] - Scanning for api listing references
2019-02-15 10:51:46.625 INFO [main][CachingOperationNameGenerator.java:40] - Generating unique operation named: sayUsingGET_1
2019-02-15 10:51:46.639 INFO [main][DirectJDKLog.java:173] - Starting ProtocolHandler ["http-nio-53010"]
2019-02-15 10:51:46.649 INFO [main][DirectJDKLog.java:173] - Using a shared selector for servlet write/read
2019-02-15 10:51:46.663 INFO [main][TomcatWebServer.java:204] - Tomcat started on port(s): 53010 (http) with context path ''
2019-02-15 10:51:46.666 INFO [main][StartupInfoLogger.java:59] - Started SpringbootdemoApplication in 6.356 seconds (JVM running for 7.445)
2019-02-15 10:51:54.665 INFO [http-nio-53010-exec-1][DirectJDKLog.java:173] - Initializing Spring DispatcherServlet 'dispatcherServlet'
2019-02-15 10:51:54.665 INFO [http-nio-53010-exec-1][FrameworkServlet.java:524] - Initializing Servlet 'dispatcherServlet'
2019-02-15 10:51:54.674 INFO [http-nio-53010-exec-1][FrameworkServlet.java:546] - Completed initialization in 9 ms
2019-02-15 10:51:54.772 ERROR [http-nio-53010-exec-1][DirectJDKLog.java:175] - Servlet.service() for servlet [dispatcherServlet] in context with path [] threw exception [Circular view path [login]: would dispatch back to the current handler URL [/login] again. Check your ViewResolver setup! (Hint: This may be the result of an unspecified view, due to default view name generation.)] with root cause
javax.servlet.ServletException: Circular view path [login]: would dispatch back to the current handler URL [/login] again. Check your ViewResolver setup! (Hint: This may be the result of an unspecified view, due to default view name generation.)
	at org.springframework.web.servlet.view.InternalResourceView.prepareForRendering(InternalResourceView.java:209)
	at org.springframework.web.servlet.view.InternalResourceView.renderMergedOutputModel(InternalResourceView.java:147)
	at org.springframework.web.servlet.view.AbstractView.render(AbstractView.java:316)
	at org.springframework.web.servlet.DispatcherServlet.render(DispatcherServlet.java:1370)
	at org.springframework.web.servlet.DispatcherServlet.processDispatchResult(DispatcherServlet.java:1116)
	at org.springframework.web.servlet.DispatcherServlet.doDispatch(DispatcherServlet.java:1055)
	at org.springframework.web.servlet.DispatcherServlet.doService(DispatcherServlet.java:942)
	at org.springframework.web.servlet.FrameworkServlet.processRequest(FrameworkServlet.java:1005)
	at org.springframework.web.servlet.FrameworkServlet.doGet(FrameworkServlet.java:897)
	at javax.servlet.http.HttpServlet.service(HttpServlet.java:634)
	at org.springframework.web.servlet.FrameworkServlet.service(FrameworkServlet.java:882)
	at javax.servlet.http.HttpServlet.service(HttpServlet.java:741)
	at org.apache.catalina.core.ApplicationFilterChain.internalDoFilter(ApplicationFilterChain.java:231)
	at org.apache.catalina.core.ApplicationFilterChain.doFilter(ApplicationFilterChain.java:166)
	at org.apache.tomcat.websocket.server.WsFilter.doFilter(WsFilter.java:53)
	at org.apache.catalina.core.ApplicationFilterChain.internalDoFilter(ApplicationFilterChain.java:193)
	at org.apache.catalina.core.ApplicationFilterChain.doFilter(ApplicationFilterChain.java:166)
	at com.alibaba.druid.support.http.WebStatFilter.doFilter(WebStatFilter.java:123)
	at org.apache.catalina.core.ApplicationFilterChain.internalDoFilter(ApplicationFilterChain.java:193)
	at org.apache.catalina.core.ApplicationFilterChain.doFilter(ApplicationFilterChain.java:166)
	at org.springframework.security.web.FilterChainProxy$VirtualFilterChain.doFilter(FilterChainProxy.java:320)
	at org.springframework.security.web.access.intercept.FilterSecurityInterceptor.invoke(FilterSecurityInterceptor.java:127)
	at org.springframework.security.web.access.intercept.FilterSecurityInterceptor.doFilter(FilterSecurityInterceptor.java:91)
	at org.springframework.security.web.FilterChainProxy$VirtualFilterChain.doFilter(FilterChainProxy.java:334)
	at org.springframework.security.web.access.ExceptionTranslationFilter.doFilter(ExceptionTranslationFilter.java:119)
	at org.springframework.security.web.FilterChainProxy$VirtualFilterChain.doFilter(FilterChainProxy.java:334)
	at org.springframework.security.web.session.SessionManagementFilter.doFilter(SessionManagementFilter.java:137)
	at org.springframework.security.web.FilterChainProxy$VirtualFilterChain.doFilter(FilterChainProxy.java:334)
	at org.springframework.security.web.authentication.AnonymousAuthenticationFilter.doFilter(AnonymousAuthenticationFilter.java:111)
	at org.springframework.security.web.FilterChainProxy$VirtualFilterChain.doFilter(FilterChainProxy.java:334)
	at org.springframework.security.web.servletapi.SecurityContextHolderAwareRequestFilter.doFilter(SecurityContextHolderAwareRequestFilter.java:170)
	at org.springframework.security.web.FilterChainProxy$VirtualFilterChain.doFilter(FilterChainProxy.java:334)
	at org.springframework.security.web.savedrequest.RequestCacheAwareFilter.doFilter(RequestCacheAwareFilter.java:63)
	at org.springframework.security.web.FilterChainProxy$VirtualFilterChain.doFilter(FilterChainProxy.java:334)
	at org.springframework.security.web.authentication.AbstractAuthenticationProcessingFilter.doFilter(AbstractAuthenticationProcessingFilter.java:200)
	at org.springframework.security.web.FilterChainProxy$VirtualFilterChain.doFilter(FilterChainProxy.java:334)
	at org.springframework.security.web.authentication.logout.LogoutFilter.doFilter(LogoutFilter.java:116)
	at org.springframework.security.web.FilterChainProxy$VirtualFilterChain.doFilter(FilterChainProxy.java:334)
	at org.springframework.security.web.csrf.CsrfFilter.doFilterInternal(CsrfFilter.java:100)
	at org.springframework.web.filter.OncePerRequestFilter.doFilter(OncePerRequestFilter.java:107)
	at org.springframework.security.web.FilterChainProxy$VirtualFilterChain.doFilter(FilterChainProxy.java:334)
	at org.springframework.security.web.header.HeaderWriterFilter.doFilterInternal(HeaderWriterFilter.java:74)
	at org.springframework.web.filter.OncePerRequestFilter.doFilter(OncePerRequestFilter.java:107)
	at org.springframework.security.web.FilterChainProxy$VirtualFilterChain.doFilter(FilterChainProxy.java:334)
	at org.springframework.security.web.context.SecurityContextPersistenceFilter.doFilter(SecurityContextPersistenceFilter.java:105)
	at org.springframework.security.web.FilterChainProxy$VirtualFilterChain.doFilter(FilterChainProxy.java:334)
	at org.springframework.security.web.context.request.async.WebAsyncManagerIntegrationFilter.doFilterInternal(WebAsyncManagerIntegrationFilter.java:56)
	at org.springframework.web.filter.OncePerRequestFilter.doFilter(OncePerRequestFilter.java:107)
	at org.springframework.security.web.FilterChainProxy$VirtualFilterChain.doFilter(FilterChainProxy.java:334)
	at org.springframework.security.web.FilterChainProxy.doFilterInternal(FilterChainProxy.java:215)
	at org.springframework.security.web.FilterChainProxy.doFilter(FilterChainProxy.java:178)
	at org.springframework.web.filter.DelegatingFilterProxy.invokeDelegate(DelegatingFilterProxy.java:357)
	at org.springframework.web.filter.DelegatingFilterProxy.doFilter(DelegatingFilterProxy.java:270)
	at org.apache.catalina.core.ApplicationFilterChain.internalDoFilter(ApplicationFilterChain.java:193)
	at org.apache.catalina.core.ApplicationFilterChain.doFilter(ApplicationFilterChain.java:166)
	at org.springframework.web.filter.RequestContextFilter.doFilterInternal(RequestContextFilter.java:99)
	at org.springframework.web.filter.OncePerRequestFilter.doFilter(OncePerRequestFilter.java:107)
	at org.apache.catalina.core.ApplicationFilterChain.internalDoFilter(ApplicationFilterChain.java:193)
	at org.apache.catalina.core.ApplicationFilterChain.doFilter(ApplicationFilterChain.java:166)
	at org.springframework.web.filter.FormContentFilter.doFilterInternal(FormContentFilter.java:92)
	at org.springframework.web.filter.OncePerRequestFilter.doFilter(OncePerRequestFilter.java:107)
	at org.apache.catalina.core.ApplicationFilterChain.internalDoFilter(ApplicationFilterChain.java:193)
	at org.apache.catalina.core.ApplicationFilterChain.doFilter(ApplicationFilterChain.java:166)
	at org.springframework.web.filter.HiddenHttpMethodFilter.doFilterInternal(HiddenHttpMethodFilter.java:93)
	at org.springframework.web.filter.OncePerRequestFilter.doFilter(OncePerRequestFilter.java:107)
	at org.apache.catalina.core.ApplicationFilterChain.internalDoFilter(ApplicationFilterChain.java:193)
	at org.apache.catalina.core.ApplicationFilterChain.doFilter(ApplicationFilterChain.java:166)
	at org.springframework.web.filter.CharacterEncodingFilter.doFilterInternal(CharacterEncodingFilter.java:200)
	at org.springframework.web.filter.OncePerRequestFilter.doFilter(OncePerRequestFilter.java:107)
	at org.apache.catalina.core.ApplicationFilterChain.internalDoFilter(ApplicationFilterChain.java:193)
	at org.apache.catalina.core.ApplicationFilterChain.doFilter(ApplicationFilterChain.java:166)
	at org.apache.catalina.core.StandardWrapperValve.invoke(StandardWrapperValve.java:199)
	at org.apache.catalina.core.StandardContextValve.invoke(StandardContextValve.java:96)
	at org.apache.catalina.authenticator.AuthenticatorBase.invoke(AuthenticatorBase.java:490)
	at org.apache.catalina.core.StandardHostValve.invoke(StandardHostValve.java:139)
	at org.apache.catalina.valves.ErrorReportValve.invoke(ErrorReportValve.java:92)
	at org.apache.catalina.core.StandardEngineValve.invoke(StandardEngineValve.java:74)
	at org.apache.catalina.connector.CoyoteAdapter.service(CoyoteAdapter.java:343)
	at org.apache.coyote.http11.Http11Processor.service(Http11Processor.java:408)
	at org.apache.coyote.AbstractProcessorLight.process(AbstractProcessorLight.java:66)
	at org.apache.coyote.AbstractProtocol$ConnectionHandler.process(AbstractProtocol.java:791)
	at org.apache.tomcat.util.net.NioEndpoint$SocketProcessor.doRun(NioEndpoint.java:1417)
	at org.apache.tomcat.util.net.SocketProcessorBase.run(SocketProcessorBase.java:49)
	at java.util.concurrent.ThreadPoolExecutor.runWorker(ThreadPoolExecutor.java:1142)
	at java.util.concurrent.ThreadPoolExecutor$Worker.run(ThreadPoolExecutor.java:617)
	at org.apache.tomcat.util.threads.TaskThread$WrappingRunnable.run(TaskThread.java:61)
	at java.lang.Thread.run(Thread.java:748)
2019-02-15 10:51:55.035 ERROR [http-nio-53010-exec-3][DirectJDKLog.java:175] - Servlet.service() for servlet [dispatcherServlet] in context with path [] threw exception [Circular view path [login]: would dispatch back to the current handler URL [/login] again. Check your ViewResolver setup! (Hint: This may be the result of an unspecified view, due to default view name generation.)] with root cause
javax.servlet.ServletException: Circular view path [login]: would dispatch back to the current handler URL [/login] again. Check your ViewResolver setup! (Hint: This may be the result of an unspecified view, due to default view name generation.)
	at org.springframework.web.servlet.view.InternalResourceView.prepareForRendering(InternalResourceView.java:209)
	at org.springframework.web.servlet.view.InternalResourceView.renderMergedOutputModel(InternalResourceView.java:147)
	at org.springframework.web.servlet.view.AbstractView.render(AbstractView.java:316)
	at org.springframework.web.servlet.DispatcherServlet.render(DispatcherServlet.java:1370)
	at org.springframework.web.servlet.DispatcherServlet.processDispatchResult(DispatcherServlet.java:1116)
	at org.springframework.web.servlet.DispatcherServlet.doDispatch(DispatcherServlet.java:1055)
	at org.springframework.web.servlet.DispatcherServlet.doService(DispatcherServlet.java:942)
	at org.springframework.web.servlet.FrameworkServlet.processRequest(FrameworkServlet.java:1005)
	at org.springframework.web.servlet.FrameworkServlet.doGet(FrameworkServlet.java:897)
	at javax.servlet.http.HttpServlet.service(HttpServlet.java:634)
	at org.springframework.web.servlet.FrameworkServlet.service(FrameworkServlet.java:882)
	at javax.servlet.http.HttpServlet.service(HttpServlet.java:741)
	at org.apache.catalina.core.ApplicationFilterChain.internalDoFilter(ApplicationFilterChain.java:231)
	at org.apache.catalina.core.ApplicationFilterChain.doFilter(ApplicationFilterChain.java:166)
	at org.apache.tomcat.websocket.server.WsFilter.doFilter(WsFilter.java:53)
	at org.apache.catalina.core.ApplicationFilterChain.internalDoFilter(ApplicationFilterChain.java:193)
	at org.apache.catalina.core.ApplicationFilterChain.doFilter(ApplicationFilterChain.java:166)
	at com.alibaba.druid.support.http.WebStatFilter.doFilter(WebStatFilter.java:123)
	at org.apache.catalina.core.ApplicationFilterChain.internalDoFilter(ApplicationFilterChain.java:193)
	at org.apache.catalina.core.ApplicationFilterChain.doFilter(ApplicationFilterChain.java:166)
	at org.springframework.security.web.FilterChainProxy$VirtualFilterChain.doFilter(FilterChainProxy.java:320)
	at org.springframework.security.web.access.intercept.FilterSecurityInterceptor.invoke(FilterSecurityInterceptor.java:127)
	at org.springframework.security.web.access.intercept.FilterSecurityInterceptor.doFilter(FilterSecurityInterceptor.java:91)
	at org.springframework.security.web.FilterChainProxy$VirtualFilterChain.doFilter(FilterChainProxy.java:334)
	at org.springframework.security.web.access.ExceptionTranslationFilter.doFilter(ExceptionTranslationFilter.java:119)
	at org.springframework.security.web.FilterChainProxy$VirtualFilterChain.doFilter(FilterChainProxy.java:334)
	at org.springframework.security.web.session.SessionManagementFilter.doFilter(SessionManagementFilter.java:137)
	at org.springframework.security.web.FilterChainProxy$VirtualFilterChain.doFilter(FilterChainProxy.java:334)
	at org.springframework.security.web.authentication.AnonymousAuthenticationFilter.doFilter(AnonymousAuthenticationFilter.java:111)
	at org.springframework.security.web.FilterChainProxy$VirtualFilterChain.doFilter(FilterChainProxy.java:334)
	at org.springframework.security.web.servletapi.SecurityContextHolderAwareRequestFilter.doFilter(SecurityContextHolderAwareRequestFilter.java:170)
	at org.springframework.security.web.FilterChainProxy$VirtualFilterChain.doFilter(FilterChainProxy.java:334)
	at org.springframework.security.web.savedrequest.RequestCacheAwareFilter.doFilter(RequestCacheAwareFilter.java:63)
	at org.springframework.security.web.FilterChainProxy$VirtualFilterChain.doFilter(FilterChainProxy.java:334)
	at org.springframework.security.web.authentication.AbstractAuthenticationProcessingFilter.doFilter(AbstractAuthenticationProcessingFilter.java:200)
	at org.springframework.security.web.FilterChainProxy$VirtualFilterChain.doFilter(FilterChainProxy.java:334)
	at org.springframework.security.web.authentication.logout.LogoutFilter.doFilter(LogoutFilter.java:116)
	at org.springframework.security.web.FilterChainProxy$VirtualFilterChain.doFilter(FilterChainProxy.java:334)
	at org.springframework.security.web.csrf.CsrfFilter.doFilterInternal(CsrfFilter.java:100)
	at org.springframework.web.filter.OncePerRequestFilter.doFilter(OncePerRequestFilter.java:107)
	at org.springframework.security.web.FilterChainProxy$VirtualFilterChain.doFilter(FilterChainProxy.java:334)
	at org.springframework.security.web.header.HeaderWriterFilter.doFilterInternal(HeaderWriterFilter.java:74)
	at org.springframework.web.filter.OncePerRequestFilter.doFilter(OncePerRequestFilter.java:107)
	at org.springframework.security.web.FilterChainProxy$VirtualFilterChain.doFilter(FilterChainProxy.java:334)
	at org.springframework.security.web.context.SecurityContextPersistenceFilter.doFilter(SecurityContextPersistenceFilter.java:105)
	at org.springframework.security.web.FilterChainProxy$VirtualFilterChain.doFilter(FilterChainProxy.java:334)
	at org.springframework.security.web.context.request.async.WebAsyncManagerIntegrationFilter.doFilterInternal(WebAsyncManagerIntegrationFilter.java:56)
	at org.springframework.web.filter.OncePerRequestFilter.doFilter(OncePerRequestFilter.java:107)
	at org.springframework.security.web.FilterChainProxy$VirtualFilterChain.doFilter(FilterChainProxy.java:334)
	at org.springframework.security.web.FilterChainProxy.doFilterInternal(FilterChainProxy.java:215)
	at org.springframework.security.web.FilterChainProxy.doFilter(FilterChainProxy.java:178)
	at org.springframework.web.filter.DelegatingFilterProxy.invokeDelegate(DelegatingFilterProxy.java:357)
	at org.springframework.web.filter.DelegatingFilterProxy.doFilter(DelegatingFilterProxy.java:270)
	at org.apache.catalina.core.ApplicationFilterChain.internalDoFilter(ApplicationFilterChain.java:193)
	at org.apache.catalina.core.ApplicationFilterChain.doFilter(ApplicationFilterChain.java:166)
	at org.springframework.web.filter.RequestContextFilter.doFilterInternal(RequestContextFilter.java:99)
	at org.springframework.web.filter.OncePerRequestFilter.doFilter(OncePerRequestFilter.java:107)
	at org.apache.catalina.core.ApplicationFilterChain.internalDoFilter(ApplicationFilterChain.java:193)
	at org.apache.catalina.core.ApplicationFilterChain.doFilter(ApplicationFilterChain.java:166)
	at org.springframework.web.filter.FormContentFilter.doFilterInternal(FormContentFilter.java:92)
	at org.springframework.web.filter.OncePerRequestFilter.doFilter(OncePerRequestFilter.java:107)
	at org.apache.catalina.core.ApplicationFilterChain.internalDoFilter(ApplicationFilterChain.java:193)
	at org.apache.catalina.core.ApplicationFilterChain.doFilter(ApplicationFilterChain.java:166)
	at org.springframework.web.filter.HiddenHttpMethodFilter.doFilterInternal(HiddenHttpMethodFilter.java:93)
	at org.springframework.web.filter.OncePerRequestFilter.doFilter(OncePerRequestFilter.java:107)
	at org.apache.catalina.core.ApplicationFilterChain.internalDoFilter(ApplicationFilterChain.java:193)
	at org.apache.catalina.core.ApplicationFilterChain.doFilter(ApplicationFilterChain.java:166)
	at org.springframework.web.filter.CharacterEncodingFilter.doFilterInternal(CharacterEncodingFilter.java:200)
	at org.springframework.web.filter.OncePerRequestFilter.doFilter(OncePerRequestFilter.java:107)
	at org.apache.catalina.core.ApplicationFilterChain.internalDoFilter(ApplicationFilterChain.java:193)
	at org.apache.catalina.core.ApplicationFilterChain.doFilter(ApplicationFilterChain.java:166)
	at org.apache.catalina.core.StandardWrapperValve.invoke(StandardWrapperValve.java:199)
	at org.apache.catalina.core.StandardContextValve.invoke(StandardContextValve.java:96)
	at org.apache.catalina.authenticator.AuthenticatorBase.invoke(AuthenticatorBase.java:490)
	at org.apache.catalina.core.StandardHostValve.invoke(StandardHostValve.java:139)
	at org.apache.catalina.valves.ErrorReportValve.invoke(ErrorReportValve.java:92)
	at org.apache.catalina.core.StandardEngineValve.invoke(StandardEngineValve.java:74)
	at org.apache.catalina.connector.CoyoteAdapter.service(CoyoteAdapter.java:343)
	at org.apache.coyote.http11.Http11Processor.service(Http11Processor.java:408)
	at org.apache.coyote.AbstractProcessorLight.process(AbstractProcessorLight.java:66)
	at org.apache.coyote.AbstractProtocol$ConnectionHandler.process(AbstractProtocol.java:791)
	at org.apache.tomcat.util.net.NioEndpoint$SocketProcessor.doRun(NioEndpoint.java:1417)
	at org.apache.tomcat.util.net.SocketProcessorBase.run(SocketProcessorBase.java:49)
	at java.util.concurrent.ThreadPoolExecutor.runWorker(ThreadPoolExecutor.java:1142)
	at java.util.concurrent.ThreadPoolExecutor$Worker.run(ThreadPoolExecutor.java:617)
	at org.apache.tomcat.util.threads.TaskThread$WrappingRunnable.run(TaskThread.java:61)
	at java.lang.Thread.run(Thread.java:748)
2019-02-15 10:52:45.534 INFO [main][StartupInfoLogger.java:50] - Starting SpringbootdemoApplication on LAPTOP-H48RG5JN with PID 11156 (E:\user\docs\workspace\IdeaProjects\springbootdemo\target\classes started by yxb in E:\user\docs\workspace\IdeaProjects\springbootdemo)
2019-02-15 10:52:45.544 INFO [main][SpringApplication.java:679] - The following profiles are active: dev
2019-02-15 10:52:46.421 INFO [main][RepositoryConfigurationDelegate.java:126] - Bootstrapping Spring Data repositories in DEFAULT mode.
2019-02-15 10:52:46.454 INFO [main][RepositoryConfigurationDelegate.java:182] - Finished Spring Data repository scanning in 28ms. Found 0 repository interfaces.
2019-02-15 10:52:46.784 INFO [main][PostProcessorRegistrationDelegate.java:330] - Bean 'org.springframework.transaction.annotation.ProxyTransactionManagementConfiguration' of type [org.springframework.transaction.annotation.ProxyTransactionManagementConfiguration$$EnhancerBySpringCGLIB$$840697b7] is not eligible for getting processed by all BeanPostProcessors (for example: not eligible for auto-proxying)
2019-02-15 10:52:46.963 INFO [main][PostProcessorRegistrationDelegate.java:330] - Bean 'org.springframework.security.config.annotation.configuration.ObjectPostProcessorConfiguration' of type [org.springframework.security.config.annotation.configuration.ObjectPostProcessorConfiguration$$EnhancerBySpringCGLIB$$1cb45ff1] is not eligible for getting processed by all BeanPostProcessors (for example: not eligible for auto-proxying)
2019-02-15 10:52:47.009 INFO [main][PostProcessorRegistrationDelegate.java:330] - Bean 'objectPostProcessor' of type [org.springframework.security.config.annotation.configuration.AutowireBeanFactoryObjectPostProcessor] is not eligible for getting processed by all BeanPostProcessors (for example: not eligible for auto-proxying)
2019-02-15 10:52:47.014 INFO [main][PostProcessorRegistrationDelegate.java:330] - Bean 'org.springframework.security.access.expression.method.DefaultMethodSecurityExpressionHandler@435e60ff' of type [org.springframework.security.access.expression.method.DefaultMethodSecurityExpressionHandler] is not eligible for getting processed by all BeanPostProcessors (for example: not eligible for auto-proxying)
2019-02-15 10:52:47.016 INFO [main][PostProcessorRegistrationDelegate.java:330] - Bean 'org.springframework.security.config.annotation.method.configuration.GlobalMethodSecurityConfiguration' of type [org.springframework.security.config.annotation.method.configuration.GlobalMethodSecurityConfiguration$$EnhancerBySpringCGLIB$$418902a3] is not eligible for getting processed by all BeanPostProcessors (for example: not eligible for auto-proxying)
2019-02-15 10:52:47.028 INFO [main][PostProcessorRegistrationDelegate.java:330] - Bean 'org.springframework.security.config.annotation.method.configuration.Jsr250MetadataSourceConfiguration' of type [org.springframework.security.config.annotation.method.configuration.Jsr250MetadataSourceConfiguration$$EnhancerBySpringCGLIB$$66de1ab9] is not eligible for getting processed by all BeanPostProcessors (for example: not eligible for auto-proxying)
2019-02-15 10:52:47.034 INFO [main][PostProcessorRegistrationDelegate.java:330] - Bean 'jsr250MethodSecurityMetadataSource' of type [org.springframework.security.access.annotation.Jsr250MethodSecurityMetadataSource] is not eligible for getting processed by all BeanPostProcessors (for example: not eligible for auto-proxying)
2019-02-15 10:52:47.036 INFO [main][PostProcessorRegistrationDelegate.java:330] - Bean 'methodSecurityMetadataSource' of type [org.springframework.security.access.method.DelegatingMethodSecurityMetadataSource] is not eligible for getting processed by all BeanPostProcessors (for example: not eligible for auto-proxying)
2019-02-15 10:52:47.618 INFO [main][TomcatWebServer.java:90] - Tomcat initialized with port(s): 53010 (http)
2019-02-15 10:52:47.637 INFO [main][DirectJDKLog.java:173] - Initializing ProtocolHandler ["http-nio-53010"]
2019-02-15 10:52:47.652 INFO [main][DirectJDKLog.java:173] - Starting service [Tomcat]
2019-02-15 10:52:47.653 INFO [main][DirectJDKLog.java:173] - Starting Servlet Engine: Apache Tomcat/9.0.13
2019-02-15 10:52:47.765 INFO [main][DirectJDKLog.java:173] - The APR based Apache Tomcat Native library which allows optimal performance in production environments was not found on the java.library.path: [C:\Program Files\Java\jdk1.8.0_131\bin;C:\Windows\Sun\Java\bin;C:\Windows\system32;C:\Windows;D:\Program Files (x86)\java64\jdk1.7.0_80\bin;D:\Program Files (x86)\java64\jre7\bin;C:\Program Files (x86)\Intel\Intel(R) Management Engine Components\iCLS\;C:\Program Files\Intel\Intel(R) Management Engine Components\iCLS\;C:\Windows\system32;C:\Windows;C:\Windows\System32\Wbem;C:\Windows\System32\WindowsPowerShell\v1.0\;C:\Windows\System32\OpenSSH\;C:\Program Files (x86)\Intel\Intel(R) Management Engine Components\DAL;C:\Program Files\Intel\Intel(R) Management Engine Components\DAL;C:\Program Files (x86)\Intel\Intel(R) Management Engine Components\IPT;C:\Program Files\Intel\Intel(R) Management Engine Components\IPT;C:\Program Files (x86)\NVIDIA Corporation\PhysX\Common;C:\Program Files\Intel\WiFi\bin\;C:\Program Files\Common Files\Intel\WirelessCommon\;C:\Program Files\Git\cmd;D:\apache-maven-3.0.4\M3_HOME\bin;C:\Program Files\PuTTY\;D:\apps\oracle\product\11.2.0\dbhome_1\bin;C:\Users\yxb\AppData\Local\Microsoft\WindowsApps;;.]
2019-02-15 10:52:47.985 INFO [main][DirectJDKLog.java:173] - Initializing Spring embedded WebApplicationContext
2019-02-15 10:52:47.985 INFO [main][ServletWebServerApplicationContext.java:296] - Root WebApplicationContext: initialization completed in 2389 ms
2019-02-15 10:52:48.130 INFO [main][DruidDataSourceAutoConfigure.java:56] - Init DruidDataSource
2019-02-15 10:52:51.618 INFO [main][DruidDataSource.java:930] - {dataSource-1} inited
2019-02-15 10:52:51.765 INFO [main][LogHelper.java:31] - HHH000204: Processing PersistenceUnitInfo [
	name: default
	...]
2019-02-15 10:52:51.818 INFO [main][Version.java:46] - HHH000412: Hibernate Core {5.3.7.Final}
2019-02-15 10:52:51.819 INFO [main][Environment.java:213] - HHH000206: hibernate.properties not found
2019-02-15 10:52:51.938 INFO [main][JavaReflectionManager.java:49] - HCANN000001: Hibernate Commons Annotations {5.0.4.Final}
2019-02-15 10:52:52.199 INFO [main][Dialect.java:157] - HHH000400: Using dialect: org.hibernate.dialect.MySQL5Dialect
2019-02-15 10:52:52.348 INFO [main][AbstractEntityManagerFactoryBean.java:415] - Initialized JPA EntityManagerFactory for persistence unit 'default'
2019-02-15 10:52:52.747 WARN [main][JpaBaseConfiguration.java:234] - spring.jpa.open-in-view is enabled by default. Therefore, database queries may be performed during view rendering. Explicitly configure spring.jpa.open-in-view to disable this warning
2019-02-15 10:52:52.986 INFO [main][DefaultSecurityFilterChain.java:43] - Creating filter chain: any request, [org.springframework.security.web.context.request.async.WebAsyncManagerIntegrationFilter@49038f97, org.springframework.security.web.context.SecurityContextPersistenceFilter@586843bc, org.springframework.security.web.header.HeaderWriterFilter@597a7afa, org.springframework.security.web.csrf.CsrfFilter@13aed42b, org.springframework.security.web.authentication.logout.LogoutFilter@4a660b34, org.springframework.security.web.authentication.UsernamePasswordAuthenticationFilter@7a1371, org.springframework.security.web.savedrequest.RequestCacheAwareFilter@7d8b66d9, org.springframework.security.web.servletapi.SecurityContextHolderAwareRequestFilter@1d1bf7bf, org.springframework.security.web.authentication.AnonymousAuthenticationFilter@36211bbc, org.springframework.security.web.session.SessionManagementFilter@7cdb7fc, org.springframework.security.web.access.ExceptionTranslationFilter@72fb989b, org.springframework.security.web.access.intercept.FilterSecurityInterceptor@5a3cf824]
2019-02-15 10:52:53.011 INFO [main][PropertySourcedRequestMappingHandlerMapping.java:69] - Mapped URL path [/v2/api-docs] onto method [public org.springframework.http.ResponseEntity<springfox.documentation.spring.web.json.Json> springfox.documentation.swagger2.web.Swagger2Controller.getDocumentation(java.lang.String,javax.servlet.http.HttpServletRequest)]
2019-02-15 10:52:53.146 INFO [main][ExecutorConfigurationSupport.java:171] - Initializing ExecutorService 'applicationTaskExecutor'
2019-02-15 10:52:53.342 INFO [main][DocumentationPluginsBootstrapper.java:160] - Context refreshed
2019-02-15 10:52:53.358 INFO [main][DocumentationPluginsBootstrapper.java:163] - Found 1 custom documentation plugin(s)
2019-02-15 10:52:53.386 INFO [main][ApiListingReferenceScanner.java:41] - Scanning for api listing references
2019-02-15 10:52:53.507 INFO [main][CachingOperationNameGenerator.java:40] - Generating unique operation named: sayUsingGET_1
2019-02-15 10:52:53.522 INFO [main][DirectJDKLog.java:173] - Starting ProtocolHandler ["http-nio-53010"]
2019-02-15 10:52:53.532 INFO [main][DirectJDKLog.java:173] - Using a shared selector for servlet write/read
2019-02-15 10:52:53.547 INFO [main][TomcatWebServer.java:204] - Tomcat started on port(s): 53010 (http) with context path ''
2019-02-15 10:52:53.550 INFO [main][StartupInfoLogger.java:59] - Started SpringbootdemoApplication in 8.573 seconds (JVM running for 9.687)
2019-02-15 10:53:08.520 INFO [http-nio-53010-exec-1][DirectJDKLog.java:173] - Initializing Spring DispatcherServlet 'dispatcherServlet'
2019-02-15 10:53:08.521 INFO [http-nio-53010-exec-1][FrameworkServlet.java:524] - Initializing Servlet 'dispatcherServlet'
2019-02-15 10:53:08.530 INFO [http-nio-53010-exec-1][FrameworkServlet.java:546] - Completed initialization in 9 ms
