2019-02-15 11:00:07.952 INFO [main][StartupInfoLogger.java:50] - Starting SpringbootdemoApplication on LAPTOP-H48RG5JN with PID 13668 (E:\user\docs\workspace\IdeaProjects\springbootdemo\target\classes started by yxb in E:\user\docs\workspace\IdeaProjects\springbootdemo)
2019-02-15 11:00:07.963 INFO [main][SpringApplication.java:679] - The following profiles are active: dev
2019-02-15 11:00:08.893 INFO [main][RepositoryConfigurationDelegate.java:126] - Bootstrapping Spring Data repositories in DEFAULT mode.
2019-02-15 11:00:08.924 INFO [main][RepositoryConfigurationDelegate.java:182] - Finished Spring Data repository scanning in 25ms. Found 0 repository interfaces.
2019-02-15 11:00:09.446 INFO [main][PostProcessorRegistrationDelegate.java:330] - Bean 'org.springframework.transaction.annotation.ProxyTransactionManagementConfiguration' of type [org.springframework.transaction.annotation.ProxyTransactionManagementConfiguration$$EnhancerBySpringCGLIB$$fcd327e9] is not eligible for getting processed by all BeanPostProcessors (for example: not eligible for auto-proxying)
2019-02-15 11:00:09.482 INFO [main][PostProcessorRegistrationDelegate.java:330] - Bean 'org.springframework.security.config.annotation.configuration.ObjectPostProcessorConfiguration' of type [org.springframework.security.config.annotation.configuration.ObjectPostProcessorConfiguration$$EnhancerBySpringCGLIB$$9580f023] is not eligible for getting processed by all BeanPostProcessors (for example: not eligible for auto-proxying)
2019-02-15 11:00:09.488 INFO [main][PostProcessorRegistrationDelegate.java:330] - Bean 'objectPostProcessor' of type [org.springframework.security.config.annotation.configuration.AutowireBeanFactoryObjectPostProcessor] is not eligible for getting processed by all BeanPostProcessors (for example: not eligible for auto-proxying)
2019-02-15 11:00:09.491 INFO [main][PostProcessorRegistrationDelegate.java:330] - Bean 'org.springframework.security.access.expression.method.DefaultMethodSecurityExpressionHandler@1ba359bd' of type [org.springframework.security.access.expression.method.DefaultMethodSecurityExpressionHandler] is not eligible for getting processed by all BeanPostProcessors (for example: not eligible for auto-proxying)
2019-02-15 11:00:09.492 INFO [main][PostProcessorRegistrationDelegate.java:330] - Bean 'org.springframework.security.config.annotation.method.configuration.GlobalMethodSecurityConfiguration' of type [org.springframework.security.config.annotation.method.configuration.GlobalMethodSecurityConfiguration$$EnhancerBySpringCGLIB$$ba5592d5] is not eligible for getting processed by all BeanPostProcessors (for example: not eligible for auto-proxying)
2019-02-15 11:00:09.498 INFO [main][PostProcessorRegistrationDelegate.java:330] - Bean 'org.springframework.security.config.annotation.method.configuration.Jsr250MetadataSourceConfiguration' of type [org.springframework.security.config.annotation.method.configuration.Jsr250MetadataSourceConfiguration$$EnhancerBySpringCGLIB$$dfaaaaeb] is not eligible for getting processed by all BeanPostProcessors (for example: not eligible for auto-proxying)
2019-02-15 11:00:09.501 INFO [main][PostProcessorRegistrationDelegate.java:330] - Bean 'jsr250MethodSecurityMetadataSource' of type [org.springframework.security.access.annotation.Jsr250MethodSecurityMetadataSource] is not eligible for getting processed by all BeanPostProcessors (for example: not eligible for auto-proxying)
2019-02-15 11:00:09.502 INFO [main][PostProcessorRegistrationDelegate.java:330] - Bean 'methodSecurityMetadataSource' of type [org.springframework.security.access.method.DelegatingMethodSecurityMetadataSource] is not eligible for getting processed by all BeanPostProcessors (for example: not eligible for auto-proxying)
2019-02-15 11:00:09.880 INFO [main][TomcatWebServer.java:90] - Tomcat initialized with port(s): 53010 (http)
2019-02-15 11:00:09.958 INFO [main][DirectJDKLog.java:173] - Initializing ProtocolHandler ["http-nio-53010"]
2019-02-15 11:00:09.966 INFO [main][DirectJDKLog.java:173] - Starting service [Tomcat]
2019-02-15 11:00:09.967 INFO [main][DirectJDKLog.java:173] - Starting Servlet Engine: Apache Tomcat/9.0.13
2019-02-15 11:00:09.973 INFO [main][DirectJDKLog.java:173] - The APR based Apache Tomcat Native library which allows optimal performance in production environments was not found on the java.library.path: [C:\Program Files\Java\jdk1.8.0_131\bin;C:\Windows\Sun\Java\bin;C:\Windows\system32;C:\Windows;D:\Program Files (x86)\java64\jdk1.7.0_80\bin;D:\Program Files (x86)\java64\jre7\bin;C:\Program Files (x86)\Intel\Intel(R) Management Engine Components\iCLS\;C:\Program Files\Intel\Intel(R) Management Engine Components\iCLS\;C:\Windows\system32;C:\Windows;C:\Windows\System32\Wbem;C:\Windows\System32\WindowsPowerShell\v1.0\;C:\Windows\System32\OpenSSH\;C:\Program Files (x86)\Intel\Intel(R) Management Engine Components\DAL;C:\Program Files\Intel\Intel(R) Management Engine Components\DAL;C:\Program Files (x86)\Intel\Intel(R) Management Engine Components\IPT;C:\Program Files\Intel\Intel(R) Management Engine Components\IPT;C:\Program Files (x86)\NVIDIA Corporation\PhysX\Common;C:\Program Files\Intel\WiFi\bin\;C:\Program Files\Common Files\Intel\WirelessCommon\;C:\Program Files\Git\cmd;D:\apache-maven-3.0.4\M3_HOME\bin;C:\Program Files\PuTTY\;D:\apps\oracle\product\11.2.0\dbhome_1\bin;C:\Users\yxb\AppData\Local\Microsoft\WindowsApps;;.]
2019-02-15 11:00:10.109 INFO [main][DirectJDKLog.java:173] - Initializing Spring embedded WebApplicationContext
2019-02-15 11:00:10.109 INFO [main][ServletWebServerApplicationContext.java:296] - Root WebApplicationContext: initialization completed in 2093 ms
2019-02-15 11:00:10.203 INFO [main][DruidDataSourceAutoConfigure.java:56] - Init DruidDataSource
2019-02-15 11:00:12.579 INFO [main][DruidDataSource.java:930] - {dataSource-1} inited
2019-02-15 11:00:12.716 INFO [main][LogHelper.java:31] - HHH000204: Processing PersistenceUnitInfo [
	name: default
	...]
2019-02-15 11:00:12.773 INFO [main][Version.java:46] - HHH000412: Hibernate Core {5.3.7.Final}
2019-02-15 11:00:12.775 INFO [main][Environment.java:213] - HHH000206: hibernate.properties not found
2019-02-15 11:00:12.902 INFO [main][JavaReflectionManager.java:49] - HCANN000001: Hibernate Commons Annotations {5.0.4.Final}
2019-02-15 11:00:13.196 INFO [main][Dialect.java:157] - HHH000400: Using dialect: org.hibernate.dialect.MySQL5Dialect
2019-02-15 11:00:13.335 INFO [main][AbstractEntityManagerFactoryBean.java:415] - Initialized JPA EntityManagerFactory for persistence unit 'default'
2019-02-15 11:00:13.752 WARN [main][JpaBaseConfiguration.java:234] - spring.jpa.open-in-view is enabled by default. Therefore, database queries may be performed during view rendering. Explicitly configure spring.jpa.open-in-view to disable this warning
2019-02-15 11:00:13.998 INFO [main][DefaultSecurityFilterChain.java:43] - Creating filter chain: any request, [org.springframework.security.web.context.request.async.WebAsyncManagerIntegrationFilter@7103745, org.springframework.security.web.context.SecurityContextPersistenceFilter@6b3d9c38, org.springframework.security.web.header.HeaderWriterFilter@4d0e1a9a, org.springframework.security.web.csrf.CsrfFilter@496cedbb, org.springframework.security.web.authentication.logout.LogoutFilter@21733cbe, org.springframework.security.web.authentication.UsernamePasswordAuthenticationFilter@510da778, org.springframework.security.web.savedrequest.RequestCacheAwareFilter@5c5a91b4, org.springframework.security.web.servletapi.SecurityContextHolderAwareRequestFilter@52d96367, org.springframework.security.web.authentication.AnonymousAuthenticationFilter@227a933d, org.springframework.security.web.session.SessionManagementFilter@bf2aa32, org.springframework.security.web.access.ExceptionTranslationFilter@b5c902, org.springframework.security.web.access.intercept.FilterSecurityInterceptor@328e4ec2]
2019-02-15 11:00:14.029 INFO [main][PropertySourcedRequestMappingHandlerMapping.java:69] - Mapped URL path [/v2/api-docs] onto method [public org.springframework.http.ResponseEntity<springfox.documentation.spring.web.json.Json> springfox.documentation.swagger2.web.Swagger2Controller.getDocumentation(java.lang.String,javax.servlet.http.HttpServletRequest)]
2019-02-15 11:00:14.168 INFO [main][ExecutorConfigurationSupport.java:171] - Initializing ExecutorService 'applicationTaskExecutor'
2019-02-15 11:00:14.303 INFO [main][WelcomePageHandlerMapping.java:61] - Adding welcome page template: index
2019-02-15 11:00:14.409 INFO [main][DocumentationPluginsBootstrapper.java:160] - Context refreshed
2019-02-15 11:00:14.425 INFO [main][DocumentationPluginsBootstrapper.java:163] - Found 1 custom documentation plugin(s)
2019-02-15 11:00:14.454 INFO [main][ApiListingReferenceScanner.java:41] - Scanning for api listing references
2019-02-15 11:00:14.597 INFO [main][CachingOperationNameGenerator.java:40] - Generating unique operation named: sayUsingGET_1
2019-02-15 11:00:14.618 INFO [main][DirectJDKLog.java:173] - Starting ProtocolHandler ["http-nio-53010"]
2019-02-15 11:00:14.632 INFO [main][DirectJDKLog.java:173] - Using a shared selector for servlet write/read
2019-02-15 11:00:14.648 INFO [main][TomcatWebServer.java:204] - Tomcat started on port(s): 53010 (http) with context path ''
2019-02-15 11:00:14.651 INFO [main][StartupInfoLogger.java:59] - Started SpringbootdemoApplication in 7.355 seconds (JVM running for 8.454)
2019-02-15 11:00:18.085 INFO [http-nio-53010-exec-1][DirectJDKLog.java:173] - Initializing Spring DispatcherServlet 'dispatcherServlet'
2019-02-15 11:00:18.085 INFO [http-nio-53010-exec-1][FrameworkServlet.java:524] - Initializing Servlet 'dispatcherServlet'
2019-02-15 11:00:18.097 INFO [http-nio-53010-exec-1][FrameworkServlet.java:546] - Completed initialization in 12 ms
2019-02-15 11:04:34.056 INFO [main][StartupInfoLogger.java:50] - Starting SpringbootdemoApplication on LAPTOP-H48RG5JN with PID 20720 (E:\user\docs\workspace\IdeaProjects\springbootdemo\target\classes started by yxb in E:\user\docs\workspace\IdeaProjects\springbootdemo)
2019-02-15 11:04:34.063 INFO [main][SpringApplication.java:679] - The following profiles are active: dev
2019-02-15 11:04:34.920 INFO [main][RepositoryConfigurationDelegate.java:126] - Bootstrapping Spring Data repositories in DEFAULT mode.
2019-02-15 11:04:34.948 INFO [main][RepositoryConfigurationDelegate.java:182] - Finished Spring Data repository scanning in 23ms. Found 0 repository interfaces.
2019-02-15 11:04:35.234 INFO [main][PostProcessorRegistrationDelegate.java:330] - Bean 'org.springframework.transaction.annotation.ProxyTransactionManagementConfiguration' of type [org.springframework.transaction.annotation.ProxyTransactionManagementConfiguration$$EnhancerBySpringCGLIB$$fcd327e9] is not eligible for getting processed by all BeanPostProcessors (for example: not eligible for auto-proxying)
2019-02-15 11:04:35.265 INFO [main][PostProcessorRegistrationDelegate.java:330] - Bean 'org.springframework.security.config.annotation.configuration.ObjectPostProcessorConfiguration' of type [org.springframework.security.config.annotation.configuration.ObjectPostProcessorConfiguration$$EnhancerBySpringCGLIB$$9580f023] is not eligible for getting processed by all BeanPostProcessors (for example: not eligible for auto-proxying)
2019-02-15 11:04:35.270 INFO [main][PostProcessorRegistrationDelegate.java:330] - Bean 'objectPostProcessor' of type [org.springframework.security.config.annotation.configuration.AutowireBeanFactoryObjectPostProcessor] is not eligible for getting processed by all BeanPostProcessors (for example: not eligible for auto-proxying)
2019-02-15 11:04:35.272 INFO [main][PostProcessorRegistrationDelegate.java:330] - Bean 'org.springframework.security.access.expression.method.DefaultMethodSecurityExpressionHandler@62e93c3a' of type [org.springframework.security.access.expression.method.DefaultMethodSecurityExpressionHandler] is not eligible for getting processed by all BeanPostProcessors (for example: not eligible for auto-proxying)
2019-02-15 11:04:35.275 INFO [main][PostProcessorRegistrationDelegate.java:330] - Bean 'org.springframework.security.config.annotation.method.configuration.GlobalMethodSecurityConfiguration' of type [org.springframework.security.config.annotation.method.configuration.GlobalMethodSecurityConfiguration$$EnhancerBySpringCGLIB$$ba5592d5] is not eligible for getting processed by all BeanPostProcessors (for example: not eligible for auto-proxying)
2019-02-15 11:04:35.281 INFO [main][PostProcessorRegistrationDelegate.java:330] - Bean 'org.springframework.security.config.annotation.method.configuration.Jsr250MetadataSourceConfiguration' of type [org.springframework.security.config.annotation.method.configuration.Jsr250MetadataSourceConfiguration$$EnhancerBySpringCGLIB$$dfaaaaeb] is not eligible for getting processed by all BeanPostProcessors (for example: not eligible for auto-proxying)
2019-02-15 11:04:35.283 INFO [main][PostProcessorRegistrationDelegate.java:330] - Bean 'jsr250MethodSecurityMetadataSource' of type [org.springframework.security.access.annotation.Jsr250MethodSecurityMetadataSource] is not eligible for getting processed by all BeanPostProcessors (for example: not eligible for auto-proxying)
2019-02-15 11:04:35.284 INFO [main][PostProcessorRegistrationDelegate.java:330] - Bean 'methodSecurityMetadataSource' of type [org.springframework.security.access.method.DelegatingMethodSecurityMetadataSource] is not eligible for getting processed by all BeanPostProcessors (for example: not eligible for auto-proxying)
2019-02-15 11:04:35.577 INFO [main][TomcatWebServer.java:90] - Tomcat initialized with port(s): 53010 (http)
2019-02-15 11:04:35.638 INFO [main][DirectJDKLog.java:173] - Initializing ProtocolHandler ["http-nio-53010"]
2019-02-15 11:04:35.645 INFO [main][DirectJDKLog.java:173] - Starting service [Tomcat]
2019-02-15 11:04:35.646 INFO [main][DirectJDKLog.java:173] - Starting Servlet Engine: Apache Tomcat/9.0.13
2019-02-15 11:04:35.651 INFO [main][DirectJDKLog.java:173] - The APR based Apache Tomcat Native library which allows optimal performance in production environments was not found on the java.library.path: [C:\Program Files\Java\jdk1.8.0_131\bin;C:\Windows\Sun\Java\bin;C:\Windows\system32;C:\Windows;D:\Program Files (x86)\java64\jdk1.7.0_80\bin;D:\Program Files (x86)\java64\jre7\bin;C:\Program Files (x86)\Intel\Intel(R) Management Engine Components\iCLS\;C:\Program Files\Intel\Intel(R) Management Engine Components\iCLS\;C:\Windows\system32;C:\Windows;C:\Windows\System32\Wbem;C:\Windows\System32\WindowsPowerShell\v1.0\;C:\Windows\System32\OpenSSH\;C:\Program Files (x86)\Intel\Intel(R) Management Engine Components\DAL;C:\Program Files\Intel\Intel(R) Management Engine Components\DAL;C:\Program Files (x86)\Intel\Intel(R) Management Engine Components\IPT;C:\Program Files\Intel\Intel(R) Management Engine Components\IPT;C:\Program Files (x86)\NVIDIA Corporation\PhysX\Common;C:\Program Files\Intel\WiFi\bin\;C:\Program Files\Common Files\Intel\WirelessCommon\;C:\Program Files\Git\cmd;D:\apache-maven-3.0.4\M3_HOME\bin;C:\Program Files\PuTTY\;D:\apps\oracle\product\11.2.0\dbhome_1\bin;C:\Users\yxb\AppData\Local\Microsoft\WindowsApps;;.]
2019-02-15 11:04:35.791 INFO [main][DirectJDKLog.java:173] - Initializing Spring embedded WebApplicationContext
2019-02-15 11:04:35.791 INFO [main][ServletWebServerApplicationContext.java:296] - Root WebApplicationContext: initialization completed in 1684 ms
2019-02-15 11:04:35.880 INFO [main][DruidDataSourceAutoConfigure.java:56] - Init DruidDataSource
2019-02-15 11:04:38.080 INFO [main][DruidDataSource.java:930] - {dataSource-1} inited
2019-02-15 11:04:38.216 INFO [main][LogHelper.java:31] - HHH000204: Processing PersistenceUnitInfo [
	name: default
	...]
2019-02-15 11:04:38.271 INFO [main][Version.java:46] - HHH000412: Hibernate Core {5.3.7.Final}
2019-02-15 11:04:38.272 INFO [main][Environment.java:213] - HHH000206: hibernate.properties not found
2019-02-15 11:04:38.392 INFO [main][JavaReflectionManager.java:49] - HCANN000001: Hibernate Commons Annotations {5.0.4.Final}
2019-02-15 11:04:38.662 INFO [main][Dialect.java:157] - HHH000400: Using dialect: org.hibernate.dialect.MySQL5Dialect
2019-02-15 11:04:38.798 INFO [main][AbstractEntityManagerFactoryBean.java:415] - Initialized JPA EntityManagerFactory for persistence unit 'default'
2019-02-15 11:04:39.205 WARN [main][JpaBaseConfiguration.java:234] - spring.jpa.open-in-view is enabled by default. Therefore, database queries may be performed during view rendering. Explicitly configure spring.jpa.open-in-view to disable this warning
2019-02-15 11:04:39.444 INFO [main][DefaultSecurityFilterChain.java:43] - Creating filter chain: any request, [org.springframework.security.web.context.request.async.WebAsyncManagerIntegrationFilter@3a5e2525, org.springframework.security.web.context.SecurityContextPersistenceFilter@4d0e1a9a, org.springframework.security.web.header.HeaderWriterFilter@69eb544f, org.springframework.security.web.csrf.CsrfFilter@7b1a30e5, org.springframework.security.web.authentication.logout.LogoutFilter@3302035b, org.springframework.security.web.authentication.UsernamePasswordAuthenticationFilter@68fc9167, org.springframework.security.web.savedrequest.RequestCacheAwareFilter@bf2aa32, org.springframework.security.web.servletapi.SecurityContextHolderAwareRequestFilter@4aa3fc9a, org.springframework.security.web.authentication.AnonymousAuthenticationFilter@6546371, org.springframework.security.web.session.SessionManagementFilter@b5c902, org.springframework.security.web.access.ExceptionTranslationFilter@66234b0f, org.springframework.security.web.access.intercept.FilterSecurityInterceptor@4baf997]
2019-02-15 11:04:39.468 INFO [main][PropertySourcedRequestMappingHandlerMapping.java:69] - Mapped URL path [/v2/api-docs] onto method [public org.springframework.http.ResponseEntity<springfox.documentation.spring.web.json.Json> springfox.documentation.swagger2.web.Swagger2Controller.getDocumentation(java.lang.String,javax.servlet.http.HttpServletRequest)]
2019-02-15 11:04:39.603 INFO [main][ExecutorConfigurationSupport.java:171] - Initializing ExecutorService 'applicationTaskExecutor'
2019-02-15 11:04:39.744 INFO [main][WelcomePageHandlerMapping.java:61] - Adding welcome page template: index
2019-02-15 11:04:39.849 INFO [main][DocumentationPluginsBootstrapper.java:160] - Context refreshed
2019-02-15 11:04:39.867 INFO [main][DocumentationPluginsBootstrapper.java:163] - Found 1 custom documentation plugin(s)
2019-02-15 11:04:39.896 INFO [main][ApiListingReferenceScanner.java:41] - Scanning for api listing references
2019-02-15 11:04:40.023 INFO [main][CachingOperationNameGenerator.java:40] - Generating unique operation named: sayUsingGET_1
2019-02-15 11:04:40.038 INFO [main][DirectJDKLog.java:173] - Starting ProtocolHandler ["http-nio-53010"]
2019-02-15 11:04:40.048 INFO [main][DirectJDKLog.java:173] - Using a shared selector for servlet write/read
2019-02-15 11:04:40.062 INFO [main][TomcatWebServer.java:204] - Tomcat started on port(s): 53010 (http) with context path ''
2019-02-15 11:04:40.065 INFO [main][StartupInfoLogger.java:59] - Started SpringbootdemoApplication in 6.547 seconds (JVM running for 7.627)
2019-02-15 11:05:06.714 INFO [http-nio-53010-exec-1][DirectJDKLog.java:173] - Initializing Spring DispatcherServlet 'dispatcherServlet'
2019-02-15 11:05:06.714 INFO [http-nio-53010-exec-1][FrameworkServlet.java:524] - Initializing Servlet 'dispatcherServlet'
2019-02-15 11:05:06.722 INFO [http-nio-53010-exec-1][FrameworkServlet.java:546] - Completed initialization in 8 ms
2019-02-15 11:08:25.571 INFO [main][StartupInfoLogger.java:50] - Starting SpringbootdemoApplication on LAPTOP-H48RG5JN with PID 13372 (E:\user\docs\workspace\IdeaProjects\springbootdemo\target\classes started by yxb in E:\user\docs\workspace\IdeaProjects\springbootdemo)
2019-02-15 11:08:25.581 INFO [main][SpringApplication.java:679] - The following profiles are active: dev
2019-02-15 11:08:26.459 INFO [main][RepositoryConfigurationDelegate.java:126] - Bootstrapping Spring Data repositories in DEFAULT mode.
2019-02-15 11:08:26.488 INFO [main][RepositoryConfigurationDelegate.java:182] - Finished Spring Data repository scanning in 24ms. Found 0 repository interfaces.
2019-02-15 11:08:26.763 INFO [main][PostProcessorRegistrationDelegate.java:330] - Bean 'org.springframework.transaction.annotation.ProxyTransactionManagementConfiguration' of type [org.springframework.transaction.annotation.ProxyTransactionManagementConfiguration$$EnhancerBySpringCGLIB$$14d4418f] is not eligible for getting processed by all BeanPostProcessors (for example: not eligible for auto-proxying)
2019-02-15 11:08:26.792 INFO [main][PostProcessorRegistrationDelegate.java:330] - Bean 'org.springframework.security.config.annotation.configuration.ObjectPostProcessorConfiguration' of type [org.springframework.security.config.annotation.configuration.ObjectPostProcessorConfiguration$$EnhancerBySpringCGLIB$$ad8209c9] is not eligible for getting processed by all BeanPostProcessors (for example: not eligible for auto-proxying)
2019-02-15 11:08:26.797 INFO [main][PostProcessorRegistrationDelegate.java:330] - Bean 'objectPostProcessor' of type [org.springframework.security.config.annotation.configuration.AutowireBeanFactoryObjectPostProcessor] is not eligible for getting processed by all BeanPostProcessors (for example: not eligible for auto-proxying)
2019-02-15 11:08:26.799 INFO [main][PostProcessorRegistrationDelegate.java:330] - Bean 'org.springframework.security.access.expression.method.DefaultMethodSecurityExpressionHandler@4ee5b2d9' of type [org.springframework.security.access.expression.method.DefaultMethodSecurityExpressionHandler] is not eligible for getting processed by all BeanPostProcessors (for example: not eligible for auto-proxying)
2019-02-15 11:08:26.801 INFO [main][PostProcessorRegistrationDelegate.java:330] - Bean 'org.springframework.security.config.annotation.method.configuration.GlobalMethodSecurityConfiguration' of type [org.springframework.security.config.annotation.method.configuration.GlobalMethodSecurityConfiguration$$EnhancerBySpringCGLIB$$d256ac7b] is not eligible for getting processed by all BeanPostProcessors (for example: not eligible for auto-proxying)
2019-02-15 11:08:26.807 INFO [main][PostProcessorRegistrationDelegate.java:330] - Bean 'org.springframework.security.config.annotation.method.configuration.Jsr250MetadataSourceConfiguration' of type [org.springframework.security.config.annotation.method.configuration.Jsr250MetadataSourceConfiguration$$EnhancerBySpringCGLIB$$f7abc491] is not eligible for getting processed by all BeanPostProcessors (for example: not eligible for auto-proxying)
2019-02-15 11:08:26.809 INFO [main][PostProcessorRegistrationDelegate.java:330] - Bean 'jsr250MethodSecurityMetadataSource' of type [org.springframework.security.access.annotation.Jsr250MethodSecurityMetadataSource] is not eligible for getting processed by all BeanPostProcessors (for example: not eligible for auto-proxying)
2019-02-15 11:08:26.810 INFO [main][PostProcessorRegistrationDelegate.java:330] - Bean 'methodSecurityMetadataSource' of type [org.springframework.security.access.method.DelegatingMethodSecurityMetadataSource] is not eligible for getting processed by all BeanPostProcessors (for example: not eligible for auto-proxying)
2019-02-15 11:08:27.076 INFO [main][TomcatWebServer.java:90] - Tomcat initialized with port(s): 53010 (http)
2019-02-15 11:08:27.086 INFO [main][DirectJDKLog.java:173] - Initializing ProtocolHandler ["http-nio-53010"]
2019-02-15 11:08:27.093 INFO [main][DirectJDKLog.java:173] - Starting service [Tomcat]
2019-02-15 11:08:27.094 INFO [main][DirectJDKLog.java:173] - Starting Servlet Engine: Apache Tomcat/9.0.13
2019-02-15 11:08:27.099 INFO [main][DirectJDKLog.java:173] - The APR based Apache Tomcat Native library which allows optimal performance in production environments was not found on the java.library.path: [C:\Program Files\Java\jdk1.8.0_131\bin;C:\Windows\Sun\Java\bin;C:\Windows\system32;C:\Windows;D:\Program Files (x86)\java64\jdk1.7.0_80\bin;D:\Program Files (x86)\java64\jre7\bin;C:\Program Files (x86)\Intel\Intel(R) Management Engine Components\iCLS\;C:\Program Files\Intel\Intel(R) Management Engine Components\iCLS\;C:\Windows\system32;C:\Windows;C:\Windows\System32\Wbem;C:\Windows\System32\WindowsPowerShell\v1.0\;C:\Windows\System32\OpenSSH\;C:\Program Files (x86)\Intel\Intel(R) Management Engine Components\DAL;C:\Program Files\Intel\Intel(R) Management Engine Components\DAL;C:\Program Files (x86)\Intel\Intel(R) Management Engine Components\IPT;C:\Program Files\Intel\Intel(R) Management Engine Components\IPT;C:\Program Files (x86)\NVIDIA Corporation\PhysX\Common;C:\Program Files\Intel\WiFi\bin\;C:\Program Files\Common Files\Intel\WirelessCommon\;C:\Program Files\Git\cmd;D:\apache-maven-3.0.4\M3_HOME\bin;C:\Program Files\PuTTY\;D:\apps\oracle\product\11.2.0\dbhome_1\bin;C:\Users\yxb\AppData\Local\Microsoft\WindowsApps;;.]
2019-02-15 11:08:27.282 INFO [main][DirectJDKLog.java:173] - Initializing Spring embedded WebApplicationContext
2019-02-15 11:08:27.283 INFO [main][ServletWebServerApplicationContext.java:296] - Root WebApplicationContext: initialization completed in 1645 ms
2019-02-15 11:08:27.374 INFO [main][DruidDataSourceAutoConfigure.java:56] - Init DruidDataSource
2019-02-15 11:08:29.817 INFO [main][DruidDataSource.java:930] - {dataSource-1} inited
2019-02-15 11:08:29.956 INFO [main][LogHelper.java:31] - HHH000204: Processing PersistenceUnitInfo [
	name: default
	...]
2019-02-15 11:08:30.009 INFO [main][Version.java:46] - HHH000412: Hibernate Core {5.3.7.Final}
2019-02-15 11:08:30.010 INFO [main][Environment.java:213] - HHH000206: hibernate.properties not found
2019-02-15 11:08:30.132 INFO [main][JavaReflectionManager.java:49] - HCANN000001: Hibernate Commons Annotations {5.0.4.Final}
2019-02-15 11:08:30.449 INFO [main][Dialect.java:157] - HHH000400: Using dialect: org.hibernate.dialect.MySQL5Dialect
2019-02-15 11:08:30.643 INFO [main][AbstractEntityManagerFactoryBean.java:415] - Initialized JPA EntityManagerFactory for persistence unit 'default'
2019-02-15 11:08:31.092 WARN [main][JpaBaseConfiguration.java:234] - spring.jpa.open-in-view is enabled by default. Therefore, database queries may be performed during view rendering. Explicitly configure spring.jpa.open-in-view to disable this warning
2019-02-15 11:08:31.351 INFO [main][DefaultSecurityFilterChain.java:43] - Creating filter chain: any request, [org.springframework.security.web.context.request.async.WebAsyncManagerIntegrationFilter@3a5e2525, org.springframework.security.web.context.SecurityContextPersistenceFilter@7e747037, org.springframework.security.web.header.HeaderWriterFilter@2fca3eb5, org.springframework.security.web.csrf.CsrfFilter@6d7740f0, org.springframework.security.web.authentication.logout.LogoutFilter@5be51aa, org.springframework.security.web.authentication.UsernamePasswordAuthenticationFilter@68fc9167, org.springframework.security.web.savedrequest.RequestCacheAwareFilter@25218a4d, org.springframework.security.web.servletapi.SecurityContextHolderAwareRequestFilter@2ba9f986, org.springframework.security.web.authentication.AnonymousAuthenticationFilter@6546371, org.springframework.security.web.session.SessionManagementFilter@7cb29ea8, org.springframework.security.web.access.ExceptionTranslationFilter@1d283d1, org.springframework.security.web.access.intercept.FilterSecurityInterceptor@4baf997]
2019-02-15 11:08:31.376 INFO [main][PropertySourcedRequestMappingHandlerMapping.java:69] - Mapped URL path [/v2/api-docs] onto method [public org.springframework.http.ResponseEntity<springfox.documentation.spring.web.json.Json> springfox.documentation.swagger2.web.Swagger2Controller.getDocumentation(java.lang.String,javax.servlet.http.HttpServletRequest)]
2019-02-15 11:08:31.511 INFO [main][ExecutorConfigurationSupport.java:171] - Initializing ExecutorService 'applicationTaskExecutor'
2019-02-15 11:08:31.650 INFO [main][WelcomePageHandlerMapping.java:61] - Adding welcome page template: index
2019-02-15 11:08:31.747 INFO [main][DocumentationPluginsBootstrapper.java:160] - Context refreshed
2019-02-15 11:08:31.764 INFO [main][DocumentationPluginsBootstrapper.java:163] - Found 1 custom documentation plugin(s)
2019-02-15 11:08:31.791 INFO [main][ApiListingReferenceScanner.java:41] - Scanning for api listing references
2019-02-15 11:08:31.914 INFO [main][CachingOperationNameGenerator.java:40] - Generating unique operation named: sayUsingGET_1
2019-02-15 11:08:31.928 INFO [main][DirectJDKLog.java:173] - Starting ProtocolHandler ["http-nio-53010"]
2019-02-15 11:08:31.938 INFO [main][DirectJDKLog.java:173] - Using a shared selector for servlet write/read
2019-02-15 11:08:31.952 INFO [main][TomcatWebServer.java:204] - Tomcat started on port(s): 53010 (http) with context path ''
2019-02-15 11:08:31.954 INFO [main][StartupInfoLogger.java:59] - Started SpringbootdemoApplication in 6.926 seconds (JVM running for 7.967)
2019-02-15 11:08:39.868 INFO [http-nio-53010-exec-1][DirectJDKLog.java:173] - Initializing Spring DispatcherServlet 'dispatcherServlet'
2019-02-15 11:08:39.869 INFO [http-nio-53010-exec-1][FrameworkServlet.java:524] - Initializing Servlet 'dispatcherServlet'
2019-02-15 11:08:39.878 INFO [http-nio-53010-exec-1][FrameworkServlet.java:546] - Completed initialization in 9 ms
2019-02-15 11:15:33.672 INFO [main][StartupInfoLogger.java:50] - Starting SpringbootdemoApplication on LAPTOP-H48RG5JN with PID 20588 (E:\user\docs\workspace\IdeaProjects\springbootdemo\target\classes started by yxb in E:\user\docs\workspace\IdeaProjects\springbootdemo)
2019-02-15 11:15:33.681 INFO [main][SpringApplication.java:679] - The following profiles are active: dev
2019-02-15 11:15:34.611 INFO [main][RepositoryConfigurationDelegate.java:126] - Bootstrapping Spring Data repositories in DEFAULT mode.
2019-02-15 11:15:34.639 INFO [main][RepositoryConfigurationDelegate.java:182] - Finished Spring Data repository scanning in 23ms. Found 0 repository interfaces.
2019-02-15 11:15:34.914 INFO [main][PostProcessorRegistrationDelegate.java:330] - Bean 'org.springframework.transaction.annotation.ProxyTransactionManagementConfiguration' of type [org.springframework.transaction.annotation.ProxyTransactionManagementConfiguration$$EnhancerBySpringCGLIB$$de204afd] is not eligible for getting processed by all BeanPostProcessors (for example: not eligible for auto-proxying)
2019-02-15 11:15:34.944 INFO [main][PostProcessorRegistrationDelegate.java:330] - Bean 'org.springframework.security.config.annotation.configuration.ObjectPostProcessorConfiguration' of type [org.springframework.security.config.annotation.configuration.ObjectPostProcessorConfiguration$$EnhancerBySpringCGLIB$$76ce1337] is not eligible for getting processed by all BeanPostProcessors (for example: not eligible for auto-proxying)
2019-02-15 11:15:34.949 INFO [main][PostProcessorRegistrationDelegate.java:330] - Bean 'objectPostProcessor' of type [org.springframework.security.config.annotation.configuration.AutowireBeanFactoryObjectPostProcessor] is not eligible for getting processed by all BeanPostProcessors (for example: not eligible for auto-proxying)
2019-02-15 11:15:34.950 INFO [main][PostProcessorRegistrationDelegate.java:330] - Bean 'org.springframework.security.access.expression.method.DefaultMethodSecurityExpressionHandler@30364216' of type [org.springframework.security.access.expression.method.DefaultMethodSecurityExpressionHandler] is not eligible for getting processed by all BeanPostProcessors (for example: not eligible for auto-proxying)
2019-02-15 11:15:34.954 INFO [main][PostProcessorRegistrationDelegate.java:330] - Bean 'org.springframework.security.config.annotation.method.configuration.GlobalMethodSecurityConfiguration' of type [org.springframework.security.config.annotation.method.configuration.GlobalMethodSecurityConfiguration$$EnhancerBySpringCGLIB$$9ba2b5e9] is not eligible for getting processed by all BeanPostProcessors (for example: not eligible for auto-proxying)
2019-02-15 11:15:34.961 INFO [main][PostProcessorRegistrationDelegate.java:330] - Bean 'org.springframework.security.config.annotation.method.configuration.Jsr250MetadataSourceConfiguration' of type [org.springframework.security.config.annotation.method.configuration.Jsr250MetadataSourceConfiguration$$EnhancerBySpringCGLIB$$c0f7cdff] is not eligible for getting processed by all BeanPostProcessors (for example: not eligible for auto-proxying)
2019-02-15 11:15:34.963 INFO [main][PostProcessorRegistrationDelegate.java:330] - Bean 'jsr250MethodSecurityMetadataSource' of type [org.springframework.security.access.annotation.Jsr250MethodSecurityMetadataSource] is not eligible for getting processed by all BeanPostProcessors (for example: not eligible for auto-proxying)
2019-02-15 11:15:34.964 INFO [main][PostProcessorRegistrationDelegate.java:330] - Bean 'methodSecurityMetadataSource' of type [org.springframework.security.access.method.DelegatingMethodSecurityMetadataSource] is not eligible for getting processed by all BeanPostProcessors (for example: not eligible for auto-proxying)
2019-02-15 11:15:35.260 INFO [main][TomcatWebServer.java:90] - Tomcat initialized with port(s): 53010 (http)
2019-02-15 11:15:35.317 INFO [main][DirectJDKLog.java:173] - Initializing ProtocolHandler ["http-nio-53010"]
2019-02-15 11:15:35.325 INFO [main][DirectJDKLog.java:173] - Starting service [Tomcat]
2019-02-15 11:15:35.325 INFO [main][DirectJDKLog.java:173] - Starting Servlet Engine: Apache Tomcat/9.0.13
2019-02-15 11:15:35.330 INFO [main][DirectJDKLog.java:173] - The APR based Apache Tomcat Native library which allows optimal performance in production environments was not found on the java.library.path: [C:\Program Files\Java\jdk1.8.0_131\bin;C:\Windows\Sun\Java\bin;C:\Windows\system32;C:\Windows;D:\Program Files (x86)\java64\jdk1.7.0_80\bin;D:\Program Files (x86)\java64\jre7\bin;C:\Program Files (x86)\Intel\Intel(R) Management Engine Components\iCLS\;C:\Program Files\Intel\Intel(R) Management Engine Components\iCLS\;C:\Windows\system32;C:\Windows;C:\Windows\System32\Wbem;C:\Windows\System32\WindowsPowerShell\v1.0\;C:\Windows\System32\OpenSSH\;C:\Program Files (x86)\Intel\Intel(R) Management Engine Components\DAL;C:\Program Files\Intel\Intel(R) Management Engine Components\DAL;C:\Program Files (x86)\Intel\Intel(R) Management Engine Components\IPT;C:\Program Files\Intel\Intel(R) Management Engine Components\IPT;C:\Program Files (x86)\NVIDIA Corporation\PhysX\Common;C:\Program Files\Intel\WiFi\bin\;C:\Program Files\Common Files\Intel\WirelessCommon\;C:\Program Files\Git\cmd;D:\apache-maven-3.0.4\M3_HOME\bin;C:\Program Files\PuTTY\;D:\apps\oracle\product\11.2.0\dbhome_1\bin;C:\Users\yxb\AppData\Local\Microsoft\WindowsApps;;.]
2019-02-15 11:15:35.463 INFO [main][DirectJDKLog.java:173] - Initializing Spring embedded WebApplicationContext
2019-02-15 11:15:35.464 INFO [main][ServletWebServerApplicationContext.java:296] - Root WebApplicationContext: initialization completed in 1728 ms
2019-02-15 11:15:35.558 INFO [main][DruidDataSourceAutoConfigure.java:56] - Init DruidDataSource
2019-02-15 11:15:37.665 INFO [main][DruidDataSource.java:930] - {dataSource-1} inited
2019-02-15 11:15:37.810 INFO [main][LogHelper.java:31] - HHH000204: Processing PersistenceUnitInfo [
	name: default
	...]
2019-02-15 11:15:37.865 INFO [main][Version.java:46] - HHH000412: Hibernate Core {5.3.7.Final}
2019-02-15 11:15:37.867 INFO [main][Environment.java:213] - HHH000206: hibernate.properties not found
2019-02-15 11:15:37.997 INFO [main][JavaReflectionManager.java:49] - HCANN000001: Hibernate Commons Annotations {5.0.4.Final}
2019-02-15 11:15:38.288 INFO [main][Dialect.java:157] - HHH000400: Using dialect: org.hibernate.dialect.MySQL5Dialect
2019-02-15 11:15:38.444 INFO [main][AbstractEntityManagerFactoryBean.java:415] - Initialized JPA EntityManagerFactory for persistence unit 'default'
2019-02-15 11:15:38.874 WARN [main][JpaBaseConfiguration.java:234] - spring.jpa.open-in-view is enabled by default. Therefore, database queries may be performed during view rendering. Explicitly configure spring.jpa.open-in-view to disable this warning
2019-02-15 11:15:39.081 INFO [main][DefaultSecurityFilterChain.java:43] - Creating filter chain: Ant [pattern='/public/**'], []
2019-02-15 11:15:39.081 INFO [main][DefaultSecurityFilterChain.java:43] - Creating filter chain: Ant [pattern='/webjars/**'], []
2019-02-15 11:15:39.081 INFO [main][DefaultSecurityFilterChain.java:43] - Creating filter chain: Ant [pattern='/v2/**'], []
2019-02-15 11:15:39.081 INFO [main][DefaultSecurityFilterChain.java:43] - Creating filter chain: Ant [pattern='/swagger**'], []
2019-02-15 11:15:39.082 INFO [main][DefaultSecurityFilterChain.java:43] - Creating filter chain: Ant [pattern='/static/**'], []
2019-02-15 11:15:39.082 INFO [main][DefaultSecurityFilterChain.java:43] - Creating filter chain: Ant [pattern='/resources/**'], []
2019-02-15 11:15:39.118 INFO [main][DefaultSecurityFilterChain.java:43] - Creating filter chain: any request, [org.springframework.security.web.context.request.async.WebAsyncManagerIntegrationFilter@6684f7f2, org.springframework.security.web.context.SecurityContextPersistenceFilter@64bba0eb, org.springframework.security.web.header.HeaderWriterFilter@36463b09, org.springframework.security.web.csrf.CsrfFilter@2120bed, org.springframework.security.web.authentication.logout.LogoutFilter@7c5f29c6, org.springframework.security.web.authentication.UsernamePasswordAuthenticationFilter@1c7f6e96, org.springframework.security.web.savedrequest.RequestCacheAwareFilter@25ae1f80, org.springframework.security.web.servletapi.SecurityContextHolderAwareRequestFilter@589dfa6f, org.springframework.security.web.authentication.AnonymousAuthenticationFilter@1682e6a, org.springframework.security.web.session.SessionManagementFilter@57e4b86c, org.springframework.security.web.access.ExceptionTranslationFilter@9729a97, org.springframework.security.web.access.intercept.FilterSecurityInterceptor@c758a2d]
2019-02-15 11:15:39.143 INFO [main][PropertySourcedRequestMappingHandlerMapping.java:69] - Mapped URL path [/v2/api-docs] onto method [public org.springframework.http.ResponseEntity<springfox.documentation.spring.web.json.Json> springfox.documentation.swagger2.web.Swagger2Controller.getDocumentation(java.lang.String,javax.servlet.http.HttpServletRequest)]
2019-02-15 11:15:39.281 INFO [main][ExecutorConfigurationSupport.java:171] - Initializing ExecutorService 'applicationTaskExecutor'
2019-02-15 11:15:39.427 INFO [main][WelcomePageHandlerMapping.java:61] - Adding welcome page template: index
2019-02-15 11:15:39.525 INFO [main][DocumentationPluginsBootstrapper.java:160] - Context refreshed
2019-02-15 11:15:39.542 INFO [main][DocumentationPluginsBootstrapper.java:163] - Found 1 custom documentation plugin(s)
2019-02-15 11:15:39.572 INFO [main][ApiListingReferenceScanner.java:41] - Scanning for api listing references
2019-02-15 11:15:39.709 INFO [main][CachingOperationNameGenerator.java:40] - Generating unique operation named: sayUsingGET_1
2019-02-15 11:15:39.725 INFO [main][DirectJDKLog.java:173] - Starting ProtocolHandler ["http-nio-53010"]
2019-02-15 11:15:39.736 INFO [main][DirectJDKLog.java:173] - Using a shared selector for servlet write/read
2019-02-15 11:15:39.751 INFO [main][TomcatWebServer.java:204] - Tomcat started on port(s): 53010 (http) with context path ''
2019-02-15 11:15:39.754 INFO [main][StartupInfoLogger.java:59] - Started SpringbootdemoApplication in 6.644 seconds (JVM running for 7.71)
2019-02-15 11:26:03.109 INFO [main][StartupInfoLogger.java:50] - Starting SpringbootdemoApplication on LAPTOP-H48RG5JN with PID 20192 (E:\user\docs\workspace\IdeaProjects\springbootdemo\target\classes started by yxb in E:\user\docs\workspace\IdeaProjects\springbootdemo)
2019-02-15 11:26:03.118 INFO [main][SpringApplication.java:679] - The following profiles are active: dev
2019-02-15 11:26:04.032 INFO [main][RepositoryConfigurationDelegate.java:126] - Bootstrapping Spring Data repositories in DEFAULT mode.
2019-02-15 11:26:04.061 INFO [main][RepositoryConfigurationDelegate.java:182] - Finished Spring Data repository scanning in 23ms. Found 0 repository interfaces.
2019-02-15 11:26:04.334 INFO [main][PostProcessorRegistrationDelegate.java:330] - Bean 'org.springframework.transaction.annotation.ProxyTransactionManagementConfiguration' of type [org.springframework.transaction.annotation.ProxyTransactionManagementConfiguration$$EnhancerBySpringCGLIB$$f6d8131e] is not eligible for getting processed by all BeanPostProcessors (for example: not eligible for auto-proxying)
2019-02-15 11:26:04.364 INFO [main][PostProcessorRegistrationDelegate.java:330] - Bean 'org.springframework.security.config.annotation.configuration.ObjectPostProcessorConfiguration' of type [org.springframework.security.config.annotation.configuration.ObjectPostProcessorConfiguration$$EnhancerBySpringCGLIB$$8f85db58] is not eligible for getting processed by all BeanPostProcessors (for example: not eligible for auto-proxying)
2019-02-15 11:26:04.369 INFO [main][PostProcessorRegistrationDelegate.java:330] - Bean 'objectPostProcessor' of type [org.springframework.security.config.annotation.configuration.AutowireBeanFactoryObjectPostProcessor] is not eligible for getting processed by all BeanPostProcessors (for example: not eligible for auto-proxying)
2019-02-15 11:26:04.371 INFO [main][PostProcessorRegistrationDelegate.java:330] - Bean 'org.springframework.security.access.expression.method.DefaultMethodSecurityExpressionHandler@1deceb67' of type [org.springframework.security.access.expression.method.DefaultMethodSecurityExpressionHandler] is not eligible for getting processed by all BeanPostProcessors (for example: not eligible for auto-proxying)
2019-02-15 11:26:04.373 INFO [main][PostProcessorRegistrationDelegate.java:330] - Bean 'org.springframework.security.config.annotation.method.configuration.GlobalMethodSecurityConfiguration' of type [org.springframework.security.config.annotation.method.configuration.GlobalMethodSecurityConfiguration$$EnhancerBySpringCGLIB$$b45a7e0a] is not eligible for getting processed by all BeanPostProcessors (for example: not eligible for auto-proxying)
2019-02-15 11:26:04.380 INFO [main][PostProcessorRegistrationDelegate.java:330] - Bean 'org.springframework.security.config.annotation.method.configuration.Jsr250MetadataSourceConfiguration' of type [org.springframework.security.config.annotation.method.configuration.Jsr250MetadataSourceConfiguration$$EnhancerBySpringCGLIB$$d9af9620] is not eligible for getting processed by all BeanPostProcessors (for example: not eligible for auto-proxying)
2019-02-15 11:26:04.381 INFO [main][PostProcessorRegistrationDelegate.java:330] - Bean 'jsr250MethodSecurityMetadataSource' of type [org.springframework.security.access.annotation.Jsr250MethodSecurityMetadataSource] is not eligible for getting processed by all BeanPostProcessors (for example: not eligible for auto-proxying)
2019-02-15 11:26:04.382 INFO [main][PostProcessorRegistrationDelegate.java:330] - Bean 'methodSecurityMetadataSource' of type [org.springframework.security.access.method.DelegatingMethodSecurityMetadataSource] is not eligible for getting processed by all BeanPostProcessors (for example: not eligible for auto-proxying)
2019-02-15 11:26:04.673 INFO [main][TomcatWebServer.java:90] - Tomcat initialized with port(s): 53010 (http)
2019-02-15 11:26:04.730 INFO [main][DirectJDKLog.java:173] - Initializing ProtocolHandler ["http-nio-53010"]
2019-02-15 11:26:04.738 INFO [main][DirectJDKLog.java:173] - Starting service [Tomcat]
2019-02-15 11:26:04.739 INFO [main][DirectJDKLog.java:173] - Starting Servlet Engine: Apache Tomcat/9.0.13
2019-02-15 11:26:04.744 INFO [main][DirectJDKLog.java:173] - The APR based Apache Tomcat Native library which allows optimal performance in production environments was not found on the java.library.path: [C:\Program Files\Java\jdk1.8.0_131\bin;C:\Windows\Sun\Java\bin;C:\Windows\system32;C:\Windows;D:\Program Files (x86)\java64\jdk1.7.0_80\bin;D:\Program Files (x86)\java64\jre7\bin;C:\Program Files (x86)\Intel\Intel(R) Management Engine Components\iCLS\;C:\Program Files\Intel\Intel(R) Management Engine Components\iCLS\;C:\Windows\system32;C:\Windows;C:\Windows\System32\Wbem;C:\Windows\System32\WindowsPowerShell\v1.0\;C:\Windows\System32\OpenSSH\;C:\Program Files (x86)\Intel\Intel(R) Management Engine Components\DAL;C:\Program Files\Intel\Intel(R) Management Engine Components\DAL;C:\Program Files (x86)\Intel\Intel(R) Management Engine Components\IPT;C:\Program Files\Intel\Intel(R) Management Engine Components\IPT;C:\Program Files (x86)\NVIDIA Corporation\PhysX\Common;C:\Program Files\Intel\WiFi\bin\;C:\Program Files\Common Files\Intel\WirelessCommon\;C:\Program Files\Git\cmd;D:\apache-maven-3.0.4\M3_HOME\bin;C:\Program Files\PuTTY\;D:\apps\oracle\product\11.2.0\dbhome_1\bin;C:\Users\yxb\AppData\Local\Microsoft\WindowsApps;;.]
2019-02-15 11:26:04.884 INFO [main][DirectJDKLog.java:173] - Initializing Spring embedded WebApplicationContext
2019-02-15 11:26:04.884 INFO [main][ServletWebServerApplicationContext.java:296] - Root WebApplicationContext: initialization completed in 1711 ms
2019-02-15 11:26:04.977 INFO [main][DruidDataSourceAutoConfigure.java:56] - Init DruidDataSource
2019-02-15 11:26:07.236 INFO [main][DruidDataSource.java:930] - {dataSource-1} inited
2019-02-15 11:26:07.375 INFO [main][LogHelper.java:31] - HHH000204: Processing PersistenceUnitInfo [
	name: default
	...]
2019-02-15 11:26:07.430 INFO [main][Version.java:46] - HHH000412: Hibernate Core {5.3.7.Final}
2019-02-15 11:26:07.432 INFO [main][Environment.java:213] - HHH000206: hibernate.properties not found
2019-02-15 11:26:07.565 INFO [main][JavaReflectionManager.java:49] - HCANN000001: Hibernate Commons Annotations {5.0.4.Final}
2019-02-15 11:26:07.849 INFO [main][Dialect.java:157] - HHH000400: Using dialect: org.hibernate.dialect.MySQL5Dialect
2019-02-15 11:26:07.991 INFO [main][AbstractEntityManagerFactoryBean.java:415] - Initialized JPA EntityManagerFactory for persistence unit 'default'
2019-02-15 11:26:08.399 WARN [main][JpaBaseConfiguration.java:234] - spring.jpa.open-in-view is enabled by default. Therefore, database queries may be performed during view rendering. Explicitly configure spring.jpa.open-in-view to disable this warning
2019-02-15 11:26:08.604 INFO [main][DefaultSecurityFilterChain.java:43] - Creating filter chain: Ant [pattern='/public/**'], []
2019-02-15 11:26:08.604 INFO [main][DefaultSecurityFilterChain.java:43] - Creating filter chain: Ant [pattern='/webjars/**'], []
2019-02-15 11:26:08.605 INFO [main][DefaultSecurityFilterChain.java:43] - Creating filter chain: Ant [pattern='/v2/**'], []
2019-02-15 11:26:08.605 INFO [main][DefaultSecurityFilterChain.java:43] - Creating filter chain: Ant [pattern='/swagger**'], []
2019-02-15 11:26:08.605 INFO [main][DefaultSecurityFilterChain.java:43] - Creating filter chain: Ant [pattern='/static/**'], []
2019-02-15 11:26:08.605 INFO [main][DefaultSecurityFilterChain.java:43] - Creating filter chain: Ant [pattern='/resources/**'], []
2019-02-15 11:26:08.641 INFO [main][DefaultSecurityFilterChain.java:43] - Creating filter chain: any request, [org.springframework.security.web.context.request.async.WebAsyncManagerIntegrationFilter@2b098563, org.springframework.security.web.context.SecurityContextPersistenceFilter@37d0d373, org.springframework.security.web.header.HeaderWriterFilter@5458c71e, org.springframework.security.web.csrf.CsrfFilter@19105a87, org.springframework.security.web.authentication.logout.LogoutFilter@729cd862, org.springframework.security.web.authentication.UsernamePasswordAuthenticationFilter@6d421fe, org.springframework.security.web.savedrequest.RequestCacheAwareFilter@99c4993, org.springframework.security.web.servletapi.SecurityContextHolderAwareRequestFilter@577bfadb, org.springframework.security.web.authentication.AnonymousAuthenticationFilter@c758a2d, org.springframework.security.web.session.SessionManagementFilter@b3857e2, org.springframework.security.web.access.ExceptionTranslationFilter@3f357c9d, org.springframework.security.web.access.intercept.FilterSecurityInterceptor@68d6f48e]
2019-02-15 11:26:08.667 INFO [main][PropertySourcedRequestMappingHandlerMapping.java:69] - Mapped URL path [/v2/api-docs] onto method [public org.springframework.http.ResponseEntity<springfox.documentation.spring.web.json.Json> springfox.documentation.swagger2.web.Swagger2Controller.getDocumentation(java.lang.String,javax.servlet.http.HttpServletRequest)]
2019-02-15 11:26:08.803 INFO [main][ExecutorConfigurationSupport.java:171] - Initializing ExecutorService 'applicationTaskExecutor'
2019-02-15 11:26:08.956 INFO [main][WelcomePageHandlerMapping.java:61] - Adding welcome page template: index
2019-02-15 11:26:09.057 INFO [main][DocumentationPluginsBootstrapper.java:160] - Context refreshed
2019-02-15 11:26:09.074 INFO [main][DocumentationPluginsBootstrapper.java:163] - Found 1 custom documentation plugin(s)
2019-02-15 11:26:09.103 INFO [main][ApiListingReferenceScanner.java:41] - Scanning for api listing references
2019-02-15 11:26:09.236 INFO [main][CachingOperationNameGenerator.java:40] - Generating unique operation named: sayUsingGET_1
2019-02-15 11:26:09.251 INFO [main][DirectJDKLog.java:173] - Starting ProtocolHandler ["http-nio-53010"]
2019-02-15 11:26:09.260 INFO [main][DirectJDKLog.java:173] - Using a shared selector for servlet write/read
2019-02-15 11:26:09.274 INFO [main][TomcatWebServer.java:204] - Tomcat started on port(s): 53010 (http) with context path ''
2019-02-15 11:26:09.277 INFO [main][StartupInfoLogger.java:59] - Started SpringbootdemoApplication in 6.732 seconds (JVM running for 7.817)
2019-02-15 11:26:15.231 INFO [http-nio-53010-exec-1][DirectJDKLog.java:173] - Initializing Spring DispatcherServlet 'dispatcherServlet'
2019-02-15 11:26:15.231 INFO [http-nio-53010-exec-1][FrameworkServlet.java:524] - Initializing Servlet 'dispatcherServlet'
2019-02-15 11:26:15.240 INFO [http-nio-53010-exec-1][FrameworkServlet.java:546] - Completed initialization in 9 ms
2019-02-15 11:28:54.759 INFO [main][StartupInfoLogger.java:50] - Starting SpringbootdemoApplication on LAPTOP-H48RG5JN with PID 22100 (E:\user\docs\workspace\IdeaProjects\springbootdemo\target\classes started by yxb in E:\user\docs\workspace\IdeaProjects\springbootdemo)
2019-02-15 11:28:54.767 INFO [main][SpringApplication.java:679] - The following profiles are active: dev
2019-02-15 11:28:55.644 INFO [main][RepositoryConfigurationDelegate.java:126] - Bootstrapping Spring Data repositories in DEFAULT mode.
2019-02-15 11:28:55.673 INFO [main][RepositoryConfigurationDelegate.java:182] - Finished Spring Data repository scanning in 23ms. Found 0 repository interfaces.
2019-02-15 11:28:55.968 INFO [main][PostProcessorRegistrationDelegate.java:330] - Bean 'org.springframework.transaction.annotation.ProxyTransactionManagementConfiguration' of type [org.springframework.transaction.annotation.ProxyTransactionManagementConfiguration$$EnhancerBySpringCGLIB$$6b1b5d3f] is not eligible for getting processed by all BeanPostProcessors (for example: not eligible for auto-proxying)
2019-02-15 11:28:55.997 INFO [main][PostProcessorRegistrationDelegate.java:330] - Bean 'org.springframework.security.config.annotation.configuration.ObjectPostProcessorConfiguration' of type [org.springframework.security.config.annotation.configuration.ObjectPostProcessorConfiguration$$EnhancerBySpringCGLIB$$3c92579] is not eligible for getting processed by all BeanPostProcessors (for example: not eligible for auto-proxying)
2019-02-15 11:28:56.002 INFO [main][PostProcessorRegistrationDelegate.java:330] - Bean 'objectPostProcessor' of type [org.springframework.security.config.annotation.configuration.AutowireBeanFactoryObjectPostProcessor] is not eligible for getting processed by all BeanPostProcessors (for example: not eligible for auto-proxying)
2019-02-15 11:28:56.004 INFO [main][PostProcessorRegistrationDelegate.java:330] - Bean 'org.springframework.security.access.expression.method.DefaultMethodSecurityExpressionHandler@7e7f0216' of type [org.springframework.security.access.expression.method.DefaultMethodSecurityExpressionHandler] is not eligible for getting processed by all BeanPostProcessors (for example: not eligible for auto-proxying)
2019-02-15 11:28:56.006 INFO [main][PostProcessorRegistrationDelegate.java:330] - Bean 'org.springframework.security.config.annotation.method.configuration.GlobalMethodSecurityConfiguration' of type [org.springframework.security.config.annotation.method.configuration.GlobalMethodSecurityConfiguration$$EnhancerBySpringCGLIB$$289dc82b] is not eligible for getting processed by all BeanPostProcessors (for example: not eligible for auto-proxying)
2019-02-15 11:28:56.012 INFO [main][PostProcessorRegistrationDelegate.java:330] - Bean 'org.springframework.security.config.annotation.method.configuration.Jsr250MetadataSourceConfiguration' of type [org.springframework.security.config.annotation.method.configuration.Jsr250MetadataSourceConfiguration$$EnhancerBySpringCGLIB$$4df2e041] is not eligible for getting processed by all BeanPostProcessors (for example: not eligible for auto-proxying)
2019-02-15 11:28:56.014 INFO [main][PostProcessorRegistrationDelegate.java:330] - Bean 'jsr250MethodSecurityMetadataSource' of type [org.springframework.security.access.annotation.Jsr250MethodSecurityMetadataSource] is not eligible for getting processed by all BeanPostProcessors (for example: not eligible for auto-proxying)
2019-02-15 11:28:56.015 INFO [main][PostProcessorRegistrationDelegate.java:330] - Bean 'methodSecurityMetadataSource' of type [org.springframework.security.access.method.DelegatingMethodSecurityMetadataSource] is not eligible for getting processed by all BeanPostProcessors (for example: not eligible for auto-proxying)
2019-02-15 11:28:56.300 INFO [main][TomcatWebServer.java:90] - Tomcat initialized with port(s): 53010 (http)
2019-02-15 11:28:56.356 INFO [main][DirectJDKLog.java:173] - Initializing ProtocolHandler ["http-nio-53010"]
2019-02-15 11:28:56.363 INFO [main][DirectJDKLog.java:173] - Starting service [Tomcat]
2019-02-15 11:28:56.364 INFO [main][DirectJDKLog.java:173] - Starting Servlet Engine: Apache Tomcat/9.0.13
2019-02-15 11:28:56.369 INFO [main][DirectJDKLog.java:173] - The APR based Apache Tomcat Native library which allows optimal performance in production environments was not found on the java.library.path: [C:\Program Files\Java\jdk1.8.0_131\bin;C:\Windows\Sun\Java\bin;C:\Windows\system32;C:\Windows;D:\Program Files (x86)\java64\jdk1.7.0_80\bin;D:\Program Files (x86)\java64\jre7\bin;C:\Program Files (x86)\Intel\Intel(R) Management Engine Components\iCLS\;C:\Program Files\Intel\Intel(R) Management Engine Components\iCLS\;C:\Windows\system32;C:\Windows;C:\Windows\System32\Wbem;C:\Windows\System32\WindowsPowerShell\v1.0\;C:\Windows\System32\OpenSSH\;C:\Program Files (x86)\Intel\Intel(R) Management Engine Components\DAL;C:\Program Files\Intel\Intel(R) Management Engine Components\DAL;C:\Program Files (x86)\Intel\Intel(R) Management Engine Components\IPT;C:\Program Files\Intel\Intel(R) Management Engine Components\IPT;C:\Program Files (x86)\NVIDIA Corporation\PhysX\Common;C:\Program Files\Intel\WiFi\bin\;C:\Program Files\Common Files\Intel\WirelessCommon\;C:\Program Files\Git\cmd;D:\apache-maven-3.0.4\M3_HOME\bin;C:\Program Files\PuTTY\;D:\apps\oracle\product\11.2.0\dbhome_1\bin;C:\Users\yxb\AppData\Local\Microsoft\WindowsApps;;.]
2019-02-15 11:28:56.508 INFO [main][DirectJDKLog.java:173] - Initializing Spring embedded WebApplicationContext
2019-02-15 11:28:56.508 INFO [main][ServletWebServerApplicationContext.java:296] - Root WebApplicationContext: initialization completed in 1698 ms
2019-02-15 11:28:56.599 INFO [main][DruidDataSourceAutoConfigure.java:56] - Init DruidDataSource
2019-02-15 11:28:59.069 INFO [main][DruidDataSource.java:930] - {dataSource-1} inited
2019-02-15 11:28:59.203 INFO [main][LogHelper.java:31] - HHH000204: Processing PersistenceUnitInfo [
	name: default
	...]
2019-02-15 11:28:59.257 INFO [main][Version.java:46] - HHH000412: Hibernate Core {5.3.7.Final}
2019-02-15 11:28:59.258 INFO [main][Environment.java:213] - HHH000206: hibernate.properties not found
2019-02-15 11:28:59.372 INFO [main][JavaReflectionManager.java:49] - HCANN000001: Hibernate Commons Annotations {5.0.4.Final}
2019-02-15 11:28:59.634 INFO [main][Dialect.java:157] - HHH000400: Using dialect: org.hibernate.dialect.MySQL5Dialect
2019-02-15 11:28:59.784 INFO [main][AbstractEntityManagerFactoryBean.java:415] - Initialized JPA EntityManagerFactory for persistence unit 'default'
2019-02-15 11:29:00.191 WARN [main][JpaBaseConfiguration.java:234] - spring.jpa.open-in-view is enabled by default. Therefore, database queries may be performed during view rendering. Explicitly configure spring.jpa.open-in-view to disable this warning
2019-02-15 11:29:00.394 INFO [main][DefaultSecurityFilterChain.java:43] - Creating filter chain: Ant [pattern='/public/**'], []
2019-02-15 11:29:00.394 INFO [main][DefaultSecurityFilterChain.java:43] - Creating filter chain: Ant [pattern='/webjars/**'], []
2019-02-15 11:29:00.395 INFO [main][DefaultSecurityFilterChain.java:43] - Creating filter chain: Ant [pattern='/v2/**'], []
2019-02-15 11:29:00.395 INFO [main][DefaultSecurityFilterChain.java:43] - Creating filter chain: Ant [pattern='/swagger**'], []
2019-02-15 11:29:00.395 INFO [main][DefaultSecurityFilterChain.java:43] - Creating filter chain: Ant [pattern='/static/**'], []
2019-02-15 11:29:00.395 INFO [main][DefaultSecurityFilterChain.java:43] - Creating filter chain: Ant [pattern='/resources/**'], []
2019-02-15 11:29:00.395 INFO [main][DefaultSecurityFilterChain.java:43] - Creating filter chain: Ant [pattern='/templates/**'], []
2019-02-15 11:29:00.430 INFO [main][DefaultSecurityFilterChain.java:43] - Creating filter chain: any request, [org.springframework.security.web.context.request.async.WebAsyncManagerIntegrationFilter@6c96403e, org.springframework.security.web.context.SecurityContextPersistenceFilter@3f3c8b60, org.springframework.security.web.header.HeaderWriterFilter@2120bed, org.springframework.security.web.csrf.CsrfFilter@3302035b, org.springframework.security.web.authentication.logout.LogoutFilter@632241f5, org.springframework.security.web.authentication.UsernamePasswordAuthenticationFilter@69ffdaa8, org.springframework.security.web.savedrequest.RequestCacheAwareFilter@3f357c9d, org.springframework.security.web.servletapi.SecurityContextHolderAwareRequestFilter@38089dae, org.springframework.security.web.authentication.AnonymousAuthenticationFilter@7babed9e, org.springframework.security.web.session.SessionManagementFilter@743bb39a, org.springframework.security.web.access.ExceptionTranslationFilter@44ccd75c, org.springframework.security.web.access.intercept.FilterSecurityInterceptor@6987a133]
2019-02-15 11:29:00.455 INFO [main][PropertySourcedRequestMappingHandlerMapping.java:69] - Mapped URL path [/v2/api-docs] onto method [public org.springframework.http.ResponseEntity<springfox.documentation.spring.web.json.Json> springfox.documentation.swagger2.web.Swagger2Controller.getDocumentation(java.lang.String,javax.servlet.http.HttpServletRequest)]
2019-02-15 11:29:00.590 INFO [main][ExecutorConfigurationSupport.java:171] - Initializing ExecutorService 'applicationTaskExecutor'
2019-02-15 11:29:00.726 INFO [main][WelcomePageHandlerMapping.java:61] - Adding welcome page template: index
2019-02-15 11:29:00.824 INFO [main][DocumentationPluginsBootstrapper.java:160] - Context refreshed
2019-02-15 11:29:00.840 INFO [main][DocumentationPluginsBootstrapper.java:163] - Found 1 custom documentation plugin(s)
2019-02-15 11:29:00.869 INFO [main][ApiListingReferenceScanner.java:41] - Scanning for api listing references
2019-02-15 11:29:00.996 INFO [main][CachingOperationNameGenerator.java:40] - Generating unique operation named: sayUsingGET_1
2019-02-15 11:29:01.011 INFO [main][DirectJDKLog.java:173] - Starting ProtocolHandler ["http-nio-53010"]
2019-02-15 11:29:01.020 INFO [main][DirectJDKLog.java:173] - Using a shared selector for servlet write/read
2019-02-15 11:29:01.035 INFO [main][TomcatWebServer.java:204] - Tomcat started on port(s): 53010 (http) with context path ''
2019-02-15 11:29:01.038 INFO [main][StartupInfoLogger.java:59] - Started SpringbootdemoApplication in 6.812 seconds (JVM running for 7.859)
2019-02-15 11:29:16.759 INFO [http-nio-53010-exec-1][DirectJDKLog.java:173] - Initializing Spring DispatcherServlet 'dispatcherServlet'
2019-02-15 11:29:16.759 INFO [http-nio-53010-exec-1][FrameworkServlet.java:524] - Initializing Servlet 'dispatcherServlet'
2019-02-15 11:29:16.768 INFO [http-nio-53010-exec-1][FrameworkServlet.java:546] - Completed initialization in 8 ms
