2019-02-19 10:00:55.325 INFO [Thread-24][ExecutorConfigurationSupport.java:208] - Shutting down ExecutorService 'applicationTaskExecutor'
2019-02-19 10:00:55.334 INFO [Thread-24][AbstractEntityManagerFactoryBean.java:597] - Closing JPA EntityManagerFactory for persistence unit 'default'
2019-02-19 10:00:55.344 INFO [Thread-24][DruidDataSource.java:1825] - {dataSource-1} closed
2019-02-19 10:01:01.098 INFO [main][StartupInfoLogger.java:50] - Starting SpringbootdemoApplication on LAPTOP-H48RG5JN with PID 2768 (E:\user\docs\workspace\IdeaProjects\springbootdemo\target\classes started by yxb in E:\user\docs\workspace\IdeaProjects\springbootdemo)
2019-02-19 10:01:01.106 INFO [main][SpringApplication.java:679] - The following profiles are active: dev
2019-02-19 10:01:02.077 INFO [main][RepositoryConfigurationDelegate.java:126] - Bootstrapping Spring Data repositories in DEFAULT mode.
2019-02-19 10:01:02.152 INFO [main][RepositoryConfigurationDelegate.java:182] - Finished Spring Data repository scanning in 69ms. Found 1 repository interfaces.
2019-02-19 10:01:02.443 INFO [main][PostProcessorRegistrationDelegate.java:330] - Bean 'org.springframework.transaction.annotation.ProxyTransactionManagementConfiguration' of type [org.springframework.transaction.annotation.ProxyTransactionManagementConfiguration$$EnhancerBySpringCGLIB$$a8e48388] is not eligible for getting processed by all BeanPostProcessors (for example: not eligible for auto-proxying)
2019-02-19 10:01:02.882 INFO [main][TomcatWebServer.java:90] - Tomcat initialized with port(s): 53010 (http)
2019-02-19 10:01:02.895 INFO [main][DirectJDKLog.java:173] - Initializing ProtocolHandler ["http-nio-53010"]
2019-02-19 10:01:02.904 INFO [main][DirectJDKLog.java:173] - Starting service [Tomcat]
2019-02-19 10:01:02.905 INFO [main][DirectJDKLog.java:173] - Starting Servlet Engine: Apache Tomcat/9.0.13
2019-02-19 10:01:02.913 INFO [main][DirectJDKLog.java:173] - The APR based Apache Tomcat Native library which allows optimal performance in production environments was not found on the java.library.path: [C:\Program Files\Java\jdk1.8.0_131\bin;C:\Windows\Sun\Java\bin;C:\Windows\system32;C:\Windows;E:\app\oracleClient\product\11.2.0\client_1\bin;D:\Program Files (x86)\java64\jdk1.7.0_80\bin;D:\Program Files (x86)\java64\jre7\bin;C:\Program Files (x86)\Intel\Intel(R) Management Engine Components\iCLS\;C:\Program Files\Intel\Intel(R) Management Engine Components\iCLS\;C:\Windows\system32;C:\Windows;C:\Windows\System32\Wbem;C:\Windows\System32\WindowsPowerShell\v1.0\;C:\Windows\System32\OpenSSH\;C:\Program Files (x86)\Intel\Intel(R) Management Engine Components\DAL;C:\Program Files\Intel\Intel(R) Management Engine Components\DAL;C:\Program Files (x86)\Intel\Intel(R) Management Engine Components\IPT;C:\Program Files\Intel\Intel(R) Management Engine Components\IPT;C:\Program Files (x86)\NVIDIA Corporation\PhysX\Common;C:\Program Files\Intel\WiFi\bin\;C:\Program Files\Common Files\Intel\WirelessCommon\;C:\Program Files\Git\cmd;D:\apache-maven-3.0.4\M3_HOME\bin;C:\Program Files\PuTTY\;D:\apps\oracle\product\11.2.0\dbhome_1\bin;C:\Program Files (x86)\Rational\common;C:\Users\yxb\AppData\Local\Microsoft\WindowsApps;;.]
2019-02-19 10:01:03.054 INFO [main][DirectJDKLog.java:173] - Initializing Spring embedded WebApplicationContext
2019-02-19 10:01:03.054 INFO [main][ServletWebServerApplicationContext.java:296] - Root WebApplicationContext: initialization completed in 1895 ms
2019-02-19 10:01:03.147 INFO [main][DruidDataSourceAutoConfigure.java:56] - Init DruidDataSource
2019-02-19 10:01:05.419 INFO [main][DruidDataSource.java:930] - {dataSource-1} inited
2019-02-19 10:01:05.556 INFO [main][LogHelper.java:31] - HHH000204: Processing PersistenceUnitInfo [
	name: default
	...]
2019-02-19 10:01:05.619 INFO [main][Version.java:46] - HHH000412: Hibernate Core {5.3.7.Final}
2019-02-19 10:01:05.621 INFO [main][Environment.java:213] - HHH000206: hibernate.properties not found
2019-02-19 10:01:05.757 INFO [main][JavaReflectionManager.java:49] - HCANN000001: Hibernate Commons Annotations {5.0.4.Final}
2019-02-19 10:01:06.049 INFO [main][Dialect.java:157] - HHH000400: Using dialect: org.hibernate.dialect.MySQL5Dialect
2019-02-19 10:01:07.012 INFO [main][AbstractEntityManagerFactoryBean.java:415] - Initialized JPA EntityManagerFactory for persistence unit 'default'
2019-02-19 10:01:09.128 WARN [main][JpaBaseConfiguration.java:234] - spring.jpa.open-in-view is enabled by default. Therefore, database queries may be performed during view rendering. Explicitly configure spring.jpa.open-in-view to disable this warning
2019-02-19 10:01:09.314 INFO [main][PropertySourcedRequestMappingHandlerMapping.java:69] - Mapped URL path [/v2/api-docs] onto method [public org.springframework.http.ResponseEntity<springfox.documentation.spring.web.json.Json> springfox.documentation.swagger2.web.Swagger2Controller.getDocumentation(java.lang.String,javax.servlet.http.HttpServletRequest)]
2019-02-19 10:01:09.481 INFO [main][ExecutorConfigurationSupport.java:171] - Initializing ExecutorService 'applicationTaskExecutor'
2019-02-19 10:01:09.594 INFO [main][WelcomePageHandlerMapping.java:56] - Adding welcome page: class path resource [static/index.html]
2019-02-19 10:01:09.705 INFO [main][DocumentationPluginsBootstrapper.java:160] - Context refreshed
2019-02-19 10:01:09.739 INFO [main][DocumentationPluginsBootstrapper.java:163] - Found 1 custom documentation plugin(s)
2019-02-19 10:01:09.791 INFO [main][ApiListingReferenceScanner.java:41] - Scanning for api listing references
2019-02-19 10:01:10.026 INFO [main][CachingOperationNameGenerator.java:40] - Generating unique operation named: sayUsingGET_1
2019-02-19 10:01:10.051 INFO [main][DirectJDKLog.java:173] - Starting ProtocolHandler ["http-nio-53010"]
2019-02-19 10:01:10.077 INFO [main][DirectJDKLog.java:173] - Using a shared selector for servlet write/read
2019-02-19 10:01:10.100 INFO [main][TomcatWebServer.java:204] - Tomcat started on port(s): 53010 (http) with context path ''
2019-02-19 10:01:10.105 INFO [main][StartupInfoLogger.java:59] - Started SpringbootdemoApplication in 9.583 seconds (JVM running for 10.759)
2019-02-19 10:01:13.860 INFO [http-nio-53010-exec-1][DirectJDKLog.java:173] - Initializing Spring DispatcherServlet 'dispatcherServlet'
2019-02-19 10:01:13.860 INFO [http-nio-53010-exec-1][FrameworkServlet.java:524] - Initializing Servlet 'dispatcherServlet'
2019-02-19 10:01:13.872 INFO [http-nio-53010-exec-1][FrameworkServlet.java:546] - Completed initialization in 11 ms
2019-02-19 10:01:13.929 INFO [http-nio-53010-exec-1][HelloDemo.java:51] - [进入]张三
2019-02-19 10:01:13.968 INFO [http-nio-53010-exec-1][QueryTranslatorFactoryInitiator.java:47] - HHH000397: Using ASTQueryTranslatorFactory
2019-02-19 10:01:14.336 INFO [http-nio-53010-exec-1][HelloDemo.java:53] - [结果]null
2019-02-19 10:01:26.556 INFO [http-nio-53010-exec-2][HelloDemo.java:74] - [进入gelAll]
2019-02-19 10:01:27.016 INFO [http-nio-53010-exec-2][HelloDemo.java:76] - [结果][DemoEntity(id=1, name=张三, age=23), DemoEntity(id=2, name=李四, age=20), DemoEntity(id=3, name=王五, age=30)]
2019-02-19 10:01:38.035 INFO [http-nio-53010-exec-3][HelloDemo.java:41] - [进入]1
2019-02-19 10:01:38.338 INFO [http-nio-53010-exec-3][HelloDemo.java:43] - [结果]DemoEntity(id=1, name=张三, age=23)
2019-02-19 10:02:05.397 INFO [http-nio-53010-exec-5][HelloDemo.java:51] - [进入]张三
2019-02-19 10:02:05.439 INFO [http-nio-53010-exec-5][HelloDemo.java:53] - [结果]null
2019-02-19 10:02:36.472 INFO [http-nio-53010-exec-4][HelloDemo.java:51] - [进入]demo
2019-02-19 10:02:36.513 INFO [http-nio-53010-exec-4][HelloDemo.java:53] - [结果]DemoEntity(id=4, name=demo, age=22)
2019-02-19 10:03:07.102 INFO [http-nio-53010-exec-6][HelloDemo.java:65] - [进入]demo  22
2019-02-19 10:03:18.327 ERROR [http-nio-53010-exec-6][GlobalExceptionHandler.java:31] - 【系统异常】{}
org.springframework.dao.InvalidDataAccessApiUsageException: Parameter value [22] did not match expected type [java.lang.String (n/a)]; nested exception is java.lang.IllegalArgumentException: Parameter value [22] did not match expected type [java.lang.String (n/a)]
	at org.springframework.orm.jpa.EntityManagerFactoryUtils.convertJpaAccessExceptionIfPossible(EntityManagerFactoryUtils.java:367)
	at org.springframework.orm.jpa.vendor.HibernateJpaDialect.translateExceptionIfPossible(HibernateJpaDialect.java:255)
	at org.springframework.orm.jpa.AbstractEntityManagerFactoryBean.translateExceptionIfPossible(AbstractEntityManagerFactoryBean.java:527)
	at org.springframework.dao.support.ChainedPersistenceExceptionTranslator.translateExceptionIfPossible(ChainedPersistenceExceptionTranslator.java:61)
	at org.springframework.dao.support.DataAccessUtils.translateIfNecessary(DataAccessUtils.java:242)
	at org.springframework.dao.support.PersistenceExceptionTranslationInterceptor.invoke(PersistenceExceptionTranslationInterceptor.java:153)
	at org.springframework.aop.framework.ReflectiveMethodInvocation.proceed(ReflectiveMethodInvocation.java:186)
	at org.springframework.data.jpa.repository.support.CrudMethodMetadataPostProcessor$CrudMethodMetadataPopulatingMethodInterceptor.invoke(CrudMethodMetadataPostProcessor.java:135)
	at org.springframework.aop.framework.ReflectiveMethodInvocation.proceed(ReflectiveMethodInvocation.java:186)
	at org.springframework.aop.interceptor.ExposeInvocationInterceptor.invoke(ExposeInvocationInterceptor.java:93)
	at org.springframework.aop.framework.ReflectiveMethodInvocation.proceed(ReflectiveMethodInvocation.java:186)
	at org.springframework.data.repository.core.support.SurroundingTransactionDetectorMethodInterceptor.invoke(SurroundingTransactionDetectorMethodInterceptor.java:61)
	at org.springframework.aop.framework.ReflectiveMethodInvocation.proceed(ReflectiveMethodInvocation.java:186)
	at org.springframework.aop.framework.JdkDynamicAopProxy.invoke(JdkDynamicAopProxy.java:212)
	at com.sun.proxy.$Proxy113.findByNameAndAge(Unknown Source)
	at com.example.springbootdemo.service.impl.DemoServiceImpl.findByNameAndAge(DemoServiceImpl.java:40)
	at com.example.springbootdemo.web.HelloDemo.findByNameAndAge(HelloDemo.java:66)
	at sun.reflect.NativeMethodAccessorImpl.invoke0(Native Method)
	at sun.reflect.NativeMethodAccessorImpl.invoke(NativeMethodAccessorImpl.java:62)
	at sun.reflect.DelegatingMethodAccessorImpl.invoke(DelegatingMethodAccessorImpl.java:43)
	at java.lang.reflect.Method.invoke(Method.java:498)
	at org.springframework.web.method.support.InvocableHandlerMethod.doInvoke(InvocableHandlerMethod.java:189)
	at org.springframework.web.method.support.InvocableHandlerMethod.invokeForRequest(InvocableHandlerMethod.java:138)
	at org.springframework.web.servlet.mvc.method.annotation.ServletInvocableHandlerMethod.invokeAndHandle(ServletInvocableHandlerMethod.java:102)
	at org.springframework.web.servlet.mvc.method.annotation.RequestMappingHandlerAdapter.invokeHandlerMethod(RequestMappingHandlerAdapter.java:895)
	at org.springframework.web.servlet.mvc.method.annotation.RequestMappingHandlerAdapter.handleInternal(RequestMappingHandlerAdapter.java:800)
	at org.springframework.web.servlet.mvc.method.AbstractHandlerMethodAdapter.handle(AbstractHandlerMethodAdapter.java:87)
	at org.springframework.web.servlet.DispatcherServlet.doDispatch(DispatcherServlet.java:1038)
	at org.springframework.web.servlet.DispatcherServlet.doService(DispatcherServlet.java:942)
	at org.springframework.web.servlet.FrameworkServlet.processRequest(FrameworkServlet.java:1005)
	at org.springframework.web.servlet.FrameworkServlet.doGet(FrameworkServlet.java:897)
	at javax.servlet.http.HttpServlet.service(HttpServlet.java:634)
	at org.springframework.web.servlet.FrameworkServlet.service(FrameworkServlet.java:882)
	at javax.servlet.http.HttpServlet.service(HttpServlet.java:741)
	at org.apache.catalina.core.ApplicationFilterChain.internalDoFilter(ApplicationFilterChain.java:231)
	at org.apache.catalina.core.ApplicationFilterChain.doFilter(ApplicationFilterChain.java:166)
	at org.apache.tomcat.websocket.server.WsFilter.doFilter(WsFilter.java:53)
	at org.apache.catalina.core.ApplicationFilterChain.internalDoFilter(ApplicationFilterChain.java:193)
	at org.apache.catalina.core.ApplicationFilterChain.doFilter(ApplicationFilterChain.java:166)
	at com.alibaba.druid.support.http.WebStatFilter.doFilter(WebStatFilter.java:123)
	at org.apache.catalina.core.ApplicationFilterChain.internalDoFilter(ApplicationFilterChain.java:193)
	at org.apache.catalina.core.ApplicationFilterChain.doFilter(ApplicationFilterChain.java:166)
	at org.springframework.web.filter.RequestContextFilter.doFilterInternal(RequestContextFilter.java:99)
	at org.springframework.web.filter.OncePerRequestFilter.doFilter(OncePerRequestFilter.java:107)
	at org.apache.catalina.core.ApplicationFilterChain.internalDoFilter(ApplicationFilterChain.java:193)
	at org.apache.catalina.core.ApplicationFilterChain.doFilter(ApplicationFilterChain.java:166)
	at org.springframework.web.filter.FormContentFilter.doFilterInternal(FormContentFilter.java:92)
	at org.springframework.web.filter.OncePerRequestFilter.doFilter(OncePerRequestFilter.java:107)
	at org.apache.catalina.core.ApplicationFilterChain.internalDoFilter(ApplicationFilterChain.java:193)
	at org.apache.catalina.core.ApplicationFilterChain.doFilter(ApplicationFilterChain.java:166)
	at org.springframework.web.filter.HiddenHttpMethodFilter.doFilterInternal(HiddenHttpMethodFilter.java:93)
	at org.springframework.web.filter.OncePerRequestFilter.doFilter(OncePerRequestFilter.java:107)
	at org.apache.catalina.core.ApplicationFilterChain.internalDoFilter(ApplicationFilterChain.java:193)
	at org.apache.catalina.core.ApplicationFilterChain.doFilter(ApplicationFilterChain.java:166)
	at org.springframework.web.filter.CharacterEncodingFilter.doFilterInternal(CharacterEncodingFilter.java:200)
	at org.springframework.web.filter.OncePerRequestFilter.doFilter(OncePerRequestFilter.java:107)
	at org.apache.catalina.core.ApplicationFilterChain.internalDoFilter(ApplicationFilterChain.java:193)
	at org.apache.catalina.core.ApplicationFilterChain.doFilter(ApplicationFilterChain.java:166)
	at org.apache.catalina.core.StandardWrapperValve.invoke(StandardWrapperValve.java:199)
	at org.apache.catalina.core.StandardContextValve.invoke(StandardContextValve.java:96)
	at org.apache.catalina.authenticator.AuthenticatorBase.invoke(AuthenticatorBase.java:490)
	at org.apache.catalina.core.StandardHostValve.invoke(StandardHostValve.java:139)
	at org.apache.catalina.valves.ErrorReportValve.invoke(ErrorReportValve.java:92)
	at org.apache.catalina.core.StandardEngineValve.invoke(StandardEngineValve.java:74)
	at org.apache.catalina.connector.CoyoteAdapter.service(CoyoteAdapter.java:343)
	at org.apache.coyote.http11.Http11Processor.service(Http11Processor.java:408)
	at org.apache.coyote.AbstractProcessorLight.process(AbstractProcessorLight.java:66)
	at org.apache.coyote.AbstractProtocol$ConnectionHandler.process(AbstractProtocol.java:791)
	at org.apache.tomcat.util.net.NioEndpoint$SocketProcessor.doRun(NioEndpoint.java:1417)
	at org.apache.tomcat.util.net.SocketProcessorBase.run(SocketProcessorBase.java:49)
	at java.util.concurrent.ThreadPoolExecutor.runWorker(ThreadPoolExecutor.java:1142)
	at java.util.concurrent.ThreadPoolExecutor$Worker.run(ThreadPoolExecutor.java:617)
	at org.apache.tomcat.util.threads.TaskThread$WrappingRunnable.run(TaskThread.java:61)
	at java.lang.Thread.run(Thread.java:748)
Caused by: java.lang.IllegalArgumentException: Parameter value [22] did not match expected type [java.lang.String (n/a)]
	at org.hibernate.query.spi.QueryParameterBindingValidator.validate(QueryParameterBindingValidator.java:54)
	at org.hibernate.query.spi.QueryParameterBindingValidator.validate(QueryParameterBindingValidator.java:27)
	at org.hibernate.query.internal.QueryParameterBindingImpl.validate(QueryParameterBindingImpl.java:90)
	at org.hibernate.query.internal.QueryParameterBindingImpl.setBindValue(QueryParameterBindingImpl.java:55)
	at org.hibernate.query.internal.AbstractProducedQuery.setParameter(AbstractProducedQuery.java:493)
	at org.hibernate.query.internal.AbstractProducedQuery.setParameter(AbstractProducedQuery.java:106)
	at org.hibernate.query.criteria.internal.compile.CriteriaQueryTypeQueryAdapter.setParameter(CriteriaQueryTypeQueryAdapter.java:385)
	at org.hibernate.query.criteria.internal.compile.CriteriaQueryTypeQueryAdapter.setParameter(CriteriaQueryTypeQueryAdapter.java:59)
	at org.springframework.data.jpa.repository.query.QueryParameterSetter$NamedOrIndexedQueryParameterSetter.lambda$setParameter$3(QueryParameterSetter.java:111)
	at org.springframework.data.jpa.repository.query.QueryParameterSetter$ErrorHandling$1.execute(QueryParameterSetter.java:175)
	at org.springframework.data.jpa.repository.query.QueryParameterSetter$NamedOrIndexedQueryParameterSetter.setParameter(QueryParameterSetter.java:111)
	at org.springframework.data.jpa.repository.query.ParameterBinder.lambda$bind$0(ParameterBinder.java:79)
	at java.util.ArrayList.forEach(ArrayList.java:1249)
	at java.util.Collections$UnmodifiableCollection.forEach(Collections.java:1080)
	at org.springframework.data.jpa.repository.query.ParameterBinder.bind(ParameterBinder.java:79)
	at org.springframework.data.jpa.repository.query.ParameterBinder.bind(ParameterBinder.java:74)
	at org.springframework.data.jpa.repository.query.ParameterBinder.bindAndPrepare(ParameterBinder.java:96)
	at org.springframework.data.jpa.repository.query.PartTreeJpaQuery$QueryPreparer.invokeBinding(PartTreeJpaQuery.java:244)
	at org.springframework.data.jpa.repository.query.PartTreeJpaQuery$QueryPreparer.createQuery(PartTreeJpaQuery.java:171)
	at org.springframework.data.jpa.repository.query.PartTreeJpaQuery.doCreateQuery(PartTreeJpaQuery.java:92)
	at org.springframework.data.jpa.repository.query.AbstractJpaQuery.createQuery(AbstractJpaQuery.java:210)
	at org.springframework.data.jpa.repository.query.JpaQueryExecution$SingleEntityExecution.doExecute(JpaQueryExecution.java:214)
	at org.springframework.data.jpa.repository.query.JpaQueryExecution.execute(JpaQueryExecution.java:91)
	at org.springframework.data.jpa.repository.query.AbstractJpaQuery.doExecute(AbstractJpaQuery.java:136)
	at org.springframework.data.jpa.repository.query.AbstractJpaQuery.execute(AbstractJpaQuery.java:125)
	at org.springframework.data.repository.core.support.RepositoryFactorySupport$QueryExecutorMethodInterceptor.doInvoke(RepositoryFactorySupport.java:605)
	at org.springframework.data.repository.core.support.RepositoryFactorySupport$QueryExecutorMethodInterceptor.lambda$invoke$3(RepositoryFactorySupport.java:595)
	at org.springframework.data.repository.core.support.RepositoryFactorySupport$QueryExecutorMethodInterceptor.invoke(RepositoryFactorySupport.java:595)
	at org.springframework.aop.framework.ReflectiveMethodInvocation.proceed(ReflectiveMethodInvocation.java:186)
	at org.springframework.data.projection.DefaultMethodInvokingMethodInterceptor.invoke(DefaultMethodInvokingMethodInterceptor.java:59)
	at org.springframework.aop.framework.ReflectiveMethodInvocation.proceed(ReflectiveMethodInvocation.java:186)
	at org.springframework.transaction.interceptor.TransactionAspectSupport.invokeWithinTransaction(TransactionAspectSupport.java:294)
	at org.springframework.transaction.interceptor.TransactionInterceptor.invoke(TransactionInterceptor.java:98)
	at org.springframework.aop.framework.ReflectiveMethodInvocation.proceed(ReflectiveMethodInvocation.java:186)
	at org.springframework.dao.support.PersistenceExceptionTranslationInterceptor.invoke(PersistenceExceptionTranslationInterceptor.java:139)
	... 68 more
2019-02-19 10:03:25.279 INFO [http-nio-53010-exec-7][HelloDemo.java:65] - [进入]demo  22
2019-02-19 10:03:25.281 ERROR [http-nio-53010-exec-7][GlobalExceptionHandler.java:31] - 【系统异常】{}
org.springframework.dao.InvalidDataAccessApiUsageException: Parameter value [22] did not match expected type [java.lang.String (n/a)]; nested exception is java.lang.IllegalArgumentException: Parameter value [22] did not match expected type [java.lang.String (n/a)]
	at org.springframework.orm.jpa.EntityManagerFactoryUtils.convertJpaAccessExceptionIfPossible(EntityManagerFactoryUtils.java:367)
	at org.springframework.orm.jpa.vendor.HibernateJpaDialect.translateExceptionIfPossible(HibernateJpaDialect.java:255)
	at org.springframework.orm.jpa.AbstractEntityManagerFactoryBean.translateExceptionIfPossible(AbstractEntityManagerFactoryBean.java:527)
	at org.springframework.dao.support.ChainedPersistenceExceptionTranslator.translateExceptionIfPossible(ChainedPersistenceExceptionTranslator.java:61)
	at org.springframework.dao.support.DataAccessUtils.translateIfNecessary(DataAccessUtils.java:242)
	at org.springframework.dao.support.PersistenceExceptionTranslationInterceptor.invoke(PersistenceExceptionTranslationInterceptor.java:153)
	at org.springframework.aop.framework.ReflectiveMethodInvocation.proceed(ReflectiveMethodInvocation.java:186)
	at org.springframework.data.jpa.repository.support.CrudMethodMetadataPostProcessor$CrudMethodMetadataPopulatingMethodInterceptor.invoke(CrudMethodMetadataPostProcessor.java:135)
	at org.springframework.aop.framework.ReflectiveMethodInvocation.proceed(ReflectiveMethodInvocation.java:186)
	at org.springframework.aop.interceptor.ExposeInvocationInterceptor.invoke(ExposeInvocationInterceptor.java:93)
	at org.springframework.aop.framework.ReflectiveMethodInvocation.proceed(ReflectiveMethodInvocation.java:186)
	at org.springframework.data.repository.core.support.SurroundingTransactionDetectorMethodInterceptor.invoke(SurroundingTransactionDetectorMethodInterceptor.java:61)
	at org.springframework.aop.framework.ReflectiveMethodInvocation.proceed(ReflectiveMethodInvocation.java:186)
	at org.springframework.aop.framework.JdkDynamicAopProxy.invoke(JdkDynamicAopProxy.java:212)
	at com.sun.proxy.$Proxy113.findByNameAndAge(Unknown Source)
	at com.example.springbootdemo.service.impl.DemoServiceImpl.findByNameAndAge(DemoServiceImpl.java:40)
	at com.example.springbootdemo.web.HelloDemo.findByNameAndAge(HelloDemo.java:66)
	at sun.reflect.NativeMethodAccessorImpl.invoke0(Native Method)
	at sun.reflect.NativeMethodAccessorImpl.invoke(NativeMethodAccessorImpl.java:62)
	at sun.reflect.DelegatingMethodAccessorImpl.invoke(DelegatingMethodAccessorImpl.java:43)
	at java.lang.reflect.Method.invoke(Method.java:498)
	at org.springframework.web.method.support.InvocableHandlerMethod.doInvoke(InvocableHandlerMethod.java:189)
	at org.springframework.web.method.support.InvocableHandlerMethod.invokeForRequest(InvocableHandlerMethod.java:138)
	at org.springframework.web.servlet.mvc.method.annotation.ServletInvocableHandlerMethod.invokeAndHandle(ServletInvocableHandlerMethod.java:102)
	at org.springframework.web.servlet.mvc.method.annotation.RequestMappingHandlerAdapter.invokeHandlerMethod(RequestMappingHandlerAdapter.java:895)
	at org.springframework.web.servlet.mvc.method.annotation.RequestMappingHandlerAdapter.handleInternal(RequestMappingHandlerAdapter.java:800)
	at org.springframework.web.servlet.mvc.method.AbstractHandlerMethodAdapter.handle(AbstractHandlerMethodAdapter.java:87)
	at org.springframework.web.servlet.DispatcherServlet.doDispatch(DispatcherServlet.java:1038)
	at org.springframework.web.servlet.DispatcherServlet.doService(DispatcherServlet.java:942)
	at org.springframework.web.servlet.FrameworkServlet.processRequest(FrameworkServlet.java:1005)
	at org.springframework.web.servlet.FrameworkServlet.doGet(FrameworkServlet.java:897)
	at javax.servlet.http.HttpServlet.service(HttpServlet.java:634)
	at org.springframework.web.servlet.FrameworkServlet.service(FrameworkServlet.java:882)
	at javax.servlet.http.HttpServlet.service(HttpServlet.java:741)
	at org.apache.catalina.core.ApplicationFilterChain.internalDoFilter(ApplicationFilterChain.java:231)
	at org.apache.catalina.core.ApplicationFilterChain.doFilter(ApplicationFilterChain.java:166)
	at org.apache.tomcat.websocket.server.WsFilter.doFilter(WsFilter.java:53)
	at org.apache.catalina.core.ApplicationFilterChain.internalDoFilter(ApplicationFilterChain.java:193)
	at org.apache.catalina.core.ApplicationFilterChain.doFilter(ApplicationFilterChain.java:166)
	at com.alibaba.druid.support.http.WebStatFilter.doFilter(WebStatFilter.java:123)
	at org.apache.catalina.core.ApplicationFilterChain.internalDoFilter(ApplicationFilterChain.java:193)
	at org.apache.catalina.core.ApplicationFilterChain.doFilter(ApplicationFilterChain.java:166)
	at org.springframework.web.filter.RequestContextFilter.doFilterInternal(RequestContextFilter.java:99)
	at org.springframework.web.filter.OncePerRequestFilter.doFilter(OncePerRequestFilter.java:107)
	at org.apache.catalina.core.ApplicationFilterChain.internalDoFilter(ApplicationFilterChain.java:193)
	at org.apache.catalina.core.ApplicationFilterChain.doFilter(ApplicationFilterChain.java:166)
	at org.springframework.web.filter.FormContentFilter.doFilterInternal(FormContentFilter.java:92)
	at org.springframework.web.filter.OncePerRequestFilter.doFilter(OncePerRequestFilter.java:107)
	at org.apache.catalina.core.ApplicationFilterChain.internalDoFilter(ApplicationFilterChain.java:193)
	at org.apache.catalina.core.ApplicationFilterChain.doFilter(ApplicationFilterChain.java:166)
	at org.springframework.web.filter.HiddenHttpMethodFilter.doFilterInternal(HiddenHttpMethodFilter.java:93)
	at org.springframework.web.filter.OncePerRequestFilter.doFilter(OncePerRequestFilter.java:107)
	at org.apache.catalina.core.ApplicationFilterChain.internalDoFilter(ApplicationFilterChain.java:193)
	at org.apache.catalina.core.ApplicationFilterChain.doFilter(ApplicationFilterChain.java:166)
	at org.springframework.web.filter.CharacterEncodingFilter.doFilterInternal(CharacterEncodingFilter.java:200)
	at org.springframework.web.filter.OncePerRequestFilter.doFilter(OncePerRequestFilter.java:107)
	at org.apache.catalina.core.ApplicationFilterChain.internalDoFilter(ApplicationFilterChain.java:193)
	at org.apache.catalina.core.ApplicationFilterChain.doFilter(ApplicationFilterChain.java:166)
	at org.apache.catalina.core.StandardWrapperValve.invoke(StandardWrapperValve.java:199)
	at org.apache.catalina.core.StandardContextValve.invoke(StandardContextValve.java:96)
	at org.apache.catalina.authenticator.AuthenticatorBase.invoke(AuthenticatorBase.java:490)
	at org.apache.catalina.core.StandardHostValve.invoke(StandardHostValve.java:139)
	at org.apache.catalina.valves.ErrorReportValve.invoke(ErrorReportValve.java:92)
	at org.apache.catalina.core.StandardEngineValve.invoke(StandardEngineValve.java:74)
	at org.apache.catalina.connector.CoyoteAdapter.service(CoyoteAdapter.java:343)
	at org.apache.coyote.http11.Http11Processor.service(Http11Processor.java:408)
	at org.apache.coyote.AbstractProcessorLight.process(AbstractProcessorLight.java:66)
	at org.apache.coyote.AbstractProtocol$ConnectionHandler.process(AbstractProtocol.java:791)
	at org.apache.tomcat.util.net.NioEndpoint$SocketProcessor.doRun(NioEndpoint.java:1417)
	at org.apache.tomcat.util.net.SocketProcessorBase.run(SocketProcessorBase.java:49)
	at java.util.concurrent.ThreadPoolExecutor.runWorker(ThreadPoolExecutor.java:1142)
	at java.util.concurrent.ThreadPoolExecutor$Worker.run(ThreadPoolExecutor.java:617)
	at org.apache.tomcat.util.threads.TaskThread$WrappingRunnable.run(TaskThread.java:61)
	at java.lang.Thread.run(Thread.java:748)
Caused by: java.lang.IllegalArgumentException: Parameter value [22] did not match expected type [java.lang.String (n/a)]
	at org.hibernate.query.spi.QueryParameterBindingValidator.validate(QueryParameterBindingValidator.java:54)
	at org.hibernate.query.spi.QueryParameterBindingValidator.validate(QueryParameterBindingValidator.java:27)
	at org.hibernate.query.internal.QueryParameterBindingImpl.validate(QueryParameterBindingImpl.java:90)
	at org.hibernate.query.internal.QueryParameterBindingImpl.setBindValue(QueryParameterBindingImpl.java:55)
	at org.hibernate.query.internal.AbstractProducedQuery.setParameter(AbstractProducedQuery.java:493)
	at org.hibernate.query.internal.AbstractProducedQuery.setParameter(AbstractProducedQuery.java:106)
	at org.hibernate.query.criteria.internal.compile.CriteriaQueryTypeQueryAdapter.setParameter(CriteriaQueryTypeQueryAdapter.java:385)
	at org.hibernate.query.criteria.internal.compile.CriteriaQueryTypeQueryAdapter.setParameter(CriteriaQueryTypeQueryAdapter.java:59)
	at org.springframework.data.jpa.repository.query.QueryParameterSetter$NamedOrIndexedQueryParameterSetter.lambda$setParameter$3(QueryParameterSetter.java:111)
	at org.springframework.data.jpa.repository.query.QueryParameterSetter$ErrorHandling$1.execute(QueryParameterSetter.java:175)
	at org.springframework.data.jpa.repository.query.QueryParameterSetter$NamedOrIndexedQueryParameterSetter.setParameter(QueryParameterSetter.java:111)
	at org.springframework.data.jpa.repository.query.ParameterBinder.lambda$bind$0(ParameterBinder.java:79)
	at java.util.ArrayList.forEach(ArrayList.java:1249)
	at java.util.Collections$UnmodifiableCollection.forEach(Collections.java:1080)
	at org.springframework.data.jpa.repository.query.ParameterBinder.bind(ParameterBinder.java:79)
	at org.springframework.data.jpa.repository.query.ParameterBinder.bind(ParameterBinder.java:74)
	at org.springframework.data.jpa.repository.query.ParameterBinder.bindAndPrepare(ParameterBinder.java:96)
	at org.springframework.data.jpa.repository.query.PartTreeJpaQuery$QueryPreparer.invokeBinding(PartTreeJpaQuery.java:244)
	at org.springframework.data.jpa.repository.query.PartTreeJpaQuery$QueryPreparer.createQuery(PartTreeJpaQuery.java:171)
	at org.springframework.data.jpa.repository.query.PartTreeJpaQuery.doCreateQuery(PartTreeJpaQuery.java:92)
	at org.springframework.data.jpa.repository.query.AbstractJpaQuery.createQuery(AbstractJpaQuery.java:210)
	at org.springframework.data.jpa.repository.query.JpaQueryExecution$SingleEntityExecution.doExecute(JpaQueryExecution.java:214)
	at org.springframework.data.jpa.repository.query.JpaQueryExecution.execute(JpaQueryExecution.java:91)
	at org.springframework.data.jpa.repository.query.AbstractJpaQuery.doExecute(AbstractJpaQuery.java:136)
	at org.springframework.data.jpa.repository.query.AbstractJpaQuery.execute(AbstractJpaQuery.java:125)
	at org.springframework.data.repository.core.support.RepositoryFactorySupport$QueryExecutorMethodInterceptor.doInvoke(RepositoryFactorySupport.java:605)
	at org.springframework.data.repository.core.support.RepositoryFactorySupport$QueryExecutorMethodInterceptor.lambda$invoke$3(RepositoryFactorySupport.java:595)
	at org.springframework.data.repository.core.support.RepositoryFactorySupport$QueryExecutorMethodInterceptor.invoke(RepositoryFactorySupport.java:595)
	at org.springframework.aop.framework.ReflectiveMethodInvocation.proceed(ReflectiveMethodInvocation.java:186)
	at org.springframework.data.projection.DefaultMethodInvokingMethodInterceptor.invoke(DefaultMethodInvokingMethodInterceptor.java:59)
	at org.springframework.aop.framework.ReflectiveMethodInvocation.proceed(ReflectiveMethodInvocation.java:186)
	at org.springframework.transaction.interceptor.TransactionAspectSupport.invokeWithinTransaction(TransactionAspectSupport.java:294)
	at org.springframework.transaction.interceptor.TransactionInterceptor.invoke(TransactionInterceptor.java:98)
	at org.springframework.aop.framework.ReflectiveMethodInvocation.proceed(ReflectiveMethodInvocation.java:186)
	at org.springframework.dao.support.PersistenceExceptionTranslationInterceptor.invoke(PersistenceExceptionTranslationInterceptor.java:139)
	... 68 more
2019-02-19 10:04:39.077 INFO [Thread-22][ExecutorConfigurationSupport.java:208] - Shutting down ExecutorService 'applicationTaskExecutor'
2019-02-19 10:04:39.082 INFO [Thread-22][AbstractEntityManagerFactoryBean.java:597] - Closing JPA EntityManagerFactory for persistence unit 'default'
2019-02-19 10:04:39.091 INFO [Thread-22][DruidDataSource.java:1825] - {dataSource-1} closed
2019-02-19 10:04:44.860 INFO [main][StartupInfoLogger.java:50] - Starting SpringbootdemoApplication on LAPTOP-H48RG5JN with PID 14700 (E:\user\docs\workspace\IdeaProjects\springbootdemo\target\classes started by yxb in E:\user\docs\workspace\IdeaProjects\springbootdemo)
2019-02-19 10:04:44.868 INFO [main][SpringApplication.java:679] - The following profiles are active: dev
2019-02-19 10:04:45.760 INFO [main][RepositoryConfigurationDelegate.java:126] - Bootstrapping Spring Data repositories in DEFAULT mode.
2019-02-19 10:04:45.835 INFO [main][RepositoryConfigurationDelegate.java:182] - Finished Spring Data repository scanning in 68ms. Found 1 repository interfaces.
2019-02-19 10:04:46.120 INFO [main][PostProcessorRegistrationDelegate.java:330] - Bean 'org.springframework.transaction.annotation.ProxyTransactionManagementConfiguration' of type [org.springframework.transaction.annotation.ProxyTransactionManagementConfiguration$$EnhancerBySpringCGLIB$$dba69c53] is not eligible for getting processed by all BeanPostProcessors (for example: not eligible for auto-proxying)
2019-02-19 10:04:46.514 INFO [main][TomcatWebServer.java:90] - Tomcat initialized with port(s): 53010 (http)
2019-02-19 10:04:46.526 INFO [main][DirectJDKLog.java:173] - Initializing ProtocolHandler ["http-nio-53010"]
2019-02-19 10:04:46.534 INFO [main][DirectJDKLog.java:173] - Starting service [Tomcat]
2019-02-19 10:04:46.534 INFO [main][DirectJDKLog.java:173] - Starting Servlet Engine: Apache Tomcat/9.0.13
2019-02-19 10:04:46.541 INFO [main][DirectJDKLog.java:173] - The APR based Apache Tomcat Native library which allows optimal performance in production environments was not found on the java.library.path: [C:\Program Files\Java\jdk1.8.0_131\bin;C:\Windows\Sun\Java\bin;C:\Windows\system32;C:\Windows;E:\app\oracleClient\product\11.2.0\client_1\bin;D:\Program Files (x86)\java64\jdk1.7.0_80\bin;D:\Program Files (x86)\java64\jre7\bin;C:\Program Files (x86)\Intel\Intel(R) Management Engine Components\iCLS\;C:\Program Files\Intel\Intel(R) Management Engine Components\iCLS\;C:\Windows\system32;C:\Windows;C:\Windows\System32\Wbem;C:\Windows\System32\WindowsPowerShell\v1.0\;C:\Windows\System32\OpenSSH\;C:\Program Files (x86)\Intel\Intel(R) Management Engine Components\DAL;C:\Program Files\Intel\Intel(R) Management Engine Components\DAL;C:\Program Files (x86)\Intel\Intel(R) Management Engine Components\IPT;C:\Program Files\Intel\Intel(R) Management Engine Components\IPT;C:\Program Files (x86)\NVIDIA Corporation\PhysX\Common;C:\Program Files\Intel\WiFi\bin\;C:\Program Files\Common Files\Intel\WirelessCommon\;C:\Program Files\Git\cmd;D:\apache-maven-3.0.4\M3_HOME\bin;C:\Program Files\PuTTY\;D:\apps\oracle\product\11.2.0\dbhome_1\bin;C:\Program Files (x86)\Rational\common;C:\Users\yxb\AppData\Local\Microsoft\WindowsApps;;.]
2019-02-19 10:04:46.683 INFO [main][DirectJDKLog.java:173] - Initializing Spring embedded WebApplicationContext
2019-02-19 10:04:46.683 INFO [main][ServletWebServerApplicationContext.java:296] - Root WebApplicationContext: initialization completed in 1770 ms
2019-02-19 10:04:46.784 INFO [main][DruidDataSourceAutoConfigure.java:56] - Init DruidDataSource
2019-02-19 10:04:49.088 INFO [main][DruidDataSource.java:930] - {dataSource-1} inited
2019-02-19 10:04:49.224 INFO [main][LogHelper.java:31] - HHH000204: Processing PersistenceUnitInfo [
	name: default
	...]
2019-02-19 10:04:49.285 INFO [main][Version.java:46] - HHH000412: Hibernate Core {5.3.7.Final}
2019-02-19 10:04:49.287 INFO [main][Environment.java:213] - HHH000206: hibernate.properties not found
2019-02-19 10:04:49.427 INFO [main][JavaReflectionManager.java:49] - HCANN000001: Hibernate Commons Annotations {5.0.4.Final}
2019-02-19 10:04:49.723 INFO [main][Dialect.java:157] - HHH000400: Using dialect: org.hibernate.dialect.MySQL5Dialect
2019-02-19 10:04:50.668 INFO [main][AbstractEntityManagerFactoryBean.java:415] - Initialized JPA EntityManagerFactory for persistence unit 'default'
2019-02-19 10:04:51.487 WARN [main][JpaBaseConfiguration.java:234] - spring.jpa.open-in-view is enabled by default. Therefore, database queries may be performed during view rendering. Explicitly configure spring.jpa.open-in-view to disable this warning
2019-02-19 10:04:51.612 INFO [main][PropertySourcedRequestMappingHandlerMapping.java:69] - Mapped URL path [/v2/api-docs] onto method [public org.springframework.http.ResponseEntity<springfox.documentation.spring.web.json.Json> springfox.documentation.swagger2.web.Swagger2Controller.getDocumentation(java.lang.String,javax.servlet.http.HttpServletRequest)]
2019-02-19 10:04:51.729 INFO [main][ExecutorConfigurationSupport.java:171] - Initializing ExecutorService 'applicationTaskExecutor'
2019-02-19 10:04:51.800 INFO [main][WelcomePageHandlerMapping.java:56] - Adding welcome page: class path resource [static/index.html]
2019-02-19 10:04:51.881 INFO [main][DocumentationPluginsBootstrapper.java:160] - Context refreshed
2019-02-19 10:04:51.900 INFO [main][DocumentationPluginsBootstrapper.java:163] - Found 1 custom documentation plugin(s)
2019-02-19 10:04:51.929 INFO [main][ApiListingReferenceScanner.java:41] - Scanning for api listing references
2019-02-19 10:04:52.078 INFO [main][CachingOperationNameGenerator.java:40] - Generating unique operation named: sayUsingGET_1
2019-02-19 10:04:52.093 INFO [main][DirectJDKLog.java:173] - Starting ProtocolHandler ["http-nio-53010"]
2019-02-19 10:04:52.105 INFO [main][DirectJDKLog.java:173] - Using a shared selector for servlet write/read
2019-02-19 10:04:52.119 INFO [main][TomcatWebServer.java:204] - Tomcat started on port(s): 53010 (http) with context path ''
2019-02-19 10:04:52.122 INFO [main][StartupInfoLogger.java:59] - Started SpringbootdemoApplication in 7.856 seconds (JVM running for 9.059)
2019-02-19 10:04:55.456 INFO [http-nio-53010-exec-1][DirectJDKLog.java:173] - Initializing Spring DispatcherServlet 'dispatcherServlet'
2019-02-19 10:04:55.456 INFO [http-nio-53010-exec-1][FrameworkServlet.java:524] - Initializing Servlet 'dispatcherServlet'
2019-02-19 10:04:55.464 INFO [http-nio-53010-exec-1][FrameworkServlet.java:546] - Completed initialization in 8 ms
2019-02-19 10:04:55.494 INFO [http-nio-53010-exec-1][HelloDemo.java:65] - [进入]demo  22
2019-02-19 10:04:55.517 INFO [http-nio-53010-exec-1][QueryTranslatorFactoryInitiator.java:47] - HHH000397: Using ASTQueryTranslatorFactory
2019-02-19 10:04:55.600 ERROR [http-nio-53010-exec-1][GlobalExceptionHandler.java:31] - 【系统异常】{}
org.springframework.dao.InvalidDataAccessApiUsageException: Parameter value [22] did not match expected type [java.lang.String (n/a)]; nested exception is java.lang.IllegalArgumentException: Parameter value [22] did not match expected type [java.lang.String (n/a)]
	at org.springframework.orm.jpa.EntityManagerFactoryUtils.convertJpaAccessExceptionIfPossible(EntityManagerFactoryUtils.java:367)
	at org.springframework.orm.jpa.vendor.HibernateJpaDialect.translateExceptionIfPossible(HibernateJpaDialect.java:255)
	at org.springframework.orm.jpa.AbstractEntityManagerFactoryBean.translateExceptionIfPossible(AbstractEntityManagerFactoryBean.java:527)
	at org.springframework.dao.support.ChainedPersistenceExceptionTranslator.translateExceptionIfPossible(ChainedPersistenceExceptionTranslator.java:61)
	at org.springframework.dao.support.DataAccessUtils.translateIfNecessary(DataAccessUtils.java:242)
	at org.springframework.dao.support.PersistenceExceptionTranslationInterceptor.invoke(PersistenceExceptionTranslationInterceptor.java:153)
	at org.springframework.aop.framework.ReflectiveMethodInvocation.proceed(ReflectiveMethodInvocation.java:186)
	at org.springframework.data.jpa.repository.support.CrudMethodMetadataPostProcessor$CrudMethodMetadataPopulatingMethodInterceptor.invoke(CrudMethodMetadataPostProcessor.java:135)
	at org.springframework.aop.framework.ReflectiveMethodInvocation.proceed(ReflectiveMethodInvocation.java:186)
	at org.springframework.aop.interceptor.ExposeInvocationInterceptor.invoke(ExposeInvocationInterceptor.java:93)
	at org.springframework.aop.framework.ReflectiveMethodInvocation.proceed(ReflectiveMethodInvocation.java:186)
	at org.springframework.data.repository.core.support.SurroundingTransactionDetectorMethodInterceptor.invoke(SurroundingTransactionDetectorMethodInterceptor.java:61)
	at org.springframework.aop.framework.ReflectiveMethodInvocation.proceed(ReflectiveMethodInvocation.java:186)
	at org.springframework.aop.framework.JdkDynamicAopProxy.invoke(JdkDynamicAopProxy.java:212)
	at com.sun.proxy.$Proxy113.findByNameAndAge(Unknown Source)
	at com.example.springbootdemo.service.impl.DemoServiceImpl.findByNameAndAge(DemoServiceImpl.java:40)
	at com.example.springbootdemo.web.HelloDemo.findByNameAndAge(HelloDemo.java:66)
	at sun.reflect.NativeMethodAccessorImpl.invoke0(Native Method)
	at sun.reflect.NativeMethodAccessorImpl.invoke(NativeMethodAccessorImpl.java:62)
	at sun.reflect.DelegatingMethodAccessorImpl.invoke(DelegatingMethodAccessorImpl.java:43)
	at java.lang.reflect.Method.invoke(Method.java:498)
	at org.springframework.web.method.support.InvocableHandlerMethod.doInvoke(InvocableHandlerMethod.java:189)
	at org.springframework.web.method.support.InvocableHandlerMethod.invokeForRequest(InvocableHandlerMethod.java:138)
	at org.springframework.web.servlet.mvc.method.annotation.ServletInvocableHandlerMethod.invokeAndHandle(ServletInvocableHandlerMethod.java:102)
	at org.springframework.web.servlet.mvc.method.annotation.RequestMappingHandlerAdapter.invokeHandlerMethod(RequestMappingHandlerAdapter.java:895)
	at org.springframework.web.servlet.mvc.method.annotation.RequestMappingHandlerAdapter.handleInternal(RequestMappingHandlerAdapter.java:800)
	at org.springframework.web.servlet.mvc.method.AbstractHandlerMethodAdapter.handle(AbstractHandlerMethodAdapter.java:87)
	at org.springframework.web.servlet.DispatcherServlet.doDispatch(DispatcherServlet.java:1038)
	at org.springframework.web.servlet.DispatcherServlet.doService(DispatcherServlet.java:942)
	at org.springframework.web.servlet.FrameworkServlet.processRequest(FrameworkServlet.java:1005)
	at org.springframework.web.servlet.FrameworkServlet.doGet(FrameworkServlet.java:897)
	at javax.servlet.http.HttpServlet.service(HttpServlet.java:634)
	at org.springframework.web.servlet.FrameworkServlet.service(FrameworkServlet.java:882)
	at javax.servlet.http.HttpServlet.service(HttpServlet.java:741)
	at org.apache.catalina.core.ApplicationFilterChain.internalDoFilter(ApplicationFilterChain.java:231)
	at org.apache.catalina.core.ApplicationFilterChain.doFilter(ApplicationFilterChain.java:166)
	at org.apache.tomcat.websocket.server.WsFilter.doFilter(WsFilter.java:53)
	at org.apache.catalina.core.ApplicationFilterChain.internalDoFilter(ApplicationFilterChain.java:193)
	at org.apache.catalina.core.ApplicationFilterChain.doFilter(ApplicationFilterChain.java:166)
	at com.alibaba.druid.support.http.WebStatFilter.doFilter(WebStatFilter.java:123)
	at org.apache.catalina.core.ApplicationFilterChain.internalDoFilter(ApplicationFilterChain.java:193)
	at org.apache.catalina.core.ApplicationFilterChain.doFilter(ApplicationFilterChain.java:166)
	at org.springframework.web.filter.RequestContextFilter.doFilterInternal(RequestContextFilter.java:99)
	at org.springframework.web.filter.OncePerRequestFilter.doFilter(OncePerRequestFilter.java:107)
	at org.apache.catalina.core.ApplicationFilterChain.internalDoFilter(ApplicationFilterChain.java:193)
	at org.apache.catalina.core.ApplicationFilterChain.doFilter(ApplicationFilterChain.java:166)
	at org.springframework.web.filter.FormContentFilter.doFilterInternal(FormContentFilter.java:92)
	at org.springframework.web.filter.OncePerRequestFilter.doFilter(OncePerRequestFilter.java:107)
	at org.apache.catalina.core.ApplicationFilterChain.internalDoFilter(ApplicationFilterChain.java:193)
	at org.apache.catalina.core.ApplicationFilterChain.doFilter(ApplicationFilterChain.java:166)
	at org.springframework.web.filter.HiddenHttpMethodFilter.doFilterInternal(HiddenHttpMethodFilter.java:93)
	at org.springframework.web.filter.OncePerRequestFilter.doFilter(OncePerRequestFilter.java:107)
	at org.apache.catalina.core.ApplicationFilterChain.internalDoFilter(ApplicationFilterChain.java:193)
	at org.apache.catalina.core.ApplicationFilterChain.doFilter(ApplicationFilterChain.java:166)
	at org.springframework.web.filter.CharacterEncodingFilter.doFilterInternal(CharacterEncodingFilter.java:200)
	at org.springframework.web.filter.OncePerRequestFilter.doFilter(OncePerRequestFilter.java:107)
	at org.apache.catalina.core.ApplicationFilterChain.internalDoFilter(ApplicationFilterChain.java:193)
	at org.apache.catalina.core.ApplicationFilterChain.doFilter(ApplicationFilterChain.java:166)
	at org.apache.catalina.core.StandardWrapperValve.invoke(StandardWrapperValve.java:199)
	at org.apache.catalina.core.StandardContextValve.invoke(StandardContextValve.java:96)
	at org.apache.catalina.authenticator.AuthenticatorBase.invoke(AuthenticatorBase.java:490)
	at org.apache.catalina.core.StandardHostValve.invoke(StandardHostValve.java:139)
	at org.apache.catalina.valves.ErrorReportValve.invoke(ErrorReportValve.java:92)
	at org.apache.catalina.core.StandardEngineValve.invoke(StandardEngineValve.java:74)
	at org.apache.catalina.connector.CoyoteAdapter.service(CoyoteAdapter.java:343)
	at org.apache.coyote.http11.Http11Processor.service(Http11Processor.java:408)
	at org.apache.coyote.AbstractProcessorLight.process(AbstractProcessorLight.java:66)
	at org.apache.coyote.AbstractProtocol$ConnectionHandler.process(AbstractProtocol.java:791)
	at org.apache.tomcat.util.net.NioEndpoint$SocketProcessor.doRun(NioEndpoint.java:1417)
	at org.apache.tomcat.util.net.SocketProcessorBase.run(SocketProcessorBase.java:49)
	at java.util.concurrent.ThreadPoolExecutor.runWorker(ThreadPoolExecutor.java:1142)
	at java.util.concurrent.ThreadPoolExecutor$Worker.run(ThreadPoolExecutor.java:617)
	at org.apache.tomcat.util.threads.TaskThread$WrappingRunnable.run(TaskThread.java:61)
	at java.lang.Thread.run(Thread.java:748)
Caused by: java.lang.IllegalArgumentException: Parameter value [22] did not match expected type [java.lang.String (n/a)]
	at org.hibernate.query.spi.QueryParameterBindingValidator.validate(QueryParameterBindingValidator.java:54)
	at org.hibernate.query.spi.QueryParameterBindingValidator.validate(QueryParameterBindingValidator.java:27)
	at org.hibernate.query.internal.QueryParameterBindingImpl.validate(QueryParameterBindingImpl.java:90)
	at org.hibernate.query.internal.QueryParameterBindingImpl.setBindValue(QueryParameterBindingImpl.java:55)
	at org.hibernate.query.internal.AbstractProducedQuery.setParameter(AbstractProducedQuery.java:493)
	at org.hibernate.query.internal.AbstractProducedQuery.setParameter(AbstractProducedQuery.java:106)
	at org.hibernate.query.criteria.internal.compile.CriteriaQueryTypeQueryAdapter.setParameter(CriteriaQueryTypeQueryAdapter.java:385)
	at org.hibernate.query.criteria.internal.compile.CriteriaQueryTypeQueryAdapter.setParameter(CriteriaQueryTypeQueryAdapter.java:59)
	at org.springframework.data.jpa.repository.query.QueryParameterSetter$NamedOrIndexedQueryParameterSetter.lambda$setParameter$3(QueryParameterSetter.java:111)
	at org.springframework.data.jpa.repository.query.QueryParameterSetter$ErrorHandling$1.execute(QueryParameterSetter.java:175)
	at org.springframework.data.jpa.repository.query.QueryParameterSetter$NamedOrIndexedQueryParameterSetter.setParameter(QueryParameterSetter.java:111)
	at org.springframework.data.jpa.repository.query.ParameterBinder.lambda$bind$0(ParameterBinder.java:79)
	at java.util.ArrayList.forEach(ArrayList.java:1249)
	at java.util.Collections$UnmodifiableCollection.forEach(Collections.java:1080)
	at org.springframework.data.jpa.repository.query.ParameterBinder.bind(ParameterBinder.java:79)
	at org.springframework.data.jpa.repository.query.ParameterBinder.bind(ParameterBinder.java:74)
	at org.springframework.data.jpa.repository.query.ParameterBinder.bindAndPrepare(ParameterBinder.java:96)
	at org.springframework.data.jpa.repository.query.PartTreeJpaQuery$QueryPreparer.invokeBinding(PartTreeJpaQuery.java:244)
	at org.springframework.data.jpa.repository.query.PartTreeJpaQuery$QueryPreparer.createQuery(PartTreeJpaQuery.java:171)
	at org.springframework.data.jpa.repository.query.PartTreeJpaQuery.doCreateQuery(PartTreeJpaQuery.java:92)
	at org.springframework.data.jpa.repository.query.AbstractJpaQuery.createQuery(AbstractJpaQuery.java:210)
	at org.springframework.data.jpa.repository.query.JpaQueryExecution$SingleEntityExecution.doExecute(JpaQueryExecution.java:214)
	at org.springframework.data.jpa.repository.query.JpaQueryExecution.execute(JpaQueryExecution.java:91)
	at org.springframework.data.jpa.repository.query.AbstractJpaQuery.doExecute(AbstractJpaQuery.java:136)
	at org.springframework.data.jpa.repository.query.AbstractJpaQuery.execute(AbstractJpaQuery.java:125)
	at org.springframework.data.repository.core.support.RepositoryFactorySupport$QueryExecutorMethodInterceptor.doInvoke(RepositoryFactorySupport.java:605)
	at org.springframework.data.repository.core.support.RepositoryFactorySupport$QueryExecutorMethodInterceptor.lambda$invoke$3(RepositoryFactorySupport.java:595)
	at org.springframework.data.repository.core.support.RepositoryFactorySupport$QueryExecutorMethodInterceptor.invoke(RepositoryFactorySupport.java:595)
	at org.springframework.aop.framework.ReflectiveMethodInvocation.proceed(ReflectiveMethodInvocation.java:186)
	at org.springframework.data.projection.DefaultMethodInvokingMethodInterceptor.invoke(DefaultMethodInvokingMethodInterceptor.java:59)
	at org.springframework.aop.framework.ReflectiveMethodInvocation.proceed(ReflectiveMethodInvocation.java:186)
	at org.springframework.transaction.interceptor.TransactionAspectSupport.invokeWithinTransaction(TransactionAspectSupport.java:294)
	at org.springframework.transaction.interceptor.TransactionInterceptor.invoke(TransactionInterceptor.java:98)
	at org.springframework.aop.framework.ReflectiveMethodInvocation.proceed(ReflectiveMethodInvocation.java:186)
	at org.springframework.dao.support.PersistenceExceptionTranslationInterceptor.invoke(PersistenceExceptionTranslationInterceptor.java:139)
	... 68 more
