2019-02-14 16:04:44.079 INFO [main][StartupInfoLogger.java:50] - Starting SpringbootdemoApplication on LAPTOP-H48RG5JN with PID 25552 (E:\user\docs\workspace\IdeaProjects\springbootdemo\target\classes started by yxb in E:\user\docs\workspace\IdeaProjects\springbootdemo)
2019-02-14 16:04:44.087 INFO [main][SpringApplication.java:679] - The following profiles are active: dev
2019-02-14 16:04:44.952 INFO [main][RepositoryConfigurationDelegate.java:126] - Bootstrapping Spring Data repositories in DEFAULT mode.
2019-02-14 16:04:44.978 INFO [main][RepositoryConfigurationDelegate.java:182] - Finished Spring Data repository scanning in 21ms. Found 0 repository interfaces.
2019-02-14 16:04:45.248 INFO [main][PostProcessorRegistrationDelegate.java:330] - Bean 'org.springframework.transaction.annotation.ProxyTransactionManagementConfiguration' of type [org.springframework.transaction.annotation.ProxyTransactionManagementConfiguration$$EnhancerBySpringCGLIB$$a9acff80] is not eligible for getting processed by all BeanPostProcessors (for example: not eligible for auto-proxying)
2019-02-14 16:04:45.278 INFO [main][PostProcessorRegistrationDelegate.java:330] - Bean 'org.springframework.security.config.annotation.configuration.ObjectPostProcessorConfiguration' of type [org.springframework.security.config.annotation.configuration.ObjectPostProcessorConfiguration$$EnhancerBySpringCGLIB$$425ac7ba] is not eligible for getting processed by all BeanPostProcessors (for example: not eligible for auto-proxying)
2019-02-14 16:04:45.283 INFO [main][PostProcessorRegistrationDelegate.java:330] - Bean 'objectPostProcessor' of type [org.springframework.security.config.annotation.configuration.AutowireBeanFactoryObjectPostProcessor] is not eligible for getting processed by all BeanPostProcessors (for example: not eligible for auto-proxying)
2019-02-14 16:04:45.284 INFO [main][PostProcessorRegistrationDelegate.java:330] - Bean 'org.springframework.security.access.expression.method.DefaultMethodSecurityExpressionHandler@2d9dff65' of type [org.springframework.security.access.expression.method.DefaultMethodSecurityExpressionHandler] is not eligible for getting processed by all BeanPostProcessors (for example: not eligible for auto-proxying)
2019-02-14 16:04:45.287 INFO [main][PostProcessorRegistrationDelegate.java:330] - Bean 'org.springframework.security.config.annotation.method.configuration.GlobalMethodSecurityConfiguration' of type [org.springframework.security.config.annotation.method.configuration.GlobalMethodSecurityConfiguration$$EnhancerBySpringCGLIB$$672f6a6c] is not eligible for getting processed by all BeanPostProcessors (for example: not eligible for auto-proxying)
2019-02-14 16:04:45.294 INFO [main][PostProcessorRegistrationDelegate.java:330] - Bean 'org.springframework.security.config.annotation.method.configuration.Jsr250MetadataSourceConfiguration' of type [org.springframework.security.config.annotation.method.configuration.Jsr250MetadataSourceConfiguration$$EnhancerBySpringCGLIB$$8c848282] is not eligible for getting processed by all BeanPostProcessors (for example: not eligible for auto-proxying)
2019-02-14 16:04:45.296 INFO [main][PostProcessorRegistrationDelegate.java:330] - Bean 'jsr250MethodSecurityMetadataSource' of type [org.springframework.security.access.annotation.Jsr250MethodSecurityMetadataSource] is not eligible for getting processed by all BeanPostProcessors (for example: not eligible for auto-proxying)
2019-02-14 16:04:45.297 INFO [main][PostProcessorRegistrationDelegate.java:330] - Bean 'methodSecurityMetadataSource' of type [org.springframework.security.access.method.DelegatingMethodSecurityMetadataSource] is not eligible for getting processed by all BeanPostProcessors (for example: not eligible for auto-proxying)
2019-02-14 16:04:45.585 INFO [main][TomcatWebServer.java:90] - Tomcat initialized with port(s): 53010 (http)
2019-02-14 16:04:45.643 INFO [main][DirectJDKLog.java:173] - Initializing ProtocolHandler ["http-nio-53010"]
2019-02-14 16:04:45.651 INFO [main][DirectJDKLog.java:173] - Starting service [Tomcat]
2019-02-14 16:04:45.651 INFO [main][DirectJDKLog.java:173] - Starting Servlet Engine: Apache Tomcat/9.0.13
2019-02-14 16:04:45.656 INFO [main][DirectJDKLog.java:173] - The APR based Apache Tomcat Native library which allows optimal performance in production environments was not found on the java.library.path: [C:\Program Files\Java\jdk1.8.0_131\bin;C:\Windows\Sun\Java\bin;C:\Windows\system32;C:\Windows;D:\Program Files (x86)\java64\jdk1.7.0_80\bin;D:\Program Files (x86)\java64\jre7\bin;C:\Program Files (x86)\Intel\Intel(R) Management Engine Components\iCLS\;C:\Program Files\Intel\Intel(R) Management Engine Components\iCLS\;C:\Windows\system32;C:\Windows;C:\Windows\System32\Wbem;C:\Windows\System32\WindowsPowerShell\v1.0\;C:\Windows\System32\OpenSSH\;C:\Program Files (x86)\Intel\Intel(R) Management Engine Components\DAL;C:\Program Files\Intel\Intel(R) Management Engine Components\DAL;C:\Program Files (x86)\Intel\Intel(R) Management Engine Components\IPT;C:\Program Files\Intel\Intel(R) Management Engine Components\IPT;C:\Program Files (x86)\NVIDIA Corporation\PhysX\Common;C:\Program Files\Intel\WiFi\bin\;C:\Program Files\Common Files\Intel\WirelessCommon\;C:\Program Files\Git\cmd;D:\apache-maven-3.0.4\M3_HOME\bin;C:\Program Files\PuTTY\;D:\apps\oracle\product\11.2.0\dbhome_1\bin;C:\Users\yxb\AppData\Local\Microsoft\WindowsApps;;.]
2019-02-14 16:04:45.789 INFO [main][DirectJDKLog.java:173] - Initializing Spring embedded WebApplicationContext
2019-02-14 16:04:45.790 INFO [main][ServletWebServerApplicationContext.java:296] - Root WebApplicationContext: initialization completed in 1658 ms
2019-02-14 16:04:45.880 INFO [main][DruidDataSourceAutoConfigure.java:56] - Init DruidDataSource
2019-02-14 16:04:47.957 INFO [main][DruidDataSource.java:930] - {dataSource-1} inited
2019-02-14 16:04:48.095 INFO [main][LogHelper.java:31] - HHH000204: Processing PersistenceUnitInfo [
	name: default
	...]
2019-02-14 16:04:48.150 INFO [main][Version.java:46] - HHH000412: Hibernate Core {5.3.7.Final}
2019-02-14 16:04:48.152 INFO [main][Environment.java:213] - HHH000206: hibernate.properties not found
2019-02-14 16:04:48.282 INFO [main][JavaReflectionManager.java:49] - HCANN000001: Hibernate Commons Annotations {5.0.4.Final}
2019-02-14 16:04:48.420 INFO [main][Dialect.java:157] - HHH000400: Using dialect: org.hibernate.dialect.MySQL5Dialect
2019-02-14 16:04:48.560 INFO [main][AbstractEntityManagerFactoryBean.java:415] - Initialized JPA EntityManagerFactory for persistence unit 'default'
2019-02-14 16:04:48.965 WARN [main][JpaBaseConfiguration.java:234] - spring.jpa.open-in-view is enabled by default. Therefore, database queries may be performed during view rendering. Explicitly configure spring.jpa.open-in-view to disable this warning
2019-02-14 16:04:49.208 INFO [main][DefaultSecurityFilterChain.java:43] - Creating filter chain: any request, [org.springframework.security.web.context.request.async.WebAsyncManagerIntegrationFilter@1187dc82, org.springframework.security.web.context.SecurityContextPersistenceFilter@655203e3, org.springframework.security.web.header.HeaderWriterFilter@577bfadb, org.springframework.security.web.authentication.logout.LogoutFilter@7757025d, org.springframework.security.web.authentication.UsernamePasswordAuthenticationFilter@446c8c72, org.springframework.security.web.authentication.ui.DefaultLoginPageGeneratingFilter@20b829d5, org.springframework.security.web.authentication.ui.DefaultLogoutPageGeneratingFilter@6fd1ea75, org.springframework.security.web.savedrequest.RequestCacheAwareFilter@729cd862, org.springframework.security.web.servletapi.SecurityContextHolderAwareRequestFilter@100d0218, org.springframework.security.web.authentication.AnonymousAuthenticationFilter@18e4551, org.springframework.security.web.session.SessionManagementFilter@54f2df29, org.springframework.security.web.access.ExceptionTranslationFilter@632241f5, org.springframework.security.web.access.intercept.FilterSecurityInterceptor@74f4a2ba]
2019-02-14 16:04:49.235 INFO [main][PropertySourcedRequestMappingHandlerMapping.java:69] - Mapped URL path [/v2/api-docs] onto method [public org.springframework.http.ResponseEntity<springfox.documentation.spring.web.json.Json> springfox.documentation.swagger2.web.Swagger2Controller.getDocumentation(java.lang.String,javax.servlet.http.HttpServletRequest)]
2019-02-14 16:04:49.371 INFO [main][ExecutorConfigurationSupport.java:171] - Initializing ExecutorService 'applicationTaskExecutor'
2019-02-14 16:04:49.513 INFO [main][WelcomePageHandlerMapping.java:61] - Adding welcome page template: index
2019-02-14 16:04:49.608 INFO [main][UserDetailsServiceAutoConfiguration.java:86] - 

Using generated security password: 6ed76ad2-bad6-47d7-8d9a-07668055139e

2019-02-14 16:04:49.622 INFO [main][DocumentationPluginsBootstrapper.java:160] - Context refreshed
2019-02-14 16:04:49.639 INFO [main][DocumentationPluginsBootstrapper.java:163] - Found 1 custom documentation plugin(s)
2019-02-14 16:04:49.668 INFO [main][ApiListingReferenceScanner.java:41] - Scanning for api listing references
2019-02-14 16:04:49.801 INFO [main][CachingOperationNameGenerator.java:40] - Generating unique operation named: sayUsingGET_1
2019-02-14 16:04:49.817 INFO [main][DirectJDKLog.java:173] - Starting ProtocolHandler ["http-nio-53010"]
2019-02-14 16:04:49.827 INFO [main][DirectJDKLog.java:173] - Using a shared selector for servlet write/read
2019-02-14 16:04:49.842 INFO [main][TomcatWebServer.java:204] - Tomcat started on port(s): 53010 (http) with context path ''
2019-02-14 16:04:49.844 INFO [main][StartupInfoLogger.java:59] - Started SpringbootdemoApplication in 6.278 seconds (JVM running for 7.332)
2019-02-14 16:04:58.474 INFO [http-nio-53010-exec-1][DirectJDKLog.java:173] - Initializing Spring DispatcherServlet 'dispatcherServlet'
2019-02-14 16:04:58.474 INFO [http-nio-53010-exec-1][FrameworkServlet.java:524] - Initializing Servlet 'dispatcherServlet'
2019-02-14 16:04:58.483 INFO [http-nio-53010-exec-1][FrameworkServlet.java:546] - Completed initialization in 9 ms
2019-02-14 16:05:14.828 INFO [http-nio-53010-exec-5][UserController.java:41] - Hello springboot
2019-02-14 16:43:02.871 INFO [main][StartupInfoLogger.java:50] - Starting SpringbootdemoApplication on LAPTOP-H48RG5JN with PID 8612 (E:\user\docs\workspace\IdeaProjects\springbootdemo\target\classes started by yxb in E:\user\docs\workspace\IdeaProjects\springbootdemo)
2019-02-14 16:43:02.880 INFO [main][SpringApplication.java:679] - The following profiles are active: dev
2019-02-14 16:43:03.794 INFO [main][RepositoryConfigurationDelegate.java:126] - Bootstrapping Spring Data repositories in DEFAULT mode.
2019-02-14 16:43:03.825 INFO [main][RepositoryConfigurationDelegate.java:182] - Finished Spring Data repository scanning in 25ms. Found 0 repository interfaces.
2019-02-14 16:43:04.096 INFO [main][PostProcessorRegistrationDelegate.java:330] - Bean 'org.springframework.transaction.annotation.ProxyTransactionManagementConfiguration' of type [org.springframework.transaction.annotation.ProxyTransactionManagementConfiguration$$EnhancerBySpringCGLIB$$3b6ce18d] is not eligible for getting processed by all BeanPostProcessors (for example: not eligible for auto-proxying)
2019-02-14 16:43:04.128 INFO [main][PostProcessorRegistrationDelegate.java:330] - Bean 'org.springframework.security.config.annotation.configuration.ObjectPostProcessorConfiguration' of type [org.springframework.security.config.annotation.configuration.ObjectPostProcessorConfiguration$$EnhancerBySpringCGLIB$$d41aa9c7] is not eligible for getting processed by all BeanPostProcessors (for example: not eligible for auto-proxying)
2019-02-14 16:43:04.133 INFO [main][PostProcessorRegistrationDelegate.java:330] - Bean 'objectPostProcessor' of type [org.springframework.security.config.annotation.configuration.AutowireBeanFactoryObjectPostProcessor] is not eligible for getting processed by all BeanPostProcessors (for example: not eligible for auto-proxying)
2019-02-14 16:43:04.135 INFO [main][PostProcessorRegistrationDelegate.java:330] - Bean 'org.springframework.security.access.expression.method.DefaultMethodSecurityExpressionHandler@52e04737' of type [org.springframework.security.access.expression.method.DefaultMethodSecurityExpressionHandler] is not eligible for getting processed by all BeanPostProcessors (for example: not eligible for auto-proxying)
2019-02-14 16:43:04.136 INFO [main][PostProcessorRegistrationDelegate.java:330] - Bean 'org.springframework.security.config.annotation.method.configuration.GlobalMethodSecurityConfiguration' of type [org.springframework.security.config.annotation.method.configuration.GlobalMethodSecurityConfiguration$$EnhancerBySpringCGLIB$$f8ef4c79] is not eligible for getting processed by all BeanPostProcessors (for example: not eligible for auto-proxying)
2019-02-14 16:43:04.142 INFO [main][PostProcessorRegistrationDelegate.java:330] - Bean 'org.springframework.security.config.annotation.method.configuration.Jsr250MetadataSourceConfiguration' of type [org.springframework.security.config.annotation.method.configuration.Jsr250MetadataSourceConfiguration$$EnhancerBySpringCGLIB$$1e44648f] is not eligible for getting processed by all BeanPostProcessors (for example: not eligible for auto-proxying)
2019-02-14 16:43:04.144 INFO [main][PostProcessorRegistrationDelegate.java:330] - Bean 'jsr250MethodSecurityMetadataSource' of type [org.springframework.security.access.annotation.Jsr250MethodSecurityMetadataSource] is not eligible for getting processed by all BeanPostProcessors (for example: not eligible for auto-proxying)
2019-02-14 16:43:04.145 INFO [main][PostProcessorRegistrationDelegate.java:330] - Bean 'methodSecurityMetadataSource' of type [org.springframework.security.access.method.DelegatingMethodSecurityMetadataSource] is not eligible for getting processed by all BeanPostProcessors (for example: not eligible for auto-proxying)
2019-02-14 16:43:04.442 INFO [main][TomcatWebServer.java:90] - Tomcat initialized with port(s): 53010 (http)
2019-02-14 16:43:04.501 INFO [main][DirectJDKLog.java:173] - Initializing ProtocolHandler ["http-nio-53010"]
2019-02-14 16:43:04.508 INFO [main][DirectJDKLog.java:173] - Starting service [Tomcat]
2019-02-14 16:43:04.509 INFO [main][DirectJDKLog.java:173] - Starting Servlet Engine: Apache Tomcat/9.0.13
2019-02-14 16:43:04.514 INFO [main][DirectJDKLog.java:173] - The APR based Apache Tomcat Native library which allows optimal performance in production environments was not found on the java.library.path: [C:\Program Files\Java\jdk1.8.0_131\bin;C:\Windows\Sun\Java\bin;C:\Windows\system32;C:\Windows;D:\Program Files (x86)\java64\jdk1.7.0_80\bin;D:\Program Files (x86)\java64\jre7\bin;C:\Program Files (x86)\Intel\Intel(R) Management Engine Components\iCLS\;C:\Program Files\Intel\Intel(R) Management Engine Components\iCLS\;C:\Windows\system32;C:\Windows;C:\Windows\System32\Wbem;C:\Windows\System32\WindowsPowerShell\v1.0\;C:\Windows\System32\OpenSSH\;C:\Program Files (x86)\Intel\Intel(R) Management Engine Components\DAL;C:\Program Files\Intel\Intel(R) Management Engine Components\DAL;C:\Program Files (x86)\Intel\Intel(R) Management Engine Components\IPT;C:\Program Files\Intel\Intel(R) Management Engine Components\IPT;C:\Program Files (x86)\NVIDIA Corporation\PhysX\Common;C:\Program Files\Intel\WiFi\bin\;C:\Program Files\Common Files\Intel\WirelessCommon\;C:\Program Files\Git\cmd;D:\apache-maven-3.0.4\M3_HOME\bin;C:\Program Files\PuTTY\;D:\apps\oracle\product\11.2.0\dbhome_1\bin;C:\Users\yxb\AppData\Local\Microsoft\WindowsApps;;.]
2019-02-14 16:43:04.647 INFO [main][DirectJDKLog.java:173] - Initializing Spring embedded WebApplicationContext
2019-02-14 16:43:04.647 INFO [main][ServletWebServerApplicationContext.java:296] - Root WebApplicationContext: initialization completed in 1709 ms
2019-02-14 16:43:04.743 INFO [main][DruidDataSourceAutoConfigure.java:56] - Init DruidDataSource
2019-02-14 16:43:06.908 INFO [main][DruidDataSource.java:930] - {dataSource-1} inited
2019-02-14 16:43:07.045 INFO [main][LogHelper.java:31] - HHH000204: Processing PersistenceUnitInfo [
	name: default
	...]
2019-02-14 16:43:07.101 INFO [main][Version.java:46] - HHH000412: Hibernate Core {5.3.7.Final}
2019-02-14 16:43:07.103 INFO [main][Environment.java:213] - HHH000206: hibernate.properties not found
2019-02-14 16:43:07.231 INFO [main][JavaReflectionManager.java:49] - HCANN000001: Hibernate Commons Annotations {5.0.4.Final}
2019-02-14 16:43:07.371 INFO [main][Dialect.java:157] - HHH000400: Using dialect: org.hibernate.dialect.MySQL5Dialect
2019-02-14 16:43:07.509 INFO [main][AbstractEntityManagerFactoryBean.java:415] - Initialized JPA EntityManagerFactory for persistence unit 'default'
2019-02-14 16:43:07.918 WARN [main][JpaBaseConfiguration.java:234] - spring.jpa.open-in-view is enabled by default. Therefore, database queries may be performed during view rendering. Explicitly configure spring.jpa.open-in-view to disable this warning
2019-02-14 16:43:08.157 INFO [main][DefaultSecurityFilterChain.java:43] - Creating filter chain: any request, [org.springframework.security.web.context.request.async.WebAsyncManagerIntegrationFilter@d0b814d, org.springframework.security.web.context.SecurityContextPersistenceFilter@2120bed, org.springframework.security.web.header.HeaderWriterFilter@22b82ddf, org.springframework.security.web.authentication.logout.LogoutFilter@36463b09, org.springframework.security.web.authentication.UsernamePasswordAuthenticationFilter@7c7ed72a, org.springframework.security.web.authentication.ui.DefaultLoginPageGeneratingFilter@25a290ee, org.springframework.security.web.authentication.ui.DefaultLogoutPageGeneratingFilter@6ce15112, org.springframework.security.web.savedrequest.RequestCacheAwareFilter@743bb39a, org.springframework.security.web.servletapi.SecurityContextHolderAwareRequestFilter@1ffd0114, org.springframework.security.web.authentication.AnonymousAuthenticationFilter@ba4f370, org.springframework.security.web.session.SessionManagementFilter@44ccd75c, org.springframework.security.web.access.ExceptionTranslationFilter@6121a7dd, org.springframework.security.web.access.intercept.FilterSecurityInterceptor@69ffdaa8]
2019-02-14 16:43:08.183 INFO [main][PropertySourcedRequestMappingHandlerMapping.java:69] - Mapped URL path [/v2/api-docs] onto method [public org.springframework.http.ResponseEntity<springfox.documentation.spring.web.json.Json> springfox.documentation.swagger2.web.Swagger2Controller.getDocumentation(java.lang.String,javax.servlet.http.HttpServletRequest)]
2019-02-14 16:43:08.317 INFO [main][ExecutorConfigurationSupport.java:171] - Initializing ExecutorService 'applicationTaskExecutor'
2019-02-14 16:43:08.459 INFO [main][WelcomePageHandlerMapping.java:61] - Adding welcome page template: index
2019-02-14 16:43:08.586 INFO [main][DocumentationPluginsBootstrapper.java:160] - Context refreshed
2019-02-14 16:43:08.605 INFO [main][DocumentationPluginsBootstrapper.java:163] - Found 1 custom documentation plugin(s)
2019-02-14 16:43:08.634 INFO [main][ApiListingReferenceScanner.java:41] - Scanning for api listing references
2019-02-14 16:43:08.775 INFO [main][CachingOperationNameGenerator.java:40] - Generating unique operation named: sayUsingGET_1
2019-02-14 16:43:08.789 INFO [main][DirectJDKLog.java:173] - Starting ProtocolHandler ["http-nio-53010"]
2019-02-14 16:43:08.800 INFO [main][DirectJDKLog.java:173] - Using a shared selector for servlet write/read
2019-02-14 16:43:08.813 INFO [main][TomcatWebServer.java:204] - Tomcat started on port(s): 53010 (http) with context path ''
2019-02-14 16:43:08.816 INFO [main][StartupInfoLogger.java:59] - Started SpringbootdemoApplication in 6.533 seconds (JVM running for 7.688)
2019-02-14 16:43:24.999 INFO [http-nio-53010-exec-2][DirectJDKLog.java:173] - Initializing Spring DispatcherServlet 'dispatcherServlet'
2019-02-14 16:43:25.000 INFO [http-nio-53010-exec-2][FrameworkServlet.java:524] - Initializing Servlet 'dispatcherServlet'
2019-02-14 16:43:25.010 INFO [http-nio-53010-exec-2][FrameworkServlet.java:546] - Completed initialization in 10 ms
2019-02-14 16:43:26.939 INFO [http-nio-53010-exec-4][UserServiceImpl.java:26] - [service-begin]查询用户：admin
2019-02-14 16:43:27.259 INFO [http-nio-53010-exec-4][UserServiceImpl.java:31] - [service-running]用户名：admin。获取到用户：[User(id=1, username=admin, password=$2a$04$1OiUa3yEchBXQBJI8JaMyuKZNlwzWvfeQjKAHnwAEQwnacjt6ukqu, phoneNum=13283829541, createDate=2019-01-28 17:52:08.0)]
2019-02-14 16:43:27.260 INFO [http-nio-53010-exec-4][UserServiceImpl.java:38] - [service-end]获取用户成功。User(id=1, username=admin, password=$2a$04$1OiUa3yEchBXQBJI8JaMyuKZNlwzWvfeQjKAHnwAEQwnacjt6ukqu, phoneNum=13283829541, createDate=2019-01-28 17:52:08.0)
2019-02-14 16:43:30.835 INFO [http-nio-53010-exec-10][UserServiceImpl.java:26] - [service-begin]查询用户：admin
2019-02-14 16:43:30.868 INFO [http-nio-53010-exec-10][UserServiceImpl.java:31] - [service-running]用户名：admin。获取到用户：[User(id=1, username=admin, password=$2a$04$1OiUa3yEchBXQBJI8JaMyuKZNlwzWvfeQjKAHnwAEQwnacjt6ukqu, phoneNum=13283829541, createDate=2019-01-28 17:52:08.0)]
2019-02-14 16:43:30.868 INFO [http-nio-53010-exec-10][UserServiceImpl.java:38] - [service-end]获取用户成功。User(id=1, username=admin, password=$2a$04$1OiUa3yEchBXQBJI8JaMyuKZNlwzWvfeQjKAHnwAEQwnacjt6ukqu, phoneNum=13283829541, createDate=2019-01-28 17:52:08.0)
2019-02-14 16:43:45.658 INFO [http-nio-53010-exec-5][UserServiceImpl.java:26] - [service-begin]查询用户：admin
2019-02-14 16:43:45.691 INFO [http-nio-53010-exec-5][UserServiceImpl.java:31] - [service-running]用户名：admin。获取到用户：[User(id=1, username=admin, password=admin, phoneNum=13283829541, createDate=2019-02-14 16:43:43.0)]
2019-02-14 16:43:45.691 INFO [http-nio-53010-exec-5][UserServiceImpl.java:38] - [service-end]获取用户成功。User(id=1, username=admin, password=admin, phoneNum=13283829541, createDate=2019-02-14 16:43:43.0)
2019-02-14 16:43:46.705 INFO [http-nio-53010-exec-8][UserServiceImpl.java:26] - [service-begin]查询用户：admin
2019-02-14 16:43:46.737 INFO [http-nio-53010-exec-8][UserServiceImpl.java:31] - [service-running]用户名：admin。获取到用户：[User(id=1, username=admin, password=admin, phoneNum=13283829541, createDate=2019-02-14 16:43:43.0)]
2019-02-14 16:43:46.737 INFO [http-nio-53010-exec-8][UserServiceImpl.java:38] - [service-end]获取用户成功。User(id=1, username=admin, password=admin, phoneNum=13283829541, createDate=2019-02-14 16:43:43.0)
2019-02-14 16:44:56.441 INFO [http-nio-53010-exec-5][UserServiceImpl.java:26] - [service-begin]查询用户：admin
2019-02-14 16:44:56.507 INFO [http-nio-53010-exec-5][UserServiceImpl.java:31] - [service-running]用户名：admin。获取到用户：[User(id=1, username=admin, password=admin, phoneNum=13283829541, createDate=2019-02-14 16:43:43.0)]
2019-02-14 16:44:56.508 INFO [http-nio-53010-exec-5][UserServiceImpl.java:38] - [service-end]获取用户成功。User(id=1, username=admin, password=admin, phoneNum=13283829541, createDate=2019-02-14 16:43:43.0)
2019-02-14 16:50:53.515 INFO [main][StartupInfoLogger.java:50] - Starting SpringbootdemoApplication on LAPTOP-H48RG5JN with PID 26136 (E:\user\docs\workspace\IdeaProjects\springbootdemo\target\classes started by yxb in E:\user\docs\workspace\IdeaProjects\springbootdemo)
2019-02-14 16:50:53.524 INFO [main][SpringApplication.java:679] - The following profiles are active: dev
2019-02-14 16:50:54.406 INFO [main][RepositoryConfigurationDelegate.java:126] - Bootstrapping Spring Data repositories in DEFAULT mode.
2019-02-14 16:50:54.434 INFO [main][RepositoryConfigurationDelegate.java:182] - Finished Spring Data repository scanning in 23ms. Found 0 repository interfaces.
2019-02-14 16:50:54.699 INFO [main][PostProcessorRegistrationDelegate.java:330] - Bean 'org.springframework.transaction.annotation.ProxyTransactionManagementConfiguration' of type [org.springframework.transaction.annotation.ProxyTransactionManagementConfiguration$$EnhancerBySpringCGLIB$$4b56d3ee] is not eligible for getting processed by all BeanPostProcessors (for example: not eligible for auto-proxying)
2019-02-14 16:50:54.729 INFO [main][PostProcessorRegistrationDelegate.java:330] - Bean 'org.springframework.security.config.annotation.configuration.ObjectPostProcessorConfiguration' of type [org.springframework.security.config.annotation.configuration.ObjectPostProcessorConfiguration$$EnhancerBySpringCGLIB$$e4049c28] is not eligible for getting processed by all BeanPostProcessors (for example: not eligible for auto-proxying)
2019-02-14 16:50:54.734 INFO [main][PostProcessorRegistrationDelegate.java:330] - Bean 'objectPostProcessor' of type [org.springframework.security.config.annotation.configuration.AutowireBeanFactoryObjectPostProcessor] is not eligible for getting processed by all BeanPostProcessors (for example: not eligible for auto-proxying)
2019-02-14 16:50:54.735 INFO [main][PostProcessorRegistrationDelegate.java:330] - Bean 'org.springframework.security.access.expression.method.DefaultMethodSecurityExpressionHandler@53ec2968' of type [org.springframework.security.access.expression.method.DefaultMethodSecurityExpressionHandler] is not eligible for getting processed by all BeanPostProcessors (for example: not eligible for auto-proxying)
2019-02-14 16:50:54.738 INFO [main][PostProcessorRegistrationDelegate.java:330] - Bean 'org.springframework.security.config.annotation.method.configuration.GlobalMethodSecurityConfiguration' of type [org.springframework.security.config.annotation.method.configuration.GlobalMethodSecurityConfiguration$$EnhancerBySpringCGLIB$$8d93eda] is not eligible for getting processed by all BeanPostProcessors (for example: not eligible for auto-proxying)
2019-02-14 16:50:54.744 INFO [main][PostProcessorRegistrationDelegate.java:330] - Bean 'org.springframework.security.config.annotation.method.configuration.Jsr250MetadataSourceConfiguration' of type [org.springframework.security.config.annotation.method.configuration.Jsr250MetadataSourceConfiguration$$EnhancerBySpringCGLIB$$2e2e56f0] is not eligible for getting processed by all BeanPostProcessors (for example: not eligible for auto-proxying)
2019-02-14 16:50:54.746 INFO [main][PostProcessorRegistrationDelegate.java:330] - Bean 'jsr250MethodSecurityMetadataSource' of type [org.springframework.security.access.annotation.Jsr250MethodSecurityMetadataSource] is not eligible for getting processed by all BeanPostProcessors (for example: not eligible for auto-proxying)
2019-02-14 16:50:54.747 INFO [main][PostProcessorRegistrationDelegate.java:330] - Bean 'methodSecurityMetadataSource' of type [org.springframework.security.access.method.DelegatingMethodSecurityMetadataSource] is not eligible for getting processed by all BeanPostProcessors (for example: not eligible for auto-proxying)
2019-02-14 16:50:55.042 INFO [main][TomcatWebServer.java:90] - Tomcat initialized with port(s): 53010 (http)
2019-02-14 16:50:55.101 INFO [main][DirectJDKLog.java:173] - Initializing ProtocolHandler ["http-nio-53010"]
2019-02-14 16:50:55.109 INFO [main][DirectJDKLog.java:173] - Starting service [Tomcat]
2019-02-14 16:50:55.109 INFO [main][DirectJDKLog.java:173] - Starting Servlet Engine: Apache Tomcat/9.0.13
2019-02-14 16:50:55.116 INFO [main][DirectJDKLog.java:173] - The APR based Apache Tomcat Native library which allows optimal performance in production environments was not found on the java.library.path: [C:\Program Files\Java\jdk1.8.0_131\bin;C:\Windows\Sun\Java\bin;C:\Windows\system32;C:\Windows;D:\Program Files (x86)\java64\jdk1.7.0_80\bin;D:\Program Files (x86)\java64\jre7\bin;C:\Program Files (x86)\Intel\Intel(R) Management Engine Components\iCLS\;C:\Program Files\Intel\Intel(R) Management Engine Components\iCLS\;C:\Windows\system32;C:\Windows;C:\Windows\System32\Wbem;C:\Windows\System32\WindowsPowerShell\v1.0\;C:\Windows\System32\OpenSSH\;C:\Program Files (x86)\Intel\Intel(R) Management Engine Components\DAL;C:\Program Files\Intel\Intel(R) Management Engine Components\DAL;C:\Program Files (x86)\Intel\Intel(R) Management Engine Components\IPT;C:\Program Files\Intel\Intel(R) Management Engine Components\IPT;C:\Program Files (x86)\NVIDIA Corporation\PhysX\Common;C:\Program Files\Intel\WiFi\bin\;C:\Program Files\Common Files\Intel\WirelessCommon\;C:\Program Files\Git\cmd;D:\apache-maven-3.0.4\M3_HOME\bin;C:\Program Files\PuTTY\;D:\apps\oracle\product\11.2.0\dbhome_1\bin;C:\Users\yxb\AppData\Local\Microsoft\WindowsApps;;.]
2019-02-14 16:50:55.252 INFO [main][DirectJDKLog.java:173] - Initializing Spring embedded WebApplicationContext
2019-02-14 16:50:55.253 INFO [main][ServletWebServerApplicationContext.java:296] - Root WebApplicationContext: initialization completed in 1685 ms
2019-02-14 16:50:55.344 INFO [main][DruidDataSourceAutoConfigure.java:56] - Init DruidDataSource
2019-02-14 16:50:57.664 INFO [main][DruidDataSource.java:930] - {dataSource-1} inited
2019-02-14 16:50:57.802 INFO [main][LogHelper.java:31] - HHH000204: Processing PersistenceUnitInfo [
	name: default
	...]
2019-02-14 16:50:57.858 INFO [main][Version.java:46] - HHH000412: Hibernate Core {5.3.7.Final}
2019-02-14 16:50:57.859 INFO [main][Environment.java:213] - HHH000206: hibernate.properties not found
2019-02-14 16:50:57.971 INFO [main][JavaReflectionManager.java:49] - HCANN000001: Hibernate Commons Annotations {5.0.4.Final}
2019-02-14 16:50:58.103 INFO [main][Dialect.java:157] - HHH000400: Using dialect: org.hibernate.dialect.MySQL5Dialect
2019-02-14 16:50:58.250 INFO [main][AbstractEntityManagerFactoryBean.java:415] - Initialized JPA EntityManagerFactory for persistence unit 'default'
2019-02-14 16:50:58.659 WARN [main][JpaBaseConfiguration.java:234] - spring.jpa.open-in-view is enabled by default. Therefore, database queries may be performed during view rendering. Explicitly configure spring.jpa.open-in-view to disable this warning
2019-02-14 16:50:58.898 INFO [main][DefaultSecurityFilterChain.java:43] - Creating filter chain: any request, [org.springframework.security.web.context.request.async.WebAsyncManagerIntegrationFilter@72eed547, org.springframework.security.web.context.SecurityContextPersistenceFilter@21733cbe, org.springframework.security.web.header.HeaderWriterFilter@3302035b, org.springframework.security.web.authentication.logout.LogoutFilter@3f3c8b60, org.springframework.security.web.authentication.UsernamePasswordAuthenticationFilter@3d8d970e, org.springframework.security.web.authentication.ui.DefaultLoginPageGeneratingFilter@28bf82d9, org.springframework.security.web.authentication.ui.DefaultLogoutPageGeneratingFilter@69ffdaa8, org.springframework.security.web.savedrequest.RequestCacheAwareFilter@64c8fcfb, org.springframework.security.web.servletapi.SecurityContextHolderAwareRequestFilter@31228d83, org.springframework.security.web.authentication.AnonymousAuthenticationFilter@2a1e57c6, org.springframework.security.web.session.SessionManagementFilter@750cd36d, org.springframework.security.web.access.ExceptionTranslationFilter@52d96367, org.springframework.security.web.access.intercept.FilterSecurityInterceptor@1f179f51]
2019-02-14 16:50:58.923 INFO [main][PropertySourcedRequestMappingHandlerMapping.java:69] - Mapped URL path [/v2/api-docs] onto method [public org.springframework.http.ResponseEntity<springfox.documentation.spring.web.json.Json> springfox.documentation.swagger2.web.Swagger2Controller.getDocumentation(java.lang.String,javax.servlet.http.HttpServletRequest)]
2019-02-14 16:50:59.062 INFO [main][ExecutorConfigurationSupport.java:171] - Initializing ExecutorService 'applicationTaskExecutor'
2019-02-14 16:50:59.201 INFO [main][WelcomePageHandlerMapping.java:61] - Adding welcome page template: index
2019-02-14 16:50:59.299 INFO [main][DocumentationPluginsBootstrapper.java:160] - Context refreshed
2019-02-14 16:50:59.315 INFO [main][DocumentationPluginsBootstrapper.java:163] - Found 1 custom documentation plugin(s)
2019-02-14 16:50:59.345 INFO [main][ApiListingReferenceScanner.java:41] - Scanning for api listing references
2019-02-14 16:50:59.480 INFO [main][CachingOperationNameGenerator.java:40] - Generating unique operation named: sayUsingGET_1
2019-02-14 16:50:59.496 INFO [main][DirectJDKLog.java:173] - Starting ProtocolHandler ["http-nio-53010"]
2019-02-14 16:50:59.506 INFO [main][DirectJDKLog.java:173] - Using a shared selector for servlet write/read
2019-02-14 16:50:59.519 INFO [main][TomcatWebServer.java:204] - Tomcat started on port(s): 53010 (http) with context path ''
2019-02-14 16:50:59.522 INFO [main][StartupInfoLogger.java:59] - Started SpringbootdemoApplication in 6.557 seconds (JVM running for 7.646)
2019-02-14 16:51:06.186 INFO [http-nio-53010-exec-1][DirectJDKLog.java:173] - Initializing Spring DispatcherServlet 'dispatcherServlet'
2019-02-14 16:51:06.186 INFO [http-nio-53010-exec-1][FrameworkServlet.java:524] - Initializing Servlet 'dispatcherServlet'
2019-02-14 16:51:06.195 INFO [http-nio-53010-exec-1][FrameworkServlet.java:546] - Completed initialization in 9 ms
2019-02-14 16:51:08.674 INFO [http-nio-53010-exec-7][UserServiceImpl.java:26] - [service-begin]查询用户：admin
2019-02-14 16:51:09.008 INFO [http-nio-53010-exec-7][UserServiceImpl.java:31] - [service-running]用户名：admin。获取到用户：[User(id=1, username=admin, password=admin, phoneNum=13283829541, createDate=2019-02-14 16:43:43.0)]
2019-02-14 16:51:09.009 INFO [http-nio-53010-exec-7][UserServiceImpl.java:38] - [service-end]获取用户成功。User(id=1, username=admin, password=admin, phoneNum=13283829541, createDate=2019-02-14 16:43:43.0)
2019-02-14 16:51:10.135 INFO [http-nio-53010-exec-5][UserServiceImpl.java:26] - [service-begin]查询用户：admin
2019-02-14 16:51:10.178 INFO [http-nio-53010-exec-5][UserServiceImpl.java:31] - [service-running]用户名：admin。获取到用户：[User(id=1, username=admin, password=admin, phoneNum=13283829541, createDate=2019-02-14 16:43:43.0)]
2019-02-14 16:51:10.179 INFO [http-nio-53010-exec-5][UserServiceImpl.java:38] - [service-end]获取用户成功。User(id=1, username=admin, password=admin, phoneNum=13283829541, createDate=2019-02-14 16:43:43.0)
2019-02-14 16:51:10.795 INFO [http-nio-53010-exec-2][UserServiceImpl.java:26] - [service-begin]查询用户：admin
2019-02-14 16:51:10.828 INFO [http-nio-53010-exec-2][UserServiceImpl.java:31] - [service-running]用户名：admin。获取到用户：[User(id=1, username=admin, password=admin, phoneNum=13283829541, createDate=2019-02-14 16:43:43.0)]
2019-02-14 16:51:10.829 INFO [http-nio-53010-exec-2][UserServiceImpl.java:38] - [service-end]获取用户成功。User(id=1, username=admin, password=admin, phoneNum=13283829541, createDate=2019-02-14 16:43:43.0)
2019-02-14 16:51:11.055 INFO [http-nio-53010-exec-6][UserServiceImpl.java:26] - [service-begin]查询用户：admin
2019-02-14 16:51:11.089 INFO [http-nio-53010-exec-6][UserServiceImpl.java:31] - [service-running]用户名：admin。获取到用户：[User(id=1, username=admin, password=admin, phoneNum=13283829541, createDate=2019-02-14 16:43:43.0)]
2019-02-14 16:51:11.089 INFO [http-nio-53010-exec-6][UserServiceImpl.java:38] - [service-end]获取用户成功。User(id=1, username=admin, password=admin, phoneNum=13283829541, createDate=2019-02-14 16:43:43.0)
2019-02-14 16:51:11.250 INFO [http-nio-53010-exec-10][UserServiceImpl.java:26] - [service-begin]查询用户：admin
2019-02-14 16:51:11.284 INFO [http-nio-53010-exec-10][UserServiceImpl.java:31] - [service-running]用户名：admin。获取到用户：[User(id=1, username=admin, password=admin, phoneNum=13283829541, createDate=2019-02-14 16:43:43.0)]
2019-02-14 16:51:11.284 INFO [http-nio-53010-exec-10][UserServiceImpl.java:38] - [service-end]获取用户成功。User(id=1, username=admin, password=admin, phoneNum=13283829541, createDate=2019-02-14 16:43:43.0)
2019-02-14 16:51:11.629 INFO [http-nio-53010-exec-7][UserServiceImpl.java:26] - [service-begin]查询用户：admin
2019-02-14 16:51:11.663 INFO [http-nio-53010-exec-7][UserServiceImpl.java:31] - [service-running]用户名：admin。获取到用户：[User(id=1, username=admin, password=admin, phoneNum=13283829541, createDate=2019-02-14 16:43:43.0)]
2019-02-14 16:51:11.664 INFO [http-nio-53010-exec-7][UserServiceImpl.java:38] - [service-end]获取用户成功。User(id=1, username=admin, password=admin, phoneNum=13283829541, createDate=2019-02-14 16:43:43.0)
