2019-02-14 15:37:48.602 INFO [main][StartupInfoLogger.java:50] - Starting SpringbootdemoApplication on LAPTOP-H48RG5JN with PID 7500 (E:\user\docs\workspace\IdeaProjects\springbootdemo\target\classes started by yxb in E:\user\docs\workspace\IdeaProjects\springbootdemo)
2019-02-14 15:37:48.609 INFO [main][SpringApplication.java:679] - The following profiles are active: dev
2019-02-14 15:37:49.872 INFO [main][RepositoryConfigurationDelegate.java:126] - Bootstrapping Spring Data repositories in DEFAULT mode.
2019-02-14 15:37:49.901 INFO [main][RepositoryConfigurationDelegate.java:182] - Finished Spring Data repository scanning in 21ms. Found 0 repository interfaces.
2019-02-14 15:37:50.207 INFO [main][PostProcessorRegistrationDelegate.java:330] - Bean 'org.springframework.transaction.annotation.ProxyTransactionManagementConfiguration' of type [org.springframework.transaction.annotation.ProxyTransactionManagementConfiguration$$EnhancerBySpringCGLIB$$2c5aced7] is not eligible for getting processed by all BeanPostProcessors (for example: not eligible for auto-proxying)
2019-02-14 15:37:50.240 INFO [main][PostProcessorRegistrationDelegate.java:330] - Bean 'org.springframework.security.config.annotation.configuration.ObjectPostProcessorConfiguration' of type [org.springframework.security.config.annotation.configuration.ObjectPostProcessorConfiguration$$EnhancerBySpringCGLIB$$c5089711] is not eligible for getting processed by all BeanPostProcessors (for example: not eligible for auto-proxying)
2019-02-14 15:37:50.245 INFO [main][PostProcessorRegistrationDelegate.java:330] - Bean 'objectPostProcessor' of type [org.springframework.security.config.annotation.configuration.AutowireBeanFactoryObjectPostProcessor] is not eligible for getting processed by all BeanPostProcessors (for example: not eligible for auto-proxying)
2019-02-14 15:37:50.247 INFO [main][PostProcessorRegistrationDelegate.java:330] - Bean 'org.springframework.security.access.expression.method.DefaultMethodSecurityExpressionHandler@38bb9d7a' of type [org.springframework.security.access.expression.method.DefaultMethodSecurityExpressionHandler] is not eligible for getting processed by all BeanPostProcessors (for example: not eligible for auto-proxying)
2019-02-14 15:37:50.248 INFO [main][PostProcessorRegistrationDelegate.java:330] - Bean 'org.springframework.security.config.annotation.method.configuration.GlobalMethodSecurityConfiguration' of type [org.springframework.security.config.annotation.method.configuration.GlobalMethodSecurityConfiguration$$EnhancerBySpringCGLIB$$e9dd39c3] is not eligible for getting processed by all BeanPostProcessors (for example: not eligible for auto-proxying)
2019-02-14 15:37:50.254 INFO [main][PostProcessorRegistrationDelegate.java:330] - Bean 'org.springframework.security.config.annotation.method.configuration.Jsr250MetadataSourceConfiguration' of type [org.springframework.security.config.annotation.method.configuration.Jsr250MetadataSourceConfiguration$$EnhancerBySpringCGLIB$$f3251d9] is not eligible for getting processed by all BeanPostProcessors (for example: not eligible for auto-proxying)
2019-02-14 15:37:50.256 INFO [main][PostProcessorRegistrationDelegate.java:330] - Bean 'jsr250MethodSecurityMetadataSource' of type [org.springframework.security.access.annotation.Jsr250MethodSecurityMetadataSource] is not eligible for getting processed by all BeanPostProcessors (for example: not eligible for auto-proxying)
2019-02-14 15:37:50.257 INFO [main][PostProcessorRegistrationDelegate.java:330] - Bean 'methodSecurityMetadataSource' of type [org.springframework.security.access.method.DelegatingMethodSecurityMetadataSource] is not eligible for getting processed by all BeanPostProcessors (for example: not eligible for auto-proxying)
2019-02-14 15:37:50.634 INFO [main][TomcatWebServer.java:90] - Tomcat initialized with port(s): 53010 (http)
2019-02-14 15:37:50.695 INFO [main][DirectJDKLog.java:173] - Initializing ProtocolHandler ["http-nio-53010"]
2019-02-14 15:37:50.703 INFO [main][DirectJDKLog.java:173] - Starting service [Tomcat]
2019-02-14 15:37:50.704 INFO [main][DirectJDKLog.java:173] - Starting Servlet Engine: Apache Tomcat/9.0.13
2019-02-14 15:37:50.710 INFO [main][DirectJDKLog.java:173] - The APR based Apache Tomcat Native library which allows optimal performance in production environments was not found on the java.library.path: [C:\Program Files\Java\jdk1.8.0_131\bin;C:\Windows\Sun\Java\bin;C:\Windows\system32;C:\Windows;D:\Program Files (x86)\java64\jdk1.7.0_80\bin;D:\Program Files (x86)\java64\jre7\bin;C:\Program Files (x86)\Intel\Intel(R) Management Engine Components\iCLS\;C:\Program Files\Intel\Intel(R) Management Engine Components\iCLS\;C:\Windows\system32;C:\Windows;C:\Windows\System32\Wbem;C:\Windows\System32\WindowsPowerShell\v1.0\;C:\Windows\System32\OpenSSH\;C:\Program Files (x86)\Intel\Intel(R) Management Engine Components\DAL;C:\Program Files\Intel\Intel(R) Management Engine Components\DAL;C:\Program Files (x86)\Intel\Intel(R) Management Engine Components\IPT;C:\Program Files\Intel\Intel(R) Management Engine Components\IPT;C:\Program Files (x86)\NVIDIA Corporation\PhysX\Common;C:\Program Files\Intel\WiFi\bin\;C:\Program Files\Common Files\Intel\WirelessCommon\;C:\Program Files\Git\cmd;D:\apache-maven-3.0.4\M3_HOME\bin;C:\Program Files\PuTTY\;D:\apps\oracle\product\11.2.0\dbhome_1\bin;C:\Users\yxb\AppData\Local\Microsoft\WindowsApps;;.]
2019-02-14 15:37:50.849 INFO [main][DirectJDKLog.java:173] - Initializing Spring embedded WebApplicationContext
2019-02-14 15:37:50.849 INFO [main][ServletWebServerApplicationContext.java:296] - Root WebApplicationContext: initialization completed in 2207 ms
2019-02-14 15:37:50.949 INFO [main][DruidDataSourceAutoConfigure.java:56] - Init DruidDataSource
2019-02-14 15:37:53.652 INFO [main][DruidDataSource.java:930] - {dataSource-1} inited
2019-02-14 15:37:53.935 INFO [main][LogHelper.java:31] - HHH000204: Processing PersistenceUnitInfo [
	name: default
	...]
2019-02-14 15:37:54.013 INFO [main][Version.java:46] - HHH000412: Hibernate Core {5.3.7.Final}
2019-02-14 15:37:54.014 INFO [main][Environment.java:213] - HHH000206: hibernate.properties not found
2019-02-14 15:37:54.228 INFO [main][JavaReflectionManager.java:49] - HCANN000001: Hibernate Commons Annotations {5.0.4.Final}
2019-02-14 15:37:54.420 INFO [main][Dialect.java:157] - HHH000400: Using dialect: org.hibernate.dialect.MySQL5Dialect
2019-02-14 15:37:54.599 INFO [main][AbstractEntityManagerFactoryBean.java:415] - Initialized JPA EntityManagerFactory for persistence unit 'default'
2019-02-14 15:37:55.108 WARN [main][JpaBaseConfiguration.java:234] - spring.jpa.open-in-view is enabled by default. Therefore, database queries may be performed during view rendering. Explicitly configure spring.jpa.open-in-view to disable this warning
2019-02-14 15:37:55.377 INFO [main][DefaultSecurityFilterChain.java:43] - Creating filter chain: any request, [org.springframework.security.web.context.request.async.WebAsyncManagerIntegrationFilter@18e4551, org.springframework.security.web.context.SecurityContextPersistenceFilter@4baf997, org.springframework.security.web.header.HeaderWriterFilter@100d0218, org.springframework.security.web.csrf.CsrfFilter@36463b09, org.springframework.security.web.authentication.logout.LogoutFilter@227a933d, org.springframework.security.web.authentication.UsernamePasswordAuthenticationFilter@11d2714a, org.springframework.security.web.authentication.ui.DefaultLoginPageGeneratingFilter@3a5e2525, org.springframework.security.web.authentication.ui.DefaultLogoutPageGeneratingFilter@3ea48c37, org.springframework.security.web.savedrequest.RequestCacheAwareFilter@643f6179, org.springframework.security.web.servletapi.SecurityContextHolderAwareRequestFilter@20a1b3ae, org.springframework.security.web.authentication.AnonymousAuthenticationFilter@11e834ad, org.springframework.security.web.session.SessionManagementFilter@20b829d5, org.springframework.security.web.access.ExceptionTranslationFilter@43588265, org.springframework.security.web.access.intercept.FilterSecurityInterceptor@67b560fe]
2019-02-14 15:37:55.403 INFO [main][PropertySourcedRequestMappingHandlerMapping.java:69] - Mapped URL path [/v2/api-docs] onto method [public org.springframework.http.ResponseEntity<springfox.documentation.spring.web.json.Json> springfox.documentation.swagger2.web.Swagger2Controller.getDocumentation(java.lang.String,javax.servlet.http.HttpServletRequest)]
2019-02-14 15:37:55.541 INFO [main][ExecutorConfigurationSupport.java:171] - Initializing ExecutorService 'applicationTaskExecutor'
2019-02-14 15:37:55.746 INFO [main][WelcomePageHandlerMapping.java:61] - Adding welcome page template: index
2019-02-14 15:37:55.843 INFO [main][UserDetailsServiceAutoConfiguration.java:86] - 

Using generated security password: 9fb350c3-d352-450e-b409-7e2e123416c8

2019-02-14 15:37:55.858 INFO [main][DocumentationPluginsBootstrapper.java:160] - Context refreshed
2019-02-14 15:37:55.876 INFO [main][DocumentationPluginsBootstrapper.java:163] - Found 1 custom documentation plugin(s)
2019-02-14 15:37:55.906 INFO [main][ApiListingReferenceScanner.java:41] - Scanning for api listing references
2019-02-14 15:37:56.043 INFO [main][CachingOperationNameGenerator.java:40] - Generating unique operation named: sayUsingGET_1
2019-02-14 15:37:56.059 INFO [main][DirectJDKLog.java:173] - Starting ProtocolHandler ["http-nio-53010"]
2019-02-14 15:37:56.071 INFO [main][DirectJDKLog.java:173] - Using a shared selector for servlet write/read
2019-02-14 15:37:56.084 INFO [main][TomcatWebServer.java:204] - Tomcat started on port(s): 53010 (http) with context path ''
2019-02-14 15:37:56.087 INFO [main][StartupInfoLogger.java:59] - Started SpringbootdemoApplication in 8.005 seconds (JVM running for 9.222)
2019-02-14 15:38:23.552 INFO [http-nio-53010-exec-1][DirectJDKLog.java:173] - Initializing Spring DispatcherServlet 'dispatcherServlet'
2019-02-14 15:38:23.553 INFO [http-nio-53010-exec-1][FrameworkServlet.java:524] - Initializing Servlet 'dispatcherServlet'
2019-02-14 15:38:23.562 INFO [http-nio-53010-exec-1][FrameworkServlet.java:546] - Completed initialization in 9 ms
2019-02-14 15:38:52.294 INFO [http-nio-53010-exec-6][UserController.java:41] - Hello springboot
2019-02-14 15:39:11.388 INFO [http-nio-53010-exec-1][UserController.java:41] - Hello springboot
2019-02-14 15:41:37.292 INFO [main][StartupInfoLogger.java:50] - Starting SpringbootdemoApplication on LAPTOP-H48RG5JN with PID 1156 (E:\user\docs\workspace\IdeaProjects\springbootdemo\target\classes started by yxb in E:\user\docs\workspace\IdeaProjects\springbootdemo)
2019-02-14 15:41:37.292 INFO [main][SpringApplication.java:679] - The following profiles are active: dev
2019-02-14 15:41:38.208 INFO [main][RepositoryConfigurationDelegate.java:126] - Bootstrapping Spring Data repositories in DEFAULT mode.
2019-02-14 15:41:38.238 INFO [main][RepositoryConfigurationDelegate.java:182] - Finished Spring Data repository scanning in 15ms. Found 0 repository interfaces.
2019-02-14 15:41:38.547 INFO [main][PostProcessorRegistrationDelegate.java:330] - Bean 'org.springframework.transaction.annotation.ProxyTransactionManagementConfiguration' of type [org.springframework.transaction.annotation.ProxyTransactionManagementConfiguration$$EnhancerBySpringCGLIB$$68ffcc72] is not eligible for getting processed by all BeanPostProcessors (for example: not eligible for auto-proxying)
2019-02-14 15:41:38.578 INFO [main][PostProcessorRegistrationDelegate.java:330] - Bean 'org.springframework.security.config.annotation.configuration.ObjectPostProcessorConfiguration' of type [org.springframework.security.config.annotation.configuration.ObjectPostProcessorConfiguration$$EnhancerBySpringCGLIB$$1ad94ac] is not eligible for getting processed by all BeanPostProcessors (for example: not eligible for auto-proxying)
2019-02-14 15:41:38.583 INFO [main][PostProcessorRegistrationDelegate.java:330] - Bean 'objectPostProcessor' of type [org.springframework.security.config.annotation.configuration.AutowireBeanFactoryObjectPostProcessor] is not eligible for getting processed by all BeanPostProcessors (for example: not eligible for auto-proxying)
2019-02-14 15:41:38.585 INFO [main][PostProcessorRegistrationDelegate.java:330] - Bean 'org.springframework.security.access.expression.method.DefaultMethodSecurityExpressionHandler@7e7f0216' of type [org.springframework.security.access.expression.method.DefaultMethodSecurityExpressionHandler] is not eligible for getting processed by all BeanPostProcessors (for example: not eligible for auto-proxying)
2019-02-14 15:41:38.588 INFO [main][PostProcessorRegistrationDelegate.java:330] - Bean 'org.springframework.security.config.annotation.method.configuration.GlobalMethodSecurityConfiguration' of type [org.springframework.security.config.annotation.method.configuration.GlobalMethodSecurityConfiguration$$EnhancerBySpringCGLIB$$2682375e] is not eligible for getting processed by all BeanPostProcessors (for example: not eligible for auto-proxying)
2019-02-14 15:41:38.595 INFO [main][PostProcessorRegistrationDelegate.java:330] - Bean 'org.springframework.security.config.annotation.method.configuration.Jsr250MetadataSourceConfiguration' of type [org.springframework.security.config.annotation.method.configuration.Jsr250MetadataSourceConfiguration$$EnhancerBySpringCGLIB$$4bd74f74] is not eligible for getting processed by all BeanPostProcessors (for example: not eligible for auto-proxying)
2019-02-14 15:41:38.597 INFO [main][PostProcessorRegistrationDelegate.java:330] - Bean 'jsr250MethodSecurityMetadataSource' of type [org.springframework.security.access.annotation.Jsr250MethodSecurityMetadataSource] is not eligible for getting processed by all BeanPostProcessors (for example: not eligible for auto-proxying)
2019-02-14 15:41:38.598 INFO [main][PostProcessorRegistrationDelegate.java:330] - Bean 'methodSecurityMetadataSource' of type [org.springframework.security.access.method.DelegatingMethodSecurityMetadataSource] is not eligible for getting processed by all BeanPostProcessors (for example: not eligible for auto-proxying)
2019-02-14 15:41:38.910 INFO [main][TomcatWebServer.java:90] - Tomcat initialized with port(s): 53010 (http)
2019-02-14 15:41:38.974 INFO [main][DirectJDKLog.java:173] - Initializing ProtocolHandler ["http-nio-53010"]
2019-02-14 15:41:38.981 INFO [main][DirectJDKLog.java:173] - Starting service [Tomcat]
2019-02-14 15:41:38.982 INFO [main][DirectJDKLog.java:173] - Starting Servlet Engine: Apache Tomcat/9.0.13
2019-02-14 15:41:38.988 INFO [main][DirectJDKLog.java:173] - The APR based Apache Tomcat Native library which allows optimal performance in production environments was not found on the java.library.path: [C:\Program Files\Java\jdk1.8.0_131\bin;C:\Windows\Sun\Java\bin;C:\Windows\system32;C:\Windows;D:\Program Files (x86)\java64\jdk1.7.0_80\bin;D:\Program Files (x86)\java64\jre7\bin;C:\Program Files (x86)\Intel\Intel(R) Management Engine Components\iCLS\;C:\Program Files\Intel\Intel(R) Management Engine Components\iCLS\;C:\Windows\system32;C:\Windows;C:\Windows\System32\Wbem;C:\Windows\System32\WindowsPowerShell\v1.0\;C:\Windows\System32\OpenSSH\;C:\Program Files (x86)\Intel\Intel(R) Management Engine Components\DAL;C:\Program Files\Intel\Intel(R) Management Engine Components\DAL;C:\Program Files (x86)\Intel\Intel(R) Management Engine Components\IPT;C:\Program Files\Intel\Intel(R) Management Engine Components\IPT;C:\Program Files (x86)\NVIDIA Corporation\PhysX\Common;C:\Program Files\Intel\WiFi\bin\;C:\Program Files\Common Files\Intel\WirelessCommon\;C:\Program Files\Git\cmd;D:\apache-maven-3.0.4\M3_HOME\bin;C:\Program Files\PuTTY\;D:\apps\oracle\product\11.2.0\dbhome_1\bin;C:\Users\yxb\AppData\Local\Microsoft\WindowsApps;;.]
2019-02-14 15:41:39.119 INFO [main][DirectJDKLog.java:173] - Initializing Spring embedded WebApplicationContext
2019-02-14 15:41:39.120 INFO [main][ServletWebServerApplicationContext.java:296] - Root WebApplicationContext: initialization completed in 1787 ms
2019-02-14 15:41:39.221 INFO [main][DruidDataSourceAutoConfigure.java:56] - Init DruidDataSource
2019-02-14 15:41:41.306 INFO [main][DruidDataSource.java:930] - {dataSource-1} inited
2019-02-14 15:41:41.466 INFO [main][LogHelper.java:31] - HHH000204: Processing PersistenceUnitInfo [
	name: default
	...]
2019-02-14 15:41:41.523 INFO [main][Version.java:46] - HHH000412: Hibernate Core {5.3.7.Final}
2019-02-14 15:41:41.524 INFO [main][Environment.java:213] - HHH000206: hibernate.properties not found
2019-02-14 15:41:41.645 INFO [main][JavaReflectionManager.java:49] - HCANN000001: Hibernate Commons Annotations {5.0.4.Final}
2019-02-14 15:41:41.782 INFO [main][Dialect.java:157] - HHH000400: Using dialect: org.hibernate.dialect.MySQL5Dialect
2019-02-14 15:41:41.943 INFO [main][AbstractEntityManagerFactoryBean.java:415] - Initialized JPA EntityManagerFactory for persistence unit 'default'
2019-02-14 15:41:42.400 WARN [main][JpaBaseConfiguration.java:234] - spring.jpa.open-in-view is enabled by default. Therefore, database queries may be performed during view rendering. Explicitly configure spring.jpa.open-in-view to disable this warning
2019-02-14 15:41:42.685 INFO [main][DefaultSecurityFilterChain.java:43] - Creating filter chain: any request, [org.springframework.security.web.context.request.async.WebAsyncManagerIntegrationFilter@334540a0, org.springframework.security.web.context.SecurityContextPersistenceFilter@6c5747db, org.springframework.security.web.header.HeaderWriterFilter@74b1838, org.springframework.security.web.csrf.CsrfFilter@69eb544f, org.springframework.security.web.authentication.logout.LogoutFilter@566fe83c, org.springframework.security.web.authentication.UsernamePasswordAuthenticationFilter@49e7e8f1, org.springframework.security.web.authentication.ui.DefaultLoginPageGeneratingFilter@22b82ddf, org.springframework.security.web.authentication.ui.DefaultLogoutPageGeneratingFilter@1f179f51, org.springframework.security.web.savedrequest.RequestCacheAwareFilter@2c8ff67, org.springframework.security.web.servletapi.SecurityContextHolderAwareRequestFilter@6121a7dd, org.springframework.security.web.authentication.AnonymousAuthenticationFilter@b428830, org.springframework.security.web.session.SessionManagementFilter@5be51aa, org.springframework.security.web.access.ExceptionTranslationFilter@70f4f89e, org.springframework.security.web.access.intercept.FilterSecurityInterceptor@25de8898]
2019-02-14 15:41:42.716 INFO [main][PropertySourcedRequestMappingHandlerMapping.java:69] - Mapped URL path [/v2/api-docs] onto method [public org.springframework.http.ResponseEntity<springfox.documentation.spring.web.json.Json> springfox.documentation.swagger2.web.Swagger2Controller.getDocumentation(java.lang.String,javax.servlet.http.HttpServletRequest)]
2019-02-14 15:41:42.862 INFO [main][ExecutorConfigurationSupport.java:171] - Initializing ExecutorService 'applicationTaskExecutor'
2019-02-14 15:41:43.019 INFO [main][WelcomePageHandlerMapping.java:61] - Adding welcome page template: index
2019-02-14 15:41:43.118 INFO [main][UserDetailsServiceAutoConfiguration.java:86] - 

Using generated security password: 2760c306-e1c2-4048-8f68-6b7089cae59a

2019-02-14 15:41:43.135 INFO [main][DocumentationPluginsBootstrapper.java:160] - Context refreshed
2019-02-14 15:41:43.153 INFO [main][DocumentationPluginsBootstrapper.java:163] - Found 1 custom documentation plugin(s)
2019-02-14 15:41:43.183 INFO [main][ApiListingReferenceScanner.java:41] - Scanning for api listing references
2019-02-14 15:41:43.315 INFO [main][CachingOperationNameGenerator.java:40] - Generating unique operation named: sayUsingGET_1
2019-02-14 15:41:43.350 INFO [main][DirectJDKLog.java:173] - Starting ProtocolHandler ["http-nio-53010"]
2019-02-14 15:41:43.363 INFO [main][DirectJDKLog.java:173] - Using a shared selector for servlet write/read
2019-02-14 15:41:43.378 INFO [main][TomcatWebServer.java:204] - Tomcat started on port(s): 53010 (http) with context path ''
2019-02-14 15:41:43.381 INFO [main][StartupInfoLogger.java:59] - Started SpringbootdemoApplication in 6.622 seconds (JVM running for 7.647)
2019-02-14 15:41:52.335 INFO [http-nio-53010-exec-1][DirectJDKLog.java:173] - Initializing Spring DispatcherServlet 'dispatcherServlet'
2019-02-14 15:41:52.335 INFO [http-nio-53010-exec-1][FrameworkServlet.java:524] - Initializing Servlet 'dispatcherServlet'
2019-02-14 15:41:52.345 INFO [http-nio-53010-exec-1][FrameworkServlet.java:546] - Completed initialization in 10 ms
2019-02-14 15:45:31.421 INFO [main][StartupInfoLogger.java:50] - Starting SpringbootdemoApplication on LAPTOP-H48RG5JN with PID 23532 (E:\user\docs\workspace\IdeaProjects\springbootdemo\target\classes started by yxb in E:\user\docs\workspace\IdeaProjects\springbootdemo)
2019-02-14 15:45:31.422 INFO [main][SpringApplication.java:679] - The following profiles are active: dev
2019-02-14 15:45:32.376 INFO [main][RepositoryConfigurationDelegate.java:126] - Bootstrapping Spring Data repositories in DEFAULT mode.
2019-02-14 15:45:32.405 INFO [main][RepositoryConfigurationDelegate.java:182] - Finished Spring Data repository scanning in 16ms. Found 0 repository interfaces.
2019-02-14 15:45:32.694 INFO [main][PostProcessorRegistrationDelegate.java:330] - Bean 'org.springframework.transaction.annotation.ProxyTransactionManagementConfiguration' of type [org.springframework.transaction.annotation.ProxyTransactionManagementConfiguration$$EnhancerBySpringCGLIB$$2230fbc1] is not eligible for getting processed by all BeanPostProcessors (for example: not eligible for auto-proxying)
2019-02-14 15:45:32.727 INFO [main][PostProcessorRegistrationDelegate.java:330] - Bean 'org.springframework.security.config.annotation.configuration.ObjectPostProcessorConfiguration' of type [org.springframework.security.config.annotation.configuration.ObjectPostProcessorConfiguration$$EnhancerBySpringCGLIB$$badec3fb] is not eligible for getting processed by all BeanPostProcessors (for example: not eligible for auto-proxying)
2019-02-14 15:45:32.731 INFO [main][PostProcessorRegistrationDelegate.java:330] - Bean 'objectPostProcessor' of type [org.springframework.security.config.annotation.configuration.AutowireBeanFactoryObjectPostProcessor] is not eligible for getting processed by all BeanPostProcessors (for example: not eligible for auto-proxying)
2019-02-14 15:45:32.733 INFO [main][PostProcessorRegistrationDelegate.java:330] - Bean 'org.springframework.security.access.expression.method.DefaultMethodSecurityExpressionHandler@5f038248' of type [org.springframework.security.access.expression.method.DefaultMethodSecurityExpressionHandler] is not eligible for getting processed by all BeanPostProcessors (for example: not eligible for auto-proxying)
2019-02-14 15:45:32.734 INFO [main][PostProcessorRegistrationDelegate.java:330] - Bean 'org.springframework.security.config.annotation.method.configuration.GlobalMethodSecurityConfiguration' of type [org.springframework.security.config.annotation.method.configuration.GlobalMethodSecurityConfiguration$$EnhancerBySpringCGLIB$$dfb366ad] is not eligible for getting processed by all BeanPostProcessors (for example: not eligible for auto-proxying)
2019-02-14 15:45:32.741 INFO [main][PostProcessorRegistrationDelegate.java:330] - Bean 'org.springframework.security.config.annotation.method.configuration.Jsr250MetadataSourceConfiguration' of type [org.springframework.security.config.annotation.method.configuration.Jsr250MetadataSourceConfiguration$$EnhancerBySpringCGLIB$$5087ec3] is not eligible for getting processed by all BeanPostProcessors (for example: not eligible for auto-proxying)
2019-02-14 15:45:32.742 INFO [main][PostProcessorRegistrationDelegate.java:330] - Bean 'jsr250MethodSecurityMetadataSource' of type [org.springframework.security.access.annotation.Jsr250MethodSecurityMetadataSource] is not eligible for getting processed by all BeanPostProcessors (for example: not eligible for auto-proxying)
2019-02-14 15:45:32.743 INFO [main][PostProcessorRegistrationDelegate.java:330] - Bean 'methodSecurityMetadataSource' of type [org.springframework.security.access.method.DelegatingMethodSecurityMetadataSource] is not eligible for getting processed by all BeanPostProcessors (for example: not eligible for auto-proxying)
2019-02-14 15:45:33.054 INFO [main][TomcatWebServer.java:90] - Tomcat initialized with port(s): 53010 (http)
2019-02-14 15:45:33.116 INFO [main][DirectJDKLog.java:173] - Initializing ProtocolHandler ["http-nio-53010"]
2019-02-14 15:45:33.124 INFO [main][DirectJDKLog.java:173] - Starting service [Tomcat]
2019-02-14 15:45:33.124 INFO [main][DirectJDKLog.java:173] - Starting Servlet Engine: Apache Tomcat/9.0.13
2019-02-14 15:45:33.130 INFO [main][DirectJDKLog.java:173] - The APR based Apache Tomcat Native library which allows optimal performance in production environments was not found on the java.library.path: [C:\Program Files\Java\jdk1.8.0_131\bin;C:\Windows\Sun\Java\bin;C:\Windows\system32;C:\Windows;D:\Program Files (x86)\java64\jdk1.7.0_80\bin;D:\Program Files (x86)\java64\jre7\bin;C:\Program Files (x86)\Intel\Intel(R) Management Engine Components\iCLS\;C:\Program Files\Intel\Intel(R) Management Engine Components\iCLS\;C:\Windows\system32;C:\Windows;C:\Windows\System32\Wbem;C:\Windows\System32\WindowsPowerShell\v1.0\;C:\Windows\System32\OpenSSH\;C:\Program Files (x86)\Intel\Intel(R) Management Engine Components\DAL;C:\Program Files\Intel\Intel(R) Management Engine Components\DAL;C:\Program Files (x86)\Intel\Intel(R) Management Engine Components\IPT;C:\Program Files\Intel\Intel(R) Management Engine Components\IPT;C:\Program Files (x86)\NVIDIA Corporation\PhysX\Common;C:\Program Files\Intel\WiFi\bin\;C:\Program Files\Common Files\Intel\WirelessCommon\;C:\Program Files\Git\cmd;D:\apache-maven-3.0.4\M3_HOME\bin;C:\Program Files\PuTTY\;D:\apps\oracle\product\11.2.0\dbhome_1\bin;C:\Users\yxb\AppData\Local\Microsoft\WindowsApps;;.]
2019-02-14 15:45:33.260 INFO [main][DirectJDKLog.java:173] - Initializing Spring embedded WebApplicationContext
2019-02-14 15:45:33.261 INFO [main][ServletWebServerApplicationContext.java:296] - Root WebApplicationContext: initialization completed in 1788 ms
2019-02-14 15:45:33.361 INFO [main][DruidDataSourceAutoConfigure.java:56] - Init DruidDataSource
2019-02-14 15:45:36.285 INFO [main][DruidDataSource.java:930] - {dataSource-1} inited
2019-02-14 15:45:36.428 INFO [main][LogHelper.java:31] - HHH000204: Processing PersistenceUnitInfo [
	name: default
	...]
2019-02-14 15:45:36.483 INFO [main][Version.java:46] - HHH000412: Hibernate Core {5.3.7.Final}
2019-02-14 15:45:36.485 INFO [main][Environment.java:213] - HHH000206: hibernate.properties not found
2019-02-14 15:45:36.611 INFO [main][JavaReflectionManager.java:49] - HCANN000001: Hibernate Commons Annotations {5.0.4.Final}
2019-02-14 15:45:36.913 INFO [main][Dialect.java:157] - HHH000400: Using dialect: org.hibernate.dialect.MySQL5Dialect
2019-02-14 15:45:37.050 INFO [main][AbstractEntityManagerFactoryBean.java:415] - Initialized JPA EntityManagerFactory for persistence unit 'default'
2019-02-14 15:45:37.518 WARN [main][JpaBaseConfiguration.java:234] - spring.jpa.open-in-view is enabled by default. Therefore, database queries may be performed during view rendering. Explicitly configure spring.jpa.open-in-view to disable this warning
2019-02-14 15:45:37.787 INFO [main][DefaultSecurityFilterChain.java:43] - Creating filter chain: any request, [org.springframework.security.web.context.request.async.WebAsyncManagerIntegrationFilter@464ede1f, org.springframework.security.web.context.SecurityContextPersistenceFilter@634aa81e, org.springframework.security.web.header.HeaderWriterFilter@23f60b7d, org.springframework.security.web.csrf.CsrfFilter@2296127, org.springframework.security.web.authentication.logout.LogoutFilter@22b82ddf, org.springframework.security.web.authentication.UsernamePasswordAuthenticationFilter@bfb93cf, org.springframework.security.web.authentication.ui.DefaultLoginPageGeneratingFilter@83b0d0f, org.springframework.security.web.authentication.ui.DefaultLogoutPageGeneratingFilter@64910b2d, org.springframework.security.web.savedrequest.RequestCacheAwareFilter@52d96367, org.springframework.security.web.servletapi.SecurityContextHolderAwareRequestFilter@21be14c2, org.springframework.security.web.authentication.AnonymousAuthenticationFilter@1247c72e, org.springframework.security.web.session.SessionManagementFilter@4aa3fc9a, org.springframework.security.web.access.ExceptionTranslationFilter@5e37fb82, org.springframework.security.web.access.intercept.FilterSecurityInterceptor@6546371]
2019-02-14 15:45:37.818 INFO [main][PropertySourcedRequestMappingHandlerMapping.java:69] - Mapped URL path [/v2/api-docs] onto method [public org.springframework.http.ResponseEntity<springfox.documentation.spring.web.json.Json> springfox.documentation.swagger2.web.Swagger2Controller.getDocumentation(java.lang.String,javax.servlet.http.HttpServletRequest)]
2019-02-14 15:45:37.968 INFO [main][ExecutorConfigurationSupport.java:171] - Initializing ExecutorService 'applicationTaskExecutor'
2019-02-14 15:45:38.137 INFO [main][WelcomePageHandlerMapping.java:61] - Adding welcome page template: index
2019-02-14 15:45:38.252 INFO [main][UserDetailsServiceAutoConfiguration.java:86] - 

Using generated security password: 1960a161-041f-42bb-9459-823b370cfb62

2019-02-14 15:45:38.269 INFO [main][DocumentationPluginsBootstrapper.java:160] - Context refreshed
2019-02-14 15:45:38.288 INFO [main][DocumentationPluginsBootstrapper.java:163] - Found 1 custom documentation plugin(s)
2019-02-14 15:45:38.320 INFO [main][ApiListingReferenceScanner.java:41] - Scanning for api listing references
2019-02-14 15:45:38.471 INFO [main][CachingOperationNameGenerator.java:40] - Generating unique operation named: sayUsingGET_1
2019-02-14 15:45:38.504 INFO [main][DirectJDKLog.java:173] - Starting ProtocolHandler ["http-nio-53010"]
2019-02-14 15:45:38.517 INFO [main][DirectJDKLog.java:173] - Using a shared selector for servlet write/read
2019-02-14 15:45:38.554 INFO [main][TomcatWebServer.java:204] - Tomcat started on port(s): 53010 (http) with context path ''
2019-02-14 15:45:38.556 INFO [main][StartupInfoLogger.java:59] - Started SpringbootdemoApplication in 7.651 seconds (JVM running for 8.765)
2019-02-14 15:45:50.378 INFO [main][StartupInfoLogger.java:50] - Starting SpringbootdemoApplication on LAPTOP-H48RG5JN with PID 24512 (E:\user\docs\workspace\IdeaProjects\springbootdemo\target\classes started by yxb in E:\user\docs\workspace\IdeaProjects\springbootdemo)
2019-02-14 15:45:50.389 INFO [main][SpringApplication.java:679] - The following profiles are active: dev
2019-02-14 15:45:51.306 INFO [main][RepositoryConfigurationDelegate.java:126] - Bootstrapping Spring Data repositories in DEFAULT mode.
2019-02-14 15:45:51.332 INFO [main][RepositoryConfigurationDelegate.java:182] - Finished Spring Data repository scanning in 20ms. Found 0 repository interfaces.
2019-02-14 15:45:51.608 INFO [main][PostProcessorRegistrationDelegate.java:330] - Bean 'org.springframework.transaction.annotation.ProxyTransactionManagementConfiguration' of type [org.springframework.transaction.annotation.ProxyTransactionManagementConfiguration$$EnhancerBySpringCGLIB$$18b51de6] is not eligible for getting processed by all BeanPostProcessors (for example: not eligible for auto-proxying)
2019-02-14 15:45:51.638 INFO [main][PostProcessorRegistrationDelegate.java:330] - Bean 'org.springframework.security.config.annotation.configuration.ObjectPostProcessorConfiguration' of type [org.springframework.security.config.annotation.configuration.ObjectPostProcessorConfiguration$$EnhancerBySpringCGLIB$$b162e620] is not eligible for getting processed by all BeanPostProcessors (for example: not eligible for auto-proxying)
2019-02-14 15:45:51.643 INFO [main][PostProcessorRegistrationDelegate.java:330] - Bean 'objectPostProcessor' of type [org.springframework.security.config.annotation.configuration.AutowireBeanFactoryObjectPostProcessor] is not eligible for getting processed by all BeanPostProcessors (for example: not eligible for auto-proxying)
2019-02-14 15:45:51.645 INFO [main][PostProcessorRegistrationDelegate.java:330] - Bean 'org.springframework.security.access.expression.method.DefaultMethodSecurityExpressionHandler@67c5ac52' of type [org.springframework.security.access.expression.method.DefaultMethodSecurityExpressionHandler] is not eligible for getting processed by all BeanPostProcessors (for example: not eligible for auto-proxying)
2019-02-14 15:45:51.647 INFO [main][PostProcessorRegistrationDelegate.java:330] - Bean 'org.springframework.security.config.annotation.method.configuration.GlobalMethodSecurityConfiguration' of type [org.springframework.security.config.annotation.method.configuration.GlobalMethodSecurityConfiguration$$EnhancerBySpringCGLIB$$d63788d2] is not eligible for getting processed by all BeanPostProcessors (for example: not eligible for auto-proxying)
2019-02-14 15:45:51.654 INFO [main][PostProcessorRegistrationDelegate.java:330] - Bean 'org.springframework.security.config.annotation.method.configuration.Jsr250MetadataSourceConfiguration' of type [org.springframework.security.config.annotation.method.configuration.Jsr250MetadataSourceConfiguration$$EnhancerBySpringCGLIB$$fb8ca0e8] is not eligible for getting processed by all BeanPostProcessors (for example: not eligible for auto-proxying)
2019-02-14 15:45:51.656 INFO [main][PostProcessorRegistrationDelegate.java:330] - Bean 'jsr250MethodSecurityMetadataSource' of type [org.springframework.security.access.annotation.Jsr250MethodSecurityMetadataSource] is not eligible for getting processed by all BeanPostProcessors (for example: not eligible for auto-proxying)
2019-02-14 15:45:51.657 INFO [main][PostProcessorRegistrationDelegate.java:330] - Bean 'methodSecurityMetadataSource' of type [org.springframework.security.access.method.DelegatingMethodSecurityMetadataSource] is not eligible for getting processed by all BeanPostProcessors (for example: not eligible for auto-proxying)
2019-02-14 15:45:51.944 INFO [main][TomcatWebServer.java:90] - Tomcat initialized with port(s): 53010 (http)
2019-02-14 15:45:52.003 INFO [main][DirectJDKLog.java:173] - Initializing ProtocolHandler ["http-nio-53010"]
2019-02-14 15:45:52.010 INFO [main][DirectJDKLog.java:173] - Starting service [Tomcat]
2019-02-14 15:45:52.011 INFO [main][DirectJDKLog.java:173] - Starting Servlet Engine: Apache Tomcat/9.0.13
2019-02-14 15:45:52.016 INFO [main][DirectJDKLog.java:173] - The APR based Apache Tomcat Native library which allows optimal performance in production environments was not found on the java.library.path: [C:\Program Files\Java\jdk1.8.0_131\bin;C:\Windows\Sun\Java\bin;C:\Windows\system32;C:\Windows;D:\Program Files (x86)\java64\jdk1.7.0_80\bin;D:\Program Files (x86)\java64\jre7\bin;C:\Program Files (x86)\Intel\Intel(R) Management Engine Components\iCLS\;C:\Program Files\Intel\Intel(R) Management Engine Components\iCLS\;C:\Windows\system32;C:\Windows;C:\Windows\System32\Wbem;C:\Windows\System32\WindowsPowerShell\v1.0\;C:\Windows\System32\OpenSSH\;C:\Program Files (x86)\Intel\Intel(R) Management Engine Components\DAL;C:\Program Files\Intel\Intel(R) Management Engine Components\DAL;C:\Program Files (x86)\Intel\Intel(R) Management Engine Components\IPT;C:\Program Files\Intel\Intel(R) Management Engine Components\IPT;C:\Program Files (x86)\NVIDIA Corporation\PhysX\Common;C:\Program Files\Intel\WiFi\bin\;C:\Program Files\Common Files\Intel\WirelessCommon\;C:\Program Files\Git\cmd;D:\apache-maven-3.0.4\M3_HOME\bin;C:\Program Files\PuTTY\;D:\apps\oracle\product\11.2.0\dbhome_1\bin;C:\Users\yxb\AppData\Local\Microsoft\WindowsApps;;.]
2019-02-14 15:45:52.146 INFO [main][DirectJDKLog.java:173] - Initializing Spring embedded WebApplicationContext
2019-02-14 15:45:52.146 INFO [main][ServletWebServerApplicationContext.java:296] - Root WebApplicationContext: initialization completed in 1710 ms
2019-02-14 15:45:52.238 INFO [main][DruidDataSourceAutoConfigure.java:56] - Init DruidDataSource
2019-02-14 15:45:54.479 INFO [main][DruidDataSource.java:930] - {dataSource-1} inited
2019-02-14 15:45:54.612 INFO [main][LogHelper.java:31] - HHH000204: Processing PersistenceUnitInfo [
	name: default
	...]
2019-02-14 15:45:54.668 INFO [main][Version.java:46] - HHH000412: Hibernate Core {5.3.7.Final}
2019-02-14 15:45:54.669 INFO [main][Environment.java:213] - HHH000206: hibernate.properties not found
2019-02-14 15:45:54.787 INFO [main][JavaReflectionManager.java:49] - HCANN000001: Hibernate Commons Annotations {5.0.4.Final}
2019-02-14 15:45:54.919 INFO [main][Dialect.java:157] - HHH000400: Using dialect: org.hibernate.dialect.MySQL5Dialect
2019-02-14 15:45:55.067 INFO [main][AbstractEntityManagerFactoryBean.java:415] - Initialized JPA EntityManagerFactory for persistence unit 'default'
2019-02-14 15:45:55.467 WARN [main][JpaBaseConfiguration.java:234] - spring.jpa.open-in-view is enabled by default. Therefore, database queries may be performed during view rendering. Explicitly configure spring.jpa.open-in-view to disable this warning
2019-02-14 15:45:55.713 INFO [main][DefaultSecurityFilterChain.java:43] - Creating filter chain: any request, [org.springframework.security.web.context.request.async.WebAsyncManagerIntegrationFilter@2774dcf4, org.springframework.security.web.context.SecurityContextPersistenceFilter@6b6def36, org.springframework.security.web.header.HeaderWriterFilter@1de7f898, org.springframework.security.web.csrf.CsrfFilter@4b4927e5, org.springframework.security.web.authentication.logout.LogoutFilter@25218a4d, org.springframework.security.web.authentication.UsernamePasswordAuthenticationFilter@23b71d24, org.springframework.security.web.authentication.ui.DefaultLoginPageGeneratingFilter@69eb544f, org.springframework.security.web.authentication.ui.DefaultLogoutPageGeneratingFilter@20b829d5, org.springframework.security.web.savedrequest.RequestCacheAwareFilter@1152900, org.springframework.security.web.servletapi.SecurityContextHolderAwareRequestFilter@66234b0f, org.springframework.security.web.authentication.AnonymousAuthenticationFilter@7c5f29c6, org.springframework.security.web.session.SessionManagementFilter@63db743d, org.springframework.security.web.access.ExceptionTranslationFilter@6d7740f0, org.springframework.security.web.access.intercept.FilterSecurityInterceptor@25ae1f80]
2019-02-14 15:45:55.738 INFO [main][PropertySourcedRequestMappingHandlerMapping.java:69] - Mapped URL path [/v2/api-docs] onto method [public org.springframework.http.ResponseEntity<springfox.documentation.spring.web.json.Json> springfox.documentation.swagger2.web.Swagger2Controller.getDocumentation(java.lang.String,javax.servlet.http.HttpServletRequest)]
2019-02-14 15:45:55.875 INFO [main][ExecutorConfigurationSupport.java:171] - Initializing ExecutorService 'applicationTaskExecutor'
2019-02-14 15:45:56.010 INFO [main][WelcomePageHandlerMapping.java:61] - Adding welcome page template: index
2019-02-14 15:45:56.100 INFO [main][UserDetailsServiceAutoConfiguration.java:86] - 

Using generated security password: 7b7f99c7-a75d-4223-a030-2f9966a92dd0

2019-02-14 15:45:56.113 INFO [main][DocumentationPluginsBootstrapper.java:160] - Context refreshed
2019-02-14 15:45:56.129 INFO [main][DocumentationPluginsBootstrapper.java:163] - Found 1 custom documentation plugin(s)
2019-02-14 15:45:56.156 INFO [main][ApiListingReferenceScanner.java:41] - Scanning for api listing references
2019-02-14 15:45:56.284 INFO [main][CachingOperationNameGenerator.java:40] - Generating unique operation named: sayUsingGET_1
2019-02-14 15:45:56.300 INFO [main][DirectJDKLog.java:173] - Starting ProtocolHandler ["http-nio-53010"]
2019-02-14 15:45:56.311 INFO [main][DirectJDKLog.java:173] - Using a shared selector for servlet write/read
2019-02-14 15:45:56.325 INFO [main][TomcatWebServer.java:204] - Tomcat started on port(s): 53010 (http) with context path ''
2019-02-14 15:45:56.328 INFO [main][StartupInfoLogger.java:59] - Started SpringbootdemoApplication in 6.453 seconds (JVM running for 7.466)
2019-02-14 15:46:11.167 INFO [http-nio-53010-exec-1][DirectJDKLog.java:173] - Initializing Spring DispatcherServlet 'dispatcherServlet'
2019-02-14 15:46:11.168 INFO [http-nio-53010-exec-1][FrameworkServlet.java:524] - Initializing Servlet 'dispatcherServlet'
2019-02-14 15:46:11.177 INFO [http-nio-53010-exec-1][FrameworkServlet.java:546] - Completed initialization in 9 ms
2019-02-14 15:46:16.215 INFO [http-nio-53010-exec-9][UserController.java:49] - [web-begin]查询用户：admi
2019-02-14 15:46:16.216 INFO [http-nio-53010-exec-9][UserServiceImpl.java:26] - [service-begin]查询用户：admi
2019-02-14 15:46:16.372 INFO [http-nio-53010-exec-9][UserServiceImpl.java:31] - [service-running]用户名：admi。获取到用户：[]
2019-02-14 15:46:33.051 INFO [http-nio-53010-exec-10][UserController.java:49] - [web-begin]查询用户：admin
2019-02-14 15:46:33.052 INFO [http-nio-53010-exec-10][UserServiceImpl.java:26] - [service-begin]查询用户：admin
2019-02-14 15:46:33.088 INFO [http-nio-53010-exec-10][UserServiceImpl.java:31] - [service-running]用户名：admin。获取到用户：[User(id=1, username=admin, password=$2a$04$1OiUa3yEchBXQBJI8JaMyuKZNlwzWvfeQjKAHnwAEQwnacjt6ukqu, phoneNum=13283829541, createDate=2019-01-28 17:52:08.0)]
2019-02-14 15:46:33.089 INFO [http-nio-53010-exec-10][UserServiceImpl.java:38] - [service-end]获取用户成功。User(id=1, username=admin, password=$2a$04$1OiUa3yEchBXQBJI8JaMyuKZNlwzWvfeQjKAHnwAEQwnacjt6ukqu, phoneNum=13283829541, createDate=2019-01-28 17:52:08.0)
2019-02-14 15:46:33.089 INFO [http-nio-53010-exec-10][UserController.java:51] - [web-end]获取用户成功。User(id=1, username=admin, password=$2a$04$1OiUa3yEchBXQBJI8JaMyuKZNlwzWvfeQjKAHnwAEQwnacjt6ukqu, phoneNum=13283829541, createDate=2019-01-28 17:52:08.0)
