2019-02-14 17:12:51.575 INFO [main][StartupInfoLogger.java:50] - Starting SpringbootdemoApplication on LAPTOP-H48RG5JN with PID 10292 (E:\user\docs\workspace\IdeaProjects\springbootdemo\target\classes started by yxb in E:\user\docs\workspace\IdeaProjects\springbootdemo)
2019-02-14 17:12:51.582 INFO [main][SpringApplication.java:679] - The following profiles are active: dev
2019-02-14 17:12:52.368 WARN [main][AbstractApplicationContext.java:554] - Exception encountered during context initialization - cancelling refresh attempt: org.springframework.beans.factory.support.BeanDefinitionOverrideException: Invalid bean definition with name 'customUserService' defined in class path resource [com/example/springbootdemo/config/WebSecurityConfig.class]: Cannot register bean definition [Root bean: class [null]; scope=; abstract=false; lazyInit=false; autowireMode=3; dependencyCheck=0; autowireCandidate=true; primary=false; factoryBeanName=webSecurityConfig; factoryMethodName=customUserService; initMethodName=null; destroyMethodName=(inferred); defined in class path resource [com/example/springbootdemo/config/WebSecurityConfig.class]] for bean 'customUserService': There is already [Generic bean: class [com.example.springbootdemo.service.CustomUserService]; scope=singleton; abstract=false; lazyInit=false; autowireMode=0; dependencyCheck=0; autowireCandidate=true; primary=false; factoryBeanName=null; factoryMethodName=null; initMethodName=null; destroyMethodName=null; defined in file [E:\user\docs\workspace\IdeaProjects\springbootdemo\target\classes\com\example\springbootdemo\service\CustomUserService.class]] bound.
2019-02-14 17:12:52.373 INFO [main][ConditionEvaluationReportLoggingListener.java:142] - 

Error starting ApplicationContext. To display the conditions report re-run your application with 'debug' enabled.
2019-02-14 17:12:52.375 ERROR [main][LoggingFailureAnalysisReporter.java:42] - 

***************************
APPLICATION FAILED TO START
***************************

Description:

The bean 'customUserService', defined in class path resource [com/example/springbootdemo/config/WebSecurityConfig.class], could not be registered. A bean with that name has already been defined in file [E:\user\docs\workspace\IdeaProjects\springbootdemo\target\classes\com\example\springbootdemo\service\CustomUserService.class] and overriding is disabled.

Action:

Consider renaming one of the beans or enabling overriding by setting spring.main.allow-bean-definition-overriding=true

2019-02-14 17:16:36.441 INFO [main][StartupInfoLogger.java:50] - Starting SpringbootdemoApplication on LAPTOP-H48RG5JN with PID 20820 (E:\user\docs\workspace\IdeaProjects\springbootdemo\target\classes started by yxb in E:\user\docs\workspace\IdeaProjects\springbootdemo)
2019-02-14 17:16:36.450 INFO [main][SpringApplication.java:679] - The following profiles are active: dev
2019-02-14 17:16:37.331 INFO [main][RepositoryConfigurationDelegate.java:126] - Bootstrapping Spring Data repositories in DEFAULT mode.
2019-02-14 17:16:37.360 INFO [main][RepositoryConfigurationDelegate.java:182] - Finished Spring Data repository scanning in 23ms. Found 0 repository interfaces.
2019-02-14 17:16:37.628 INFO [main][PostProcessorRegistrationDelegate.java:330] - Bean 'org.springframework.transaction.annotation.ProxyTransactionManagementConfiguration' of type [org.springframework.transaction.annotation.ProxyTransactionManagementConfiguration$$EnhancerBySpringCGLIB$$a3a75360] is not eligible for getting processed by all BeanPostProcessors (for example: not eligible for auto-proxying)
2019-02-14 17:16:37.660 INFO [main][PostProcessorRegistrationDelegate.java:330] - Bean 'org.springframework.security.config.annotation.configuration.ObjectPostProcessorConfiguration' of type [org.springframework.security.config.annotation.configuration.ObjectPostProcessorConfiguration$$EnhancerBySpringCGLIB$$3c551b9a] is not eligible for getting processed by all BeanPostProcessors (for example: not eligible for auto-proxying)
2019-02-14 17:16:37.665 INFO [main][PostProcessorRegistrationDelegate.java:330] - Bean 'objectPostProcessor' of type [org.springframework.security.config.annotation.configuration.AutowireBeanFactoryObjectPostProcessor] is not eligible for getting processed by all BeanPostProcessors (for example: not eligible for auto-proxying)
2019-02-14 17:16:37.667 INFO [main][PostProcessorRegistrationDelegate.java:330] - Bean 'org.springframework.security.access.expression.method.DefaultMethodSecurityExpressionHandler@67c5ac52' of type [org.springframework.security.access.expression.method.DefaultMethodSecurityExpressionHandler] is not eligible for getting processed by all BeanPostProcessors (for example: not eligible for auto-proxying)
2019-02-14 17:16:37.668 INFO [main][PostProcessorRegistrationDelegate.java:330] - Bean 'org.springframework.security.config.annotation.method.configuration.GlobalMethodSecurityConfiguration' of type [org.springframework.security.config.annotation.method.configuration.GlobalMethodSecurityConfiguration$$EnhancerBySpringCGLIB$$6129be4c] is not eligible for getting processed by all BeanPostProcessors (for example: not eligible for auto-proxying)
2019-02-14 17:16:37.674 INFO [main][PostProcessorRegistrationDelegate.java:330] - Bean 'org.springframework.security.config.annotation.method.configuration.Jsr250MetadataSourceConfiguration' of type [org.springframework.security.config.annotation.method.configuration.Jsr250MetadataSourceConfiguration$$EnhancerBySpringCGLIB$$867ed662] is not eligible for getting processed by all BeanPostProcessors (for example: not eligible for auto-proxying)
2019-02-14 17:16:37.676 INFO [main][PostProcessorRegistrationDelegate.java:330] - Bean 'jsr250MethodSecurityMetadataSource' of type [org.springframework.security.access.annotation.Jsr250MethodSecurityMetadataSource] is not eligible for getting processed by all BeanPostProcessors (for example: not eligible for auto-proxying)
2019-02-14 17:16:37.677 INFO [main][PostProcessorRegistrationDelegate.java:330] - Bean 'methodSecurityMetadataSource' of type [org.springframework.security.access.method.DelegatingMethodSecurityMetadataSource] is not eligible for getting processed by all BeanPostProcessors (for example: not eligible for auto-proxying)
2019-02-14 17:16:37.974 INFO [main][TomcatWebServer.java:90] - Tomcat initialized with port(s): 53010 (http)
2019-02-14 17:16:38.033 INFO [main][DirectJDKLog.java:173] - Initializing ProtocolHandler ["http-nio-53010"]
2019-02-14 17:16:38.041 INFO [main][DirectJDKLog.java:173] - Starting service [Tomcat]
2019-02-14 17:16:38.042 INFO [main][DirectJDKLog.java:173] - Starting Servlet Engine: Apache Tomcat/9.0.13
2019-02-14 17:16:38.047 INFO [main][DirectJDKLog.java:173] - The APR based Apache Tomcat Native library which allows optimal performance in production environments was not found on the java.library.path: [C:\Program Files\Java\jdk1.8.0_131\bin;C:\Windows\Sun\Java\bin;C:\Windows\system32;C:\Windows;D:\Program Files (x86)\java64\jdk1.7.0_80\bin;D:\Program Files (x86)\java64\jre7\bin;C:\Program Files (x86)\Intel\Intel(R) Management Engine Components\iCLS\;C:\Program Files\Intel\Intel(R) Management Engine Components\iCLS\;C:\Windows\system32;C:\Windows;C:\Windows\System32\Wbem;C:\Windows\System32\WindowsPowerShell\v1.0\;C:\Windows\System32\OpenSSH\;C:\Program Files (x86)\Intel\Intel(R) Management Engine Components\DAL;C:\Program Files\Intel\Intel(R) Management Engine Components\DAL;C:\Program Files (x86)\Intel\Intel(R) Management Engine Components\IPT;C:\Program Files\Intel\Intel(R) Management Engine Components\IPT;C:\Program Files (x86)\NVIDIA Corporation\PhysX\Common;C:\Program Files\Intel\WiFi\bin\;C:\Program Files\Common Files\Intel\WirelessCommon\;C:\Program Files\Git\cmd;D:\apache-maven-3.0.4\M3_HOME\bin;C:\Program Files\PuTTY\;D:\apps\oracle\product\11.2.0\dbhome_1\bin;C:\Users\yxb\AppData\Local\Microsoft\WindowsApps;;.]
2019-02-14 17:16:38.178 INFO [main][DirectJDKLog.java:173] - Initializing Spring embedded WebApplicationContext
2019-02-14 17:16:38.178 INFO [main][ServletWebServerApplicationContext.java:296] - Root WebApplicationContext: initialization completed in 1680 ms
2019-02-14 17:16:38.280 INFO [main][DruidDataSourceAutoConfigure.java:56] - Init DruidDataSource
2019-02-14 17:16:40.494 INFO [main][DruidDataSource.java:930] - {dataSource-1} inited
2019-02-14 17:16:40.643 INFO [main][LogHelper.java:31] - HHH000204: Processing PersistenceUnitInfo [
	name: default
	...]
2019-02-14 17:16:40.698 INFO [main][Version.java:46] - HHH000412: Hibernate Core {5.3.7.Final}
2019-02-14 17:16:40.699 INFO [main][Environment.java:213] - HHH000206: hibernate.properties not found
2019-02-14 17:16:40.827 INFO [main][JavaReflectionManager.java:49] - HCANN000001: Hibernate Commons Annotations {5.0.4.Final}
2019-02-14 17:16:40.972 INFO [main][Dialect.java:157] - HHH000400: Using dialect: org.hibernate.dialect.MySQL5Dialect
2019-02-14 17:16:41.111 INFO [main][AbstractEntityManagerFactoryBean.java:415] - Initialized JPA EntityManagerFactory for persistence unit 'default'
2019-02-14 17:16:41.520 WARN [main][JpaBaseConfiguration.java:234] - spring.jpa.open-in-view is enabled by default. Therefore, database queries may be performed during view rendering. Explicitly configure spring.jpa.open-in-view to disable this warning
2019-02-14 17:16:41.765 INFO [main][DefaultSecurityFilterChain.java:43] - Creating filter chain: any request, [org.springframework.security.web.context.request.async.WebAsyncManagerIntegrationFilter@729cd862, org.springframework.security.web.context.SecurityContextPersistenceFilter@cfd5cd2, org.springframework.security.web.header.HeaderWriterFilter@63de4fa, org.springframework.security.web.csrf.CsrfFilter@33751d49, org.springframework.security.web.authentication.logout.LogoutFilter@1d283d1, org.springframework.security.web.authentication.UsernamePasswordAuthenticationFilter@64bba0eb, org.springframework.security.web.authentication.ui.DefaultLoginPageGeneratingFilter@2cbe455c, org.springframework.security.web.authentication.ui.DefaultLogoutPageGeneratingFilter@23b71d24, org.springframework.security.web.savedrequest.RequestCacheAwareFilter@6d7740f0, org.springframework.security.web.servletapi.SecurityContextHolderAwareRequestFilter@2fba0dac, org.springframework.security.web.authentication.AnonymousAuthenticationFilter@568f4faa, org.springframework.security.web.session.SessionManagementFilter@18907af2, org.springframework.security.web.access.ExceptionTranslationFilter@7ad889be, org.springframework.security.web.access.intercept.FilterSecurityInterceptor@9729a97]
2019-02-14 17:16:41.791 INFO [main][PropertySourcedRequestMappingHandlerMapping.java:69] - Mapped URL path [/v2/api-docs] onto method [public org.springframework.http.ResponseEntity<springfox.documentation.spring.web.json.Json> springfox.documentation.swagger2.web.Swagger2Controller.getDocumentation(java.lang.String,javax.servlet.http.HttpServletRequest)]
2019-02-14 17:16:41.927 INFO [main][ExecutorConfigurationSupport.java:171] - Initializing ExecutorService 'applicationTaskExecutor'
2019-02-14 17:16:42.073 INFO [main][WelcomePageHandlerMapping.java:61] - Adding welcome page template: index
2019-02-14 17:16:42.188 INFO [main][DocumentationPluginsBootstrapper.java:160] - Context refreshed
2019-02-14 17:16:42.205 INFO [main][DocumentationPluginsBootstrapper.java:163] - Found 1 custom documentation plugin(s)
2019-02-14 17:16:42.234 INFO [main][ApiListingReferenceScanner.java:41] - Scanning for api listing references
2019-02-14 17:16:42.375 INFO [main][CachingOperationNameGenerator.java:40] - Generating unique operation named: sayUsingGET_1
2019-02-14 17:16:42.390 INFO [main][DirectJDKLog.java:173] - Starting ProtocolHandler ["http-nio-53010"]
2019-02-14 17:16:42.402 INFO [main][DirectJDKLog.java:173] - Using a shared selector for servlet write/read
2019-02-14 17:16:42.418 INFO [main][TomcatWebServer.java:204] - Tomcat started on port(s): 53010 (http) with context path ''
2019-02-14 17:16:42.421 INFO [main][StartupInfoLogger.java:59] - Started SpringbootdemoApplication in 6.483 seconds (JVM running for 7.522)
2019-02-14 17:16:51.206 INFO [http-nio-53010-exec-1][DirectJDKLog.java:173] - Initializing Spring DispatcherServlet 'dispatcherServlet'
2019-02-14 17:16:51.207 INFO [http-nio-53010-exec-1][FrameworkServlet.java:524] - Initializing Servlet 'dispatcherServlet'
2019-02-14 17:16:51.216 INFO [http-nio-53010-exec-1][FrameworkServlet.java:546] - Completed initialization in 9 ms
2019-02-14 17:16:54.052 INFO [http-nio-53010-exec-3][UserServiceImpl.java:26] - [service-begin]查询用户：admin
2019-02-14 17:16:54.401 INFO [http-nio-53010-exec-3][UserServiceImpl.java:31] - [service-running]用户名：admin。获取到用户：[User(id=1, username=admin, password=admin, phoneNum=13283829541, createDate=2019-02-14 16:43:43.0, role=null)]
2019-02-14 17:16:54.402 INFO [http-nio-53010-exec-3][UserServiceImpl.java:38] - [service-end]获取用户成功。User(id=1, username=admin, password=admin, phoneNum=13283829541, createDate=2019-02-14 16:43:43.0, role=null)
2019-02-14 17:16:55.384 INFO [http-nio-53010-exec-8][UserServiceImpl.java:26] - [service-begin]查询用户：admin
2019-02-14 17:16:55.435 INFO [http-nio-53010-exec-8][UserServiceImpl.java:31] - [service-running]用户名：admin。获取到用户：[User(id=1, username=admin, password=admin, phoneNum=13283829541, createDate=2019-02-14 16:43:43.0, role=null)]
2019-02-14 17:16:55.435 INFO [http-nio-53010-exec-8][UserServiceImpl.java:38] - [service-end]获取用户成功。User(id=1, username=admin, password=admin, phoneNum=13283829541, createDate=2019-02-14 16:43:43.0, role=null)
2019-02-14 17:30:14.961 INFO [main][StartupInfoLogger.java:50] - Starting SpringbootdemoApplication on LAPTOP-H48RG5JN with PID 21356 (E:\user\docs\workspace\IdeaProjects\springbootdemo\target\classes started by yxb in E:\user\docs\workspace\IdeaProjects\springbootdemo)
2019-02-14 17:30:14.968 INFO [main][SpringApplication.java:679] - The following profiles are active: dev
2019-02-14 17:30:15.851 INFO [main][RepositoryConfigurationDelegate.java:126] - Bootstrapping Spring Data repositories in DEFAULT mode.
2019-02-14 17:30:15.880 INFO [main][RepositoryConfigurationDelegate.java:182] - Finished Spring Data repository scanning in 23ms. Found 0 repository interfaces.
2019-02-14 17:30:16.155 INFO [main][PostProcessorRegistrationDelegate.java:330] - Bean 'org.springframework.transaction.annotation.ProxyTransactionManagementConfiguration' of type [org.springframework.transaction.annotation.ProxyTransactionManagementConfiguration$$EnhancerBySpringCGLIB$$ac326400] is not eligible for getting processed by all BeanPostProcessors (for example: not eligible for auto-proxying)
2019-02-14 17:30:16.185 INFO [main][PostProcessorRegistrationDelegate.java:330] - Bean 'org.springframework.security.config.annotation.configuration.ObjectPostProcessorConfiguration' of type [org.springframework.security.config.annotation.configuration.ObjectPostProcessorConfiguration$$EnhancerBySpringCGLIB$$44e02c3a] is not eligible for getting processed by all BeanPostProcessors (for example: not eligible for auto-proxying)
2019-02-14 17:30:16.190 INFO [main][PostProcessorRegistrationDelegate.java:330] - Bean 'objectPostProcessor' of type [org.springframework.security.config.annotation.configuration.AutowireBeanFactoryObjectPostProcessor] is not eligible for getting processed by all BeanPostProcessors (for example: not eligible for auto-proxying)
2019-02-14 17:30:16.192 INFO [main][PostProcessorRegistrationDelegate.java:330] - Bean 'org.springframework.security.access.expression.method.DefaultMethodSecurityExpressionHandler@6f49d153' of type [org.springframework.security.access.expression.method.DefaultMethodSecurityExpressionHandler] is not eligible for getting processed by all BeanPostProcessors (for example: not eligible for auto-proxying)
2019-02-14 17:30:16.195 INFO [main][PostProcessorRegistrationDelegate.java:330] - Bean 'org.springframework.security.config.annotation.method.configuration.GlobalMethodSecurityConfiguration' of type [org.springframework.security.config.annotation.method.configuration.GlobalMethodSecurityConfiguration$$EnhancerBySpringCGLIB$$69b4ceec] is not eligible for getting processed by all BeanPostProcessors (for example: not eligible for auto-proxying)
2019-02-14 17:30:16.201 INFO [main][PostProcessorRegistrationDelegate.java:330] - Bean 'org.springframework.security.config.annotation.method.configuration.Jsr250MetadataSourceConfiguration' of type [org.springframework.security.config.annotation.method.configuration.Jsr250MetadataSourceConfiguration$$EnhancerBySpringCGLIB$$8f09e702] is not eligible for getting processed by all BeanPostProcessors (for example: not eligible for auto-proxying)
2019-02-14 17:30:16.203 INFO [main][PostProcessorRegistrationDelegate.java:330] - Bean 'jsr250MethodSecurityMetadataSource' of type [org.springframework.security.access.annotation.Jsr250MethodSecurityMetadataSource] is not eligible for getting processed by all BeanPostProcessors (for example: not eligible for auto-proxying)
2019-02-14 17:30:16.204 INFO [main][PostProcessorRegistrationDelegate.java:330] - Bean 'methodSecurityMetadataSource' of type [org.springframework.security.access.method.DelegatingMethodSecurityMetadataSource] is not eligible for getting processed by all BeanPostProcessors (for example: not eligible for auto-proxying)
2019-02-14 17:30:16.501 INFO [main][TomcatWebServer.java:90] - Tomcat initialized with port(s): 53010 (http)
2019-02-14 17:30:16.558 INFO [main][DirectJDKLog.java:173] - Initializing ProtocolHandler ["http-nio-53010"]
2019-02-14 17:30:16.566 INFO [main][DirectJDKLog.java:173] - Starting service [Tomcat]
2019-02-14 17:30:16.566 INFO [main][DirectJDKLog.java:173] - Starting Servlet Engine: Apache Tomcat/9.0.13
2019-02-14 17:30:16.572 INFO [main][DirectJDKLog.java:173] - The APR based Apache Tomcat Native library which allows optimal performance in production environments was not found on the java.library.path: [C:\Program Files\Java\jdk1.8.0_131\bin;C:\Windows\Sun\Java\bin;C:\Windows\system32;C:\Windows;D:\Program Files (x86)\java64\jdk1.7.0_80\bin;D:\Program Files (x86)\java64\jre7\bin;C:\Program Files (x86)\Intel\Intel(R) Management Engine Components\iCLS\;C:\Program Files\Intel\Intel(R) Management Engine Components\iCLS\;C:\Windows\system32;C:\Windows;C:\Windows\System32\Wbem;C:\Windows\System32\WindowsPowerShell\v1.0\;C:\Windows\System32\OpenSSH\;C:\Program Files (x86)\Intel\Intel(R) Management Engine Components\DAL;C:\Program Files\Intel\Intel(R) Management Engine Components\DAL;C:\Program Files (x86)\Intel\Intel(R) Management Engine Components\IPT;C:\Program Files\Intel\Intel(R) Management Engine Components\IPT;C:\Program Files (x86)\NVIDIA Corporation\PhysX\Common;C:\Program Files\Intel\WiFi\bin\;C:\Program Files\Common Files\Intel\WirelessCommon\;C:\Program Files\Git\cmd;D:\apache-maven-3.0.4\M3_HOME\bin;C:\Program Files\PuTTY\;D:\apps\oracle\product\11.2.0\dbhome_1\bin;C:\Users\yxb\AppData\Local\Microsoft\WindowsApps;;.]
2019-02-14 17:30:16.709 INFO [main][DirectJDKLog.java:173] - Initializing Spring embedded WebApplicationContext
2019-02-14 17:30:16.709 INFO [main][ServletWebServerApplicationContext.java:296] - Root WebApplicationContext: initialization completed in 1691 ms
2019-02-14 17:30:16.808 INFO [main][DruidDataSourceAutoConfigure.java:56] - Init DruidDataSource
2019-02-14 17:30:18.937 INFO [main][DruidDataSource.java:930] - {dataSource-1} inited
2019-02-14 17:30:19.084 INFO [main][LogHelper.java:31] - HHH000204: Processing PersistenceUnitInfo [
	name: default
	...]
2019-02-14 17:30:19.141 INFO [main][Version.java:46] - HHH000412: Hibernate Core {5.3.7.Final}
2019-02-14 17:30:19.143 INFO [main][Environment.java:213] - HHH000206: hibernate.properties not found
2019-02-14 17:30:19.270 INFO [main][JavaReflectionManager.java:49] - HCANN000001: Hibernate Commons Annotations {5.0.4.Final}
2019-02-14 17:30:19.545 INFO [main][Dialect.java:157] - HHH000400: Using dialect: org.hibernate.dialect.MySQL5Dialect
2019-02-14 17:30:19.683 INFO [main][AbstractEntityManagerFactoryBean.java:415] - Initialized JPA EntityManagerFactory for persistence unit 'default'
2019-02-14 17:30:20.106 WARN [main][JpaBaseConfiguration.java:234] - spring.jpa.open-in-view is enabled by default. Therefore, database queries may be performed during view rendering. Explicitly configure spring.jpa.open-in-view to disable this warning
2019-02-14 17:30:20.351 INFO [main][DefaultSecurityFilterChain.java:43] - Creating filter chain: any request, [org.springframework.security.web.context.request.async.WebAsyncManagerIntegrationFilter@27bb4dc5, org.springframework.security.web.context.SecurityContextPersistenceFilter@634aa81e, org.springframework.security.web.header.HeaderWriterFilter@23f60b7d, org.springframework.security.web.csrf.CsrfFilter@2296127, org.springframework.security.web.authentication.logout.LogoutFilter@31228d83, org.springframework.security.web.authentication.UsernamePasswordAuthenticationFilter@25de8898, org.springframework.security.web.savedrequest.RequestCacheAwareFilter@52d96367, org.springframework.security.web.servletapi.SecurityContextHolderAwareRequestFilter@21be14c2, org.springframework.security.web.authentication.AnonymousAuthenticationFilter@464ede1f, org.springframework.security.web.session.SessionManagementFilter@4aa3fc9a, org.springframework.security.web.access.ExceptionTranslationFilter@5e37fb82, org.springframework.security.web.access.intercept.FilterSecurityInterceptor@3a5e2525]
2019-02-14 17:30:20.376 INFO [main][PropertySourcedRequestMappingHandlerMapping.java:69] - Mapped URL path [/v2/api-docs] onto method [public org.springframework.http.ResponseEntity<springfox.documentation.spring.web.json.Json> springfox.documentation.swagger2.web.Swagger2Controller.getDocumentation(java.lang.String,javax.servlet.http.HttpServletRequest)]
2019-02-14 17:30:20.511 INFO [main][ExecutorConfigurationSupport.java:171] - Initializing ExecutorService 'applicationTaskExecutor'
2019-02-14 17:30:20.659 INFO [main][WelcomePageHandlerMapping.java:61] - Adding welcome page template: index
2019-02-14 17:30:20.766 INFO [main][DocumentationPluginsBootstrapper.java:160] - Context refreshed
2019-02-14 17:30:20.783 INFO [main][DocumentationPluginsBootstrapper.java:163] - Found 1 custom documentation plugin(s)
2019-02-14 17:30:20.812 INFO [main][ApiListingReferenceScanner.java:41] - Scanning for api listing references
2019-02-14 17:30:20.948 INFO [main][CachingOperationNameGenerator.java:40] - Generating unique operation named: sayUsingGET_1
2019-02-14 17:30:20.965 INFO [main][DirectJDKLog.java:173] - Starting ProtocolHandler ["http-nio-53010"]
2019-02-14 17:30:20.977 INFO [main][DirectJDKLog.java:173] - Using a shared selector for servlet write/read
2019-02-14 17:30:20.991 INFO [main][TomcatWebServer.java:204] - Tomcat started on port(s): 53010 (http) with context path ''
2019-02-14 17:30:20.994 INFO [main][StartupInfoLogger.java:59] - Started SpringbootdemoApplication in 6.575 seconds (JVM running for 7.705)
2019-02-14 17:30:27.047 INFO [http-nio-53010-exec-1][DirectJDKLog.java:173] - Initializing Spring DispatcherServlet 'dispatcherServlet'
2019-02-14 17:30:27.048 INFO [http-nio-53010-exec-1][FrameworkServlet.java:524] - Initializing Servlet 'dispatcherServlet'
2019-02-14 17:30:27.057 INFO [http-nio-53010-exec-1][FrameworkServlet.java:546] - Completed initialization in 9 ms
2019-02-14 17:30:30.759 INFO [http-nio-53010-exec-9][UserServiceImpl.java:26] - [service-begin]查询用户：admin
2019-02-14 17:30:30.931 INFO [http-nio-53010-exec-9][UserServiceImpl.java:31] - [service-running]用户名：admin。获取到用户：[User(id=1, username=admin, password=admin, phoneNum=13283829541, createDate=2019-02-14 16:43:43.0, role=null)]
2019-02-14 17:30:30.931 INFO [http-nio-53010-exec-9][UserServiceImpl.java:38] - [service-end]获取用户成功。User(id=1, username=admin, password=admin, phoneNum=13283829541, createDate=2019-02-14 16:43:43.0, role=null)
2019-02-14 17:30:32.213 INFO [http-nio-53010-exec-6][UserServiceImpl.java:26] - [service-begin]查询用户：admin
2019-02-14 17:30:32.252 INFO [http-nio-53010-exec-6][UserServiceImpl.java:31] - [service-running]用户名：admin。获取到用户：[User(id=1, username=admin, password=admin, phoneNum=13283829541, createDate=2019-02-14 16:43:43.0, role=null)]
2019-02-14 17:30:32.253 INFO [http-nio-53010-exec-6][UserServiceImpl.java:38] - [service-end]获取用户成功。User(id=1, username=admin, password=admin, phoneNum=13283829541, createDate=2019-02-14 16:43:43.0, role=null)
2019-02-14 17:30:32.874 INFO [http-nio-53010-exec-4][UserServiceImpl.java:26] - [service-begin]查询用户：admin
2019-02-14 17:30:32.912 INFO [http-nio-53010-exec-4][UserServiceImpl.java:31] - [service-running]用户名：admin。获取到用户：[User(id=1, username=admin, password=admin, phoneNum=13283829541, createDate=2019-02-14 16:43:43.0, role=null)]
2019-02-14 17:30:32.912 INFO [http-nio-53010-exec-4][UserServiceImpl.java:38] - [service-end]获取用户成功。User(id=1, username=admin, password=admin, phoneNum=13283829541, createDate=2019-02-14 16:43:43.0, role=null)
2019-02-14 17:30:33.162 INFO [http-nio-53010-exec-3][UserServiceImpl.java:26] - [service-begin]查询用户：admin
2019-02-14 17:30:33.199 INFO [http-nio-53010-exec-3][UserServiceImpl.java:31] - [service-running]用户名：admin。获取到用户：[User(id=1, username=admin, password=admin, phoneNum=13283829541, createDate=2019-02-14 16:43:43.0, role=null)]
2019-02-14 17:30:33.200 INFO [http-nio-53010-exec-3][UserServiceImpl.java:38] - [service-end]获取用户成功。User(id=1, username=admin, password=admin, phoneNum=13283829541, createDate=2019-02-14 16:43:43.0, role=null)
2019-02-14 17:30:33.403 INFO [http-nio-53010-exec-10][UserServiceImpl.java:26] - [service-begin]查询用户：admin
2019-02-14 17:30:33.441 INFO [http-nio-53010-exec-10][UserServiceImpl.java:31] - [service-running]用户名：admin。获取到用户：[User(id=1, username=admin, password=admin, phoneNum=13283829541, createDate=2019-02-14 16:43:43.0, role=null)]
2019-02-14 17:30:33.442 INFO [http-nio-53010-exec-10][UserServiceImpl.java:38] - [service-end]获取用户成功。User(id=1, username=admin, password=admin, phoneNum=13283829541, createDate=2019-02-14 16:43:43.0, role=null)
2019-02-14 17:30:33.677 INFO [http-nio-53010-exec-9][UserServiceImpl.java:26] - [service-begin]查询用户：admin
2019-02-14 17:30:33.715 INFO [http-nio-53010-exec-9][UserServiceImpl.java:31] - [service-running]用户名：admin。获取到用户：[User(id=1, username=admin, password=admin, phoneNum=13283829541, createDate=2019-02-14 16:43:43.0, role=null)]
2019-02-14 17:30:33.716 INFO [http-nio-53010-exec-9][UserServiceImpl.java:38] - [service-end]获取用户成功。User(id=1, username=admin, password=admin, phoneNum=13283829541, createDate=2019-02-14 16:43:43.0, role=null)
2019-02-14 17:30:33.912 INFO [http-nio-53010-exec-8][UserServiceImpl.java:26] - [service-begin]查询用户：admin
2019-02-14 17:30:33.950 INFO [http-nio-53010-exec-8][UserServiceImpl.java:31] - [service-running]用户名：admin。获取到用户：[User(id=1, username=admin, password=admin, phoneNum=13283829541, createDate=2019-02-14 16:43:43.0, role=null)]
2019-02-14 17:30:33.950 INFO [http-nio-53010-exec-8][UserServiceImpl.java:38] - [service-end]获取用户成功。User(id=1, username=admin, password=admin, phoneNum=13283829541, createDate=2019-02-14 16:43:43.0, role=null)
2019-02-14 17:30:34.171 INFO [http-nio-53010-exec-4][UserServiceImpl.java:26] - [service-begin]查询用户：admin
2019-02-14 17:30:34.210 INFO [http-nio-53010-exec-4][UserServiceImpl.java:31] - [service-running]用户名：admin。获取到用户：[User(id=1, username=admin, password=admin, phoneNum=13283829541, createDate=2019-02-14 16:43:43.0, role=null)]
2019-02-14 17:30:34.210 INFO [http-nio-53010-exec-4][UserServiceImpl.java:38] - [service-end]获取用户成功。User(id=1, username=admin, password=admin, phoneNum=13283829541, createDate=2019-02-14 16:43:43.0, role=null)
2019-02-14 17:30:36.633 INFO [http-nio-53010-exec-2][UserServiceImpl.java:26] - [service-begin]查询用户：admin
2019-02-14 17:30:36.670 INFO [http-nio-53010-exec-2][UserServiceImpl.java:31] - [service-running]用户名：admin。获取到用户：[User(id=1, username=admin, password=admin, phoneNum=13283829541, createDate=2019-02-14 16:43:43.0, role=null)]
2019-02-14 17:30:36.671 INFO [http-nio-53010-exec-2][UserServiceImpl.java:38] - [service-end]获取用户成功。User(id=1, username=admin, password=admin, phoneNum=13283829541, createDate=2019-02-14 16:43:43.0, role=null)
2019-02-14 17:30:37.574 INFO [http-nio-53010-exec-1][UserServiceImpl.java:26] - [service-begin]查询用户：admin
2019-02-14 17:30:37.612 INFO [http-nio-53010-exec-1][UserServiceImpl.java:31] - [service-running]用户名：admin。获取到用户：[User(id=1, username=admin, password=admin, phoneNum=13283829541, createDate=2019-02-14 16:43:43.0, role=null)]
2019-02-14 17:30:37.612 INFO [http-nio-53010-exec-1][UserServiceImpl.java:38] - [service-end]获取用户成功。User(id=1, username=admin, password=admin, phoneNum=13283829541, createDate=2019-02-14 16:43:43.0, role=null)
2019-02-14 17:30:37.885 INFO [http-nio-53010-exec-7][UserServiceImpl.java:26] - [service-begin]查询用户：admin
2019-02-14 17:30:37.924 INFO [http-nio-53010-exec-7][UserServiceImpl.java:31] - [service-running]用户名：admin。获取到用户：[User(id=1, username=admin, password=admin, phoneNum=13283829541, createDate=2019-02-14 16:43:43.0, role=null)]
2019-02-14 17:30:37.925 INFO [http-nio-53010-exec-7][UserServiceImpl.java:38] - [service-end]获取用户成功。User(id=1, username=admin, password=admin, phoneNum=13283829541, createDate=2019-02-14 16:43:43.0, role=null)
2019-02-14 17:30:38.295 INFO [http-nio-53010-exec-6][UserServiceImpl.java:26] - [service-begin]查询用户：admin
2019-02-14 17:30:38.333 INFO [http-nio-53010-exec-6][UserServiceImpl.java:31] - [service-running]用户名：admin。获取到用户：[User(id=1, username=admin, password=admin, phoneNum=13283829541, createDate=2019-02-14 16:43:43.0, role=null)]
2019-02-14 17:30:38.334 INFO [http-nio-53010-exec-6][UserServiceImpl.java:38] - [service-end]获取用户成功。User(id=1, username=admin, password=admin, phoneNum=13283829541, createDate=2019-02-14 16:43:43.0, role=null)
